{"/Volumes/Isaac Newtons Homework/Codes/ioc/src/index.ts": {"path":"/Volumes/Isaac Newtons Homework/Codes/ioc/src/index.ts","all":false,"statementMap":{"0":{"start":{"line":1,"column":0},"end":{"line":1,"column":59}}},"s":{"0":1},"branchMap":{},"b":{},"fnMap":{},"f":{}}
,"/Volumes/Isaac Newtons Homework/Codes/ioc/src/backends/backend-selector.ts": {"path":"/Volumes/Isaac Newtons Homework/Codes/ioc/src/backends/backend-selector.ts","all":false,"statementMap":{"0":{"start":{"line":1,"column":0},"end":{"line":1,"column":3}},"24":{"start":{"line":25,"column":0},"end":{"line":25,"column":30}},"25":{"start":{"line":26,"column":0},"end":{"line":26,"column":69}},"26":{"start":{"line":27,"column":0},"end":{"line":27,"column":48}},"27":{"start":{"line":28,"column":0},"end":{"line":28,"column":30}},"29":{"start":{"line":30,"column":0},"end":{"line":30,"column":17}},"31":{"start":{"line":32,"column":0},"end":{"line":32,"column":71}},"32":{"start":{"line":33,"column":0},"end":{"line":33,"column":66}},"33":{"start":{"line":34,"column":0},"end":{"line":34,"column":59}},"34":{"start":{"line":35,"column":0},"end":{"line":35,"column":3}},"39":{"start":{"line":40,"column":0},"end":{"line":40,"column":37}},"40":{"start":{"line":41,"column":0},"end":{"line":41,"column":33}},"42":{"start":{"line":43,"column":0},"end":{"line":43,"column":32}},"44":{"start":{"line":45,"column":0},"end":{"line":45,"column":60}},"45":{"start":{"line":46,"column":0},"end":{"line":46,"column":40}},"46":{"start":{"line":47,"column":0},"end":{"line":47,"column":42}},"47":{"start":{"line":48,"column":0},"end":{"line":48,"column":7}},"48":{"start":{"line":49,"column":0},"end":{"line":49,"column":5}},"50":{"start":{"line":51,"column":0},"end":{"line":51,"column":28}},"51":{"start":{"line":52,"column":0},"end":{"line":52,"column":3}},"56":{"start":{"line":57,"column":0},"end":{"line":57,"column":56}},"57":{"start":{"line":58,"column":0},"end":{"line":58,"column":28}},"58":{"start":{"line":59,"column":0},"end":{"line":59,"column":39}},"59":{"start":{"line":60,"column":0},"end":{"line":60,"column":3}},"64":{"start":{"line":65,"column":0},"end":{"line":65,"column":22}},"65":{"start":{"line":66,"column":0},"end":{"line":66,"column":24}},"66":{"start":{"line":67,"column":0},"end":{"line":67,"column":33}},"67":{"start":{"line":68,"column":0},"end":{"line":68,"column":34}},"68":{"start":{"line":69,"column":0},"end":{"line":69,"column":28}},"71":{"start":{"line":72,"column":0},"end":{"line":72,"column":81}},"72":{"start":{"line":73,"column":0},"end":{"line":73,"column":64}},"73":{"start":{"line":74,"column":0},"end":{"line":74,"column":21}},"74":{"start":{"line":75,"column":0},"end":{"line":75,"column":70}},"75":{"start":{"line":76,"column":0},"end":{"line":76,"column":7}},"76":{"start":{"line":77,"column":0},"end":{"line":77,"column":43}},"77":{"start":{"line":78,"column":0},"end":{"line":78,"column":95}},"78":{"start":{"line":79,"column":0},"end":{"line":79,"column":7}},"79":{"start":{"line":80,"column":0},"end":{"line":80,"column":21}},"80":{"start":{"line":81,"column":0},"end":{"line":81,"column":5}},"83":{"start":{"line":84,"column":0},"end":{"line":84,"column":58}},"84":{"start":{"line":85,"column":0},"end":{"line":85,"column":64}},"85":{"start":{"line":86,"column":0},"end":{"line":86,"column":37}},"87":{"start":{"line":88,"column":0},"end":{"line":88,"column":34}},"88":{"start":{"line":89,"column":0},"end":{"line":89,"column":59}},"89":{"start":{"line":90,"column":0},"end":{"line":90,"column":5}},"92":{"start":{"line":93,"column":0},"end":{"line":93,"column":30}},"93":{"start":{"line":94,"column":0},"end":{"line":94,"column":43}},"94":{"start":{"line":95,"column":0},"end":{"line":95,"column":62}},"96":{"start":{"line":97,"column":0},"end":{"line":97,"column":43}},"97":{"start":{"line":98,"column":0},"end":{"line":98,"column":62}},"99":{"start":{"line":100,"column":0},"end":{"line":100,"column":41}},"100":{"start":{"line":101,"column":0},"end":{"line":101,"column":51}},"102":{"start":{"line":103,"column":0},"end":{"line":103,"column":36}},"103":{"start":{"line":104,"column":0},"end":{"line":104,"column":14}},"104":{"start":{"line":105,"column":0},"end":{"line":105,"column":56}},"105":{"start":{"line":106,"column":0},"end":{"line":106,"column":5}},"106":{"start":{"line":107,"column":0},"end":{"line":107,"column":3}},"111":{"start":{"line":112,"column":0},"end":{"line":112,"column":16}},"112":{"start":{"line":113,"column":0},"end":{"line":113,"column":24}},"113":{"start":{"line":114,"column":0},"end":{"line":114,"column":45}},"114":{"start":{"line":115,"column":0},"end":{"line":115,"column":33}},"115":{"start":{"line":116,"column":0},"end":{"line":116,"column":91}},"117":{"start":{"line":118,"column":0},"end":{"line":118,"column":55}},"118":{"start":{"line":119,"column":0},"end":{"line":119,"column":15}},"119":{"start":{"line":120,"column":0},"end":{"line":120,"column":39}},"120":{"start":{"line":121,"column":0},"end":{"line":121,"column":7}},"122":{"start":{"line":123,"column":0},"end":{"line":123,"column":45}},"123":{"start":{"line":124,"column":0},"end":{"line":124,"column":3}},"128":{"start":{"line":129,"column":0},"end":{"line":129,"column":31}},"129":{"start":{"line":130,"column":0},"end":{"line":130,"column":24}},"130":{"start":{"line":131,"column":0},"end":{"line":131,"column":36}},"131":{"start":{"line":132,"column":0},"end":{"line":132,"column":25}},"132":{"start":{"line":133,"column":0},"end":{"line":133,"column":52}},"133":{"start":{"line":134,"column":0},"end":{"line":134,"column":60}},"134":{"start":{"line":135,"column":0},"end":{"line":135,"column":67}},"135":{"start":{"line":136,"column":0},"end":{"line":136,"column":52}},"136":{"start":{"line":137,"column":0},"end":{"line":137,"column":7}},"137":{"start":{"line":138,"column":0},"end":{"line":138,"column":3}},"142":{"start":{"line":143,"column":0},"end":{"line":143,"column":31}},"143":{"start":{"line":144,"column":0},"end":{"line":144,"column":25}},"144":{"start":{"line":145,"column":0},"end":{"line":145,"column":36}},"145":{"start":{"line":146,"column":0},"end":{"line":146,"column":25}},"146":{"start":{"line":147,"column":0},"end":{"line":147,"column":52}},"147":{"start":{"line":148,"column":0},"end":{"line":148,"column":55}},"148":{"start":{"line":149,"column":0},"end":{"line":149,"column":62}},"149":{"start":{"line":150,"column":0},"end":{"line":150,"column":54}},"150":{"start":{"line":151,"column":0},"end":{"line":151,"column":7}},"151":{"start":{"line":152,"column":0},"end":{"line":152,"column":3}},"156":{"start":{"line":157,"column":0},"end":{"line":157,"column":84}},"158":{"start":{"line":159,"column":0},"end":{"line":159,"column":43}},"159":{"start":{"line":160,"column":0},"end":{"line":160,"column":23}},"160":{"start":{"line":161,"column":0},"end":{"line":161,"column":29}},"161":{"start":{"line":162,"column":0},"end":{"line":162,"column":23}},"162":{"start":{"line":163,"column":0},"end":{"line":163,"column":6}},"164":{"start":{"line":165,"column":0},"end":{"line":165,"column":40}},"165":{"start":{"line":166,"column":0},"end":{"line":166,"column":62}},"166":{"start":{"line":167,"column":0},"end":{"line":167,"column":34}},"167":{"start":{"line":168,"column":0},"end":{"line":168,"column":5}},"170":{"start":{"line":171,"column":0},"end":{"line":171,"column":64}},"171":{"start":{"line":172,"column":0},"end":{"line":172,"column":3}},"176":{"start":{"line":177,"column":0},"end":{"line":177,"column":25}},"177":{"start":{"line":178,"column":0},"end":{"line":178,"column":24}},"178":{"start":{"line":179,"column":0},"end":{"line":179,"column":36}},"179":{"start":{"line":180,"column":0},"end":{"line":180,"column":25}},"186":{"start":{"line":187,"column":0},"end":{"line":187,"column":65}},"187":{"start":{"line":188,"column":0},"end":{"line":188,"column":67}},"188":{"start":{"line":189,"column":0},"end":{"line":189,"column":59}},"191":{"start":{"line":192,"column":0},"end":{"line":192,"column":62}},"194":{"start":{"line":195,"column":0},"end":{"line":195,"column":57}},"196":{"start":{"line":197,"column":0},"end":{"line":197,"column":32}},"197":{"start":{"line":198,"column":0},"end":{"line":198,"column":7}},"200":{"start":{"line":201,"column":0},"end":{"line":201,"column":45}},"202":{"start":{"line":203,"column":0},"end":{"line":203,"column":27}},"203":{"start":{"line":204,"column":0},"end":{"line":204,"column":16}},"204":{"start":{"line":205,"column":0},"end":{"line":205,"column":61}},"205":{"start":{"line":206,"column":0},"end":{"line":206,"column":5}},"206":{"start":{"line":207,"column":0},"end":{"line":207,"column":24}},"207":{"start":{"line":208,"column":0},"end":{"line":208,"column":3}},"212":{"start":{"line":213,"column":0},"end":{"line":213,"column":69}},"213":{"start":{"line":214,"column":0},"end":{"line":214,"column":35}},"214":{"start":{"line":215,"column":0},"end":{"line":215,"column":3}},"219":{"start":{"line":220,"column":0},"end":{"line":220,"column":65}},"220":{"start":{"line":221,"column":0},"end":{"line":221,"column":28}},"221":{"start":{"line":222,"column":0},"end":{"line":222,"column":49}},"222":{"start":{"line":223,"column":0},"end":{"line":223,"column":3}},"223":{"start":{"line":224,"column":0},"end":{"line":224,"column":1}},"228":{"start":{"line":229,"column":0},"end":{"line":229,"column":53}}},"s":{"0":1,"24":1,"25":1,"26":32,"27":32,"29":1,"31":32,"32":32,"33":32,"34":32,"39":1,"40":29,"42":24,"44":29,"45":72,"46":48,"47":48,"48":72,"50":24,"51":29,"56":1,"57":6,"58":6,"59":6,"64":1,"65":18,"66":18,"67":18,"68":18,"71":18,"72":4,"73":4,"74":1,"75":1,"76":4,"77":1,"78":1,"79":2,"80":2,"83":14,"84":14,"85":14,"87":18,"88":0,"89":0,"92":14,"93":18,"94":2,"96":18,"97":1,"99":18,"100":1,"102":18,"103":18,"104":10,"105":18,"106":18,"111":1,"112":5,"113":5,"114":5,"115":5,"117":5,"118":5,"119":5,"120":5,"122":5,"123":5,"128":1,"129":2,"130":2,"131":2,"132":2,"133":2,"134":2,"135":2,"136":2,"137":2,"142":1,"143":1,"144":1,"145":1,"146":1,"147":1,"148":1,"149":1,"150":1,"151":1,"156":1,"158":1,"159":1,"160":1,"161":1,"162":1,"164":1,"165":1,"166":1,"167":1,"170":0,"171":1,"176":1,"177":10,"178":10,"179":10,"186":10,"187":20,"188":20,"191":20,"194":20,"196":20,"197":10,"200":10,"202":10,"203":10,"204":0,"205":0,"206":10,"207":10,"212":1,"213":3,"214":3,"219":1,"220":2,"221":2,"222":2,"223":1,"228":1},"branchMap":{"0":{"type":"branch","line":26,"loc":{"start":{"line":26,"column":10},"end":{"line":28,"column":30}},"locations":[{"start":{"line":26,"column":10},"end":{"line":28,"column":30}}]},"1":{"type":"branch","line":30,"loc":{"start":{"line":30,"column":2},"end":{"line":35,"column":3}},"locations":[{"start":{"line":30,"column":2},"end":{"line":35,"column":3}}]},"2":{"type":"branch","line":40,"loc":{"start":{"line":40,"column":2},"end":{"line":52,"column":3}},"locations":[{"start":{"line":40,"column":2},"end":{"line":52,"column":3}}]},"3":{"type":"branch","line":41,"loc":{"start":{"line":41,"column":26},"end":{"line":41,"column":33}},"locations":[{"start":{"line":41,"column":26},"end":{"line":41,"column":33}}]},"4":{"type":"branch","line":41,"loc":{"start":{"line":41,"column":26},"end":{"line":45,"column":59}},"locations":[{"start":{"line":41,"column":26},"end":{"line":45,"column":59}}]},"5":{"type":"branch","line":45,"loc":{"start":{"line":45,"column":59},"end":{"line":49,"column":5}},"locations":[{"start":{"line":45,"column":59},"end":{"line":49,"column":5}}]},"6":{"type":"branch","line":46,"loc":{"start":{"line":46,"column":39},"end":{"line":48,"column":7}},"locations":[{"start":{"line":46,"column":39},"end":{"line":48,"column":7}}]},"7":{"type":"branch","line":49,"loc":{"start":{"line":49,"column":4},"end":{"line":51,"column":28}},"locations":[{"start":{"line":49,"column":4},"end":{"line":51,"column":28}}]},"8":{"type":"branch","line":57,"loc":{"start":{"line":57,"column":2},"end":{"line":60,"column":3}},"locations":[{"start":{"line":57,"column":2},"end":{"line":60,"column":3}}]},"9":{"type":"branch","line":65,"loc":{"start":{"line":65,"column":2},"end":{"line":107,"column":3}},"locations":[{"start":{"line":65,"column":2},"end":{"line":107,"column":3}}]},"10":{"type":"branch","line":72,"loc":{"start":{"line":72,"column":44},"end":{"line":72,"column":80}},"locations":[{"start":{"line":72,"column":44},"end":{"line":72,"column":80}}]},"11":{"type":"branch","line":72,"loc":{"start":{"line":72,"column":80},"end":{"line":81,"column":5}},"locations":[{"start":{"line":72,"column":80},"end":{"line":81,"column":5}}]},"12":{"type":"branch","line":74,"loc":{"start":{"line":74,"column":20},"end":{"line":76,"column":7}},"locations":[{"start":{"line":74,"column":20},"end":{"line":76,"column":7}}]},"13":{"type":"branch","line":76,"loc":{"start":{"line":76,"column":6},"end":{"line":77,"column":42}},"locations":[{"start":{"line":76,"column":6},"end":{"line":77,"column":42}}]},"14":{"type":"branch","line":77,"loc":{"start":{"line":77,"column":42},"end":{"line":79,"column":7}},"locations":[{"start":{"line":77,"column":42},"end":{"line":79,"column":7}}]},"15":{"type":"branch","line":79,"loc":{"start":{"line":79,"column":6},"end":{"line":81,"column":5}},"locations":[{"start":{"line":79,"column":6},"end":{"line":81,"column":5}}]},"16":{"type":"branch","line":81,"loc":{"start":{"line":81,"column":4},"end":{"line":88,"column":33}},"locations":[{"start":{"line":81,"column":4},"end":{"line":88,"column":33}}]},"17":{"type":"branch","line":88,"loc":{"start":{"line":88,"column":33},"end":{"line":90,"column":5}},"locations":[{"start":{"line":88,"column":33},"end":{"line":90,"column":5}}]},"18":{"type":"branch","line":90,"loc":{"start":{"line":90,"column":4},"end":{"line":93,"column":30}},"locations":[{"start":{"line":90,"column":4},"end":{"line":93,"column":30}}]},"19":{"type":"branch","line":94,"loc":{"start":{"line":94,"column":6},"end":{"line":95,"column":62}},"locations":[{"start":{"line":94,"column":6},"end":{"line":95,"column":62}}]},"20":{"type":"branch","line":97,"loc":{"start":{"line":97,"column":6},"end":{"line":98,"column":62}},"locations":[{"start":{"line":97,"column":6},"end":{"line":98,"column":62}}]},"21":{"type":"branch","line":100,"loc":{"start":{"line":100,"column":6},"end":{"line":101,"column":51}},"locations":[{"start":{"line":100,"column":6},"end":{"line":101,"column":51}}]},"22":{"type":"branch","line":103,"loc":{"start":{"line":103,"column":6},"end":{"line":103,"column":36}},"locations":[{"start":{"line":103,"column":6},"end":{"line":103,"column":36}}]},"23":{"type":"branch","line":104,"loc":{"start":{"line":104,"column":6},"end":{"line":105,"column":56}},"locations":[{"start":{"line":104,"column":6},"end":{"line":105,"column":56}}]},"24":{"type":"branch","line":85,"loc":{"start":{"line":85,"column":14},"end":{"line":85,"column":63}},"locations":[{"start":{"line":85,"column":14},"end":{"line":85,"column":63}}]},"25":{"type":"branch","line":86,"loc":{"start":{"line":86,"column":11},"end":{"line":86,"column":35}},"locations":[{"start":{"line":86,"column":11},"end":{"line":86,"column":35}}]},"26":{"type":"branch","line":112,"loc":{"start":{"line":112,"column":2},"end":{"line":124,"column":3}},"locations":[{"start":{"line":112,"column":2},"end":{"line":124,"column":3}}]},"27":{"type":"branch","line":116,"loc":{"start":{"line":116,"column":29},"end":{"line":116,"column":66}},"locations":[{"start":{"line":116,"column":29},"end":{"line":116,"column":66}}]},"28":{"type":"branch","line":116,"loc":{"start":{"line":116,"column":55},"end":{"line":116,"column":91}},"locations":[{"start":{"line":116,"column":55},"end":{"line":116,"column":91}}]},"29":{"type":"branch","line":129,"loc":{"start":{"line":129,"column":10},"end":{"line":138,"column":3}},"locations":[{"start":{"line":129,"column":10},"end":{"line":138,"column":3}}]},"30":{"type":"branch","line":133,"loc":{"start":{"line":133,"column":29},"end":{"line":137,"column":5}},"locations":[{"start":{"line":133,"column":29},"end":{"line":137,"column":5}}]},"31":{"type":"branch","line":136,"loc":{"start":{"line":136,"column":20},"end":{"line":136,"column":44}},"locations":[{"start":{"line":136,"column":20},"end":{"line":136,"column":44}}]},"32":{"type":"branch","line":143,"loc":{"start":{"line":143,"column":10},"end":{"line":152,"column":3}},"locations":[{"start":{"line":143,"column":10},"end":{"line":152,"column":3}}]},"33":{"type":"branch","line":147,"loc":{"start":{"line":147,"column":29},"end":{"line":151,"column":5}},"locations":[{"start":{"line":147,"column":29},"end":{"line":151,"column":5}}]},"34":{"type":"branch","line":150,"loc":{"start":{"line":150,"column":36},"end":{"line":150,"column":54}},"locations":[{"start":{"line":150,"column":36},"end":{"line":150,"column":54}}]},"35":{"type":"branch","line":157,"loc":{"start":{"line":157,"column":10},"end":{"line":172,"column":3}},"locations":[{"start":{"line":157,"column":10},"end":{"line":172,"column":3}}]},"36":{"type":"branch","line":168,"loc":{"start":{"line":168,"column":4},"end":{"line":171,"column":64}},"locations":[{"start":{"line":168,"column":4},"end":{"line":171,"column":64}}]},"37":{"type":"branch","line":166,"loc":{"start":{"line":166,"column":38},"end":{"line":166,"column":60}},"locations":[{"start":{"line":166,"column":38},"end":{"line":166,"column":60}}]},"38":{"type":"branch","line":177,"loc":{"start":{"line":177,"column":10},"end":{"line":208,"column":3}},"locations":[{"start":{"line":177,"column":10},"end":{"line":208,"column":3}}]},"39":{"type":"branch","line":204,"loc":{"start":{"line":204,"column":15},"end":{"line":206,"column":5}},"locations":[{"start":{"line":204,"column":15},"end":{"line":206,"column":5}}]},"40":{"type":"branch","line":187,"loc":{"start":{"line":187,"column":51},"end":{"line":198,"column":5}},"locations":[{"start":{"line":187,"column":51},"end":{"line":198,"column":5}}]},"41":{"type":"branch","line":201,"loc":{"start":{"line":201,"column":16},"end":{"line":201,"column":43}},"locations":[{"start":{"line":201,"column":16},"end":{"line":201,"column":43}}]},"42":{"type":"branch","line":213,"loc":{"start":{"line":213,"column":2},"end":{"line":215,"column":3}},"locations":[{"start":{"line":213,"column":2},"end":{"line":215,"column":3}}]},"43":{"type":"branch","line":220,"loc":{"start":{"line":220,"column":2},"end":{"line":223,"column":3}},"locations":[{"start":{"line":220,"column":2},"end":{"line":223,"column":3}}]}},"b":{"0":[32],"1":[32],"2":[29],"3":[5],"4":[24],"5":[72],"6":[48],"7":[24],"8":[6],"9":[18],"10":[4],"11":[4],"12":[1],"13":[3],"14":[1],"15":[2],"16":[14],"17":[0],"18":[14],"19":[2],"20":[1],"21":[1],"22":[9],"23":[10],"24":[42],"25":[28],"26":[5],"27":[1],"28":[4],"29":[2],"30":[2],"31":[0],"32":[1],"33":[1],"34":[0],"35":[1],"36":[0],"37":[2],"38":[10],"39":[0],"40":[20],"41":[10],"42":[3],"43":[2]},"fnMap":{"0":{"name":"<instance_members_initializer>","decl":{"start":{"line":26,"column":10},"end":{"line":28,"column":30}},"loc":{"start":{"line":26,"column":10},"end":{"line":28,"column":30}},"line":26},"1":{"name":"BackendSelector","decl":{"start":{"line":30,"column":2},"end":{"line":35,"column":3}},"loc":{"start":{"line":30,"column":2},"end":{"line":35,"column":3}},"line":30},"2":{"name":"initialize","decl":{"start":{"line":40,"column":2},"end":{"line":52,"column":3}},"loc":{"start":{"line":40,"column":2},"end":{"line":52,"column":3}},"line":40},"3":{"name":"getAvailableBackends","decl":{"start":{"line":57,"column":2},"end":{"line":60,"column":3}},"loc":{"start":{"line":57,"column":2},"end":{"line":60,"column":3}},"line":57},"4":{"name":"selectBackend","decl":{"start":{"line":65,"column":2},"end":{"line":107,"column":3}},"loc":{"start":{"line":65,"column":2},"end":{"line":107,"column":3}},"line":65},"5":{"name":"compile","decl":{"start":{"line":112,"column":2},"end":{"line":124,"column":3}},"loc":{"start":{"line":112,"column":2},"end":{"line":124,"column":3}},"line":112},"6":{"name":"selectFastestCompile","decl":{"start":{"line":129,"column":10},"end":{"line":138,"column":3}},"loc":{"start":{"line":129,"column":10},"end":{"line":138,"column":3}},"line":129},"7":{"name":"selectFastestRuntime","decl":{"start":{"line":143,"column":10},"end":{"line":152,"column":3}},"loc":{"start":{"line":143,"column":10},"end":{"line":152,"column":3}},"line":143},"8":{"name":"selectMostPortable","decl":{"start":{"line":157,"column":10},"end":{"line":172,"column":3}},"loc":{"start":{"line":157,"column":10},"end":{"line":172,"column":3}},"line":157},"9":{"name":"selectBalanced","decl":{"start":{"line":177,"column":10},"end":{"line":208,"column":3}},"loc":{"start":{"line":177,"column":10},"end":{"line":208,"column":3}},"line":177},"10":{"name":"getBackendInfo","decl":{"start":{"line":213,"column":2},"end":{"line":215,"column":3}},"loc":{"start":{"line":213,"column":2},"end":{"line":215,"column":3}},"line":213},"11":{"name":"isBackendAvailable","decl":{"start":{"line":220,"column":2},"end":{"line":223,"column":3}},"loc":{"start":{"line":220,"column":2},"end":{"line":223,"column":3}},"line":220}},"f":{"0":32,"1":32,"2":29,"3":6,"4":18,"5":5,"6":2,"7":1,"8":1,"9":10,"10":3,"11":2}}
,"/Volumes/Isaac Newtons Homework/Codes/ioc/src/backends/index.ts": {"path":"/Volumes/Isaac Newtons Homework/Codes/ioc/src/backends/index.ts","all":false,"statementMap":{"0":{"start":{"line":1,"column":0},"end":{"line":1,"column":3}}},"s":{"0":1},"branchMap":{},"b":{},"fnMap":{},"f":{}}
,"/Volumes/Isaac Newtons Homework/Codes/ioc/src/backends/javascript-backend.ts": {"path":"/Volumes/Isaac Newtons Homework/Codes/ioc/src/backends/javascript-backend.ts","all":false,"statementMap":{"0":{"start":{"line":1,"column":0},"end":{"line":1,"column":3}},"18":{"start":{"line":19,"column":0},"end":{"line":19,"column":62}},"19":{"start":{"line":20,"column":0},"end":{"line":20,"column":54}},"20":{"start":{"line":21,"column":0},"end":{"line":21,"column":31}},"22":{"start":{"line":23,"column":0},"end":{"line":23,"column":41}},"24":{"start":{"line":25,"column":0},"end":{"line":25,"column":16}},"25":{"start":{"line":26,"column":0},"end":{"line":26,"column":3}},"27":{"start":{"line":28,"column":0},"end":{"line":28,"column":16}},"28":{"start":{"line":29,"column":0},"end":{"line":29,"column":24}},"29":{"start":{"line":30,"column":0},"end":{"line":30,"column":45}},"30":{"start":{"line":31,"column":0},"end":{"line":31,"column":33}},"31":{"start":{"line":32,"column":0},"end":{"line":32,"column":40}},"33":{"start":{"line":34,"column":0},"end":{"line":34,"column":9}},"35":{"start":{"line":36,"column":0},"end":{"line":36,"column":53}},"36":{"start":{"line":37,"column":0},"end":{"line":37,"column":30}},"37":{"start":{"line":38,"column":0},"end":{"line":38,"column":76}},"38":{"start":{"line":39,"column":0},"end":{"line":39,"column":7}},"41":{"start":{"line":42,"column":0},"end":{"line":42,"column":51}},"44":{"start":{"line":45,"column":0},"end":{"line":45,"column":40}},"47":{"start":{"line":48,"column":0},"end":{"line":48,"column":27}},"48":{"start":{"line":49,"column":0},"end":{"line":49,"column":85}},"50":{"start":{"line":51,"column":0},"end":{"line":51,"column":53}},"51":{"start":{"line":52,"column":0},"end":{"line":52,"column":54}},"53":{"start":{"line":54,"column":0},"end":{"line":54,"column":59}},"54":{"start":{"line":55,"column":0},"end":{"line":55,"column":14}},"56":{"start":{"line":57,"column":0},"end":{"line":57,"column":37}},"57":{"start":{"line":58,"column":0},"end":{"line":58,"column":7}},"59":{"start":{"line":60,"column":0},"end":{"line":60,"column":60}},"61":{"start":{"line":62,"column":0},"end":{"line":62,"column":14}},"62":{"start":{"line":63,"column":0},"end":{"line":63,"column":27}},"63":{"start":{"line":64,"column":0},"end":{"line":64,"column":48}},"64":{"start":{"line":65,"column":0},"end":{"line":65,"column":17}},"65":{"start":{"line":66,"column":0},"end":{"line":66,"column":24}},"66":{"start":{"line":67,"column":0},"end":{"line":67,"column":19}},"67":{"start":{"line":68,"column":0},"end":{"line":68,"column":53}},"68":{"start":{"line":69,"column":0},"end":{"line":69,"column":71}},"69":{"start":{"line":70,"column":0},"end":{"line":70,"column":10}},"70":{"start":{"line":71,"column":0},"end":{"line":71,"column":8}},"71":{"start":{"line":72,"column":0},"end":{"line":72,"column":26}},"72":{"start":{"line":73,"column":0},"end":{"line":73,"column":73}},"73":{"start":{"line":74,"column":0},"end":{"line":74,"column":5}},"74":{"start":{"line":75,"column":0},"end":{"line":75,"column":3}},"76":{"start":{"line":77,"column":0},"end":{"line":77,"column":57}},"78":{"start":{"line":79,"column":0},"end":{"line":79,"column":49}},"79":{"start":{"line":80,"column":0},"end":{"line":80,"column":65}},"81":{"start":{"line":82,"column":0},"end":{"line":82,"column":39}},"82":{"start":{"line":83,"column":0},"end":{"line":83,"column":26}},"83":{"start":{"line":84,"column":0},"end":{"line":84,"column":36}},"84":{"start":{"line":85,"column":0},"end":{"line":85,"column":85}},"85":{"start":{"line":86,"column":0},"end":{"line":86,"column":73}},"88":{"start":{"line":89,"column":0},"end":{"line":89,"column":58}},"89":{"start":{"line":90,"column":0},"end":{"line":90,"column":24}},"90":{"start":{"line":91,"column":0},"end":{"line":91,"column":41}},"91":{"start":{"line":92,"column":0},"end":{"line":92,"column":12}},"93":{"start":{"line":94,"column":0},"end":{"line":94,"column":49}},"94":{"start":{"line":95,"column":0},"end":{"line":95,"column":28}},"95":{"start":{"line":96,"column":0},"end":{"line":96,"column":90}},"96":{"start":{"line":97,"column":0},"end":{"line":97,"column":14}},"97":{"start":{"line":98,"column":0},"end":{"line":98,"column":11}},"99":{"start":{"line":100,"column":0},"end":{"line":100,"column":77}},"100":{"start":{"line":101,"column":0},"end":{"line":101,"column":16}},"101":{"start":{"line":102,"column":0},"end":{"line":102,"column":9}},"103":{"start":{"line":104,"column":0},"end":{"line":104,"column":33}},"104":{"start":{"line":105,"column":0},"end":{"line":105,"column":82}},"105":{"start":{"line":106,"column":0},"end":{"line":106,"column":73}},"108":{"start":{"line":109,"column":0},"end":{"line":109,"column":58}},"109":{"start":{"line":110,"column":0},"end":{"line":110,"column":24}},"110":{"start":{"line":111,"column":0},"end":{"line":111,"column":41}},"111":{"start":{"line":112,"column":0},"end":{"line":112,"column":12}},"113":{"start":{"line":114,"column":0},"end":{"line":114,"column":49}},"114":{"start":{"line":115,"column":0},"end":{"line":115,"column":28}},"115":{"start":{"line":116,"column":0},"end":{"line":116,"column":87}},"116":{"start":{"line":117,"column":0},"end":{"line":117,"column":14}},"117":{"start":{"line":118,"column":0},"end":{"line":118,"column":11}},"119":{"start":{"line":120,"column":0},"end":{"line":120,"column":74}},"120":{"start":{"line":121,"column":0},"end":{"line":121,"column":16}},"121":{"start":{"line":122,"column":0},"end":{"line":122,"column":9}},"123":{"start":{"line":124,"column":0},"end":{"line":124,"column":36}},"124":{"start":{"line":125,"column":0},"end":{"line":125,"column":85}},"125":{"start":{"line":126,"column":0},"end":{"line":126,"column":70}},"126":{"start":{"line":127,"column":0},"end":{"line":127,"column":42}},"127":{"start":{"line":128,"column":0},"end":{"line":128,"column":16}},"128":{"start":{"line":129,"column":0},"end":{"line":129,"column":9}},"130":{"start":{"line":131,"column":0},"end":{"line":131,"column":34}},"131":{"start":{"line":132,"column":0},"end":{"line":132,"column":83}},"132":{"start":{"line":133,"column":0},"end":{"line":133,"column":36}},"133":{"start":{"line":134,"column":0},"end":{"line":134,"column":72}},"134":{"start":{"line":135,"column":0},"end":{"line":135,"column":53}},"135":{"start":{"line":136,"column":0},"end":{"line":136,"column":56}},"136":{"start":{"line":137,"column":0},"end":{"line":137,"column":36}},"137":{"start":{"line":138,"column":0},"end":{"line":138,"column":36}},"138":{"start":{"line":139,"column":0},"end":{"line":139,"column":54}},"139":{"start":{"line":140,"column":0},"end":{"line":140,"column":17}},"140":{"start":{"line":141,"column":0},"end":{"line":141,"column":67}},"141":{"start":{"line":142,"column":0},"end":{"line":142,"column":15}},"142":{"start":{"line":143,"column":0},"end":{"line":143,"column":18}},"143":{"start":{"line":144,"column":0},"end":{"line":144,"column":53}},"144":{"start":{"line":145,"column":0},"end":{"line":145,"column":47}},"145":{"start":{"line":146,"column":0},"end":{"line":146,"column":67}},"146":{"start":{"line":147,"column":0},"end":{"line":147,"column":15}},"147":{"start":{"line":148,"column":0},"end":{"line":148,"column":11}},"148":{"start":{"line":149,"column":0},"end":{"line":149,"column":16}},"149":{"start":{"line":150,"column":0},"end":{"line":150,"column":9}},"151":{"start":{"line":152,"column":0},"end":{"line":152,"column":38}},"152":{"start":{"line":153,"column":0},"end":{"line":153,"column":87}},"153":{"start":{"line":154,"column":0},"end":{"line":154,"column":36}},"154":{"start":{"line":155,"column":0},"end":{"line":155,"column":72}},"155":{"start":{"line":156,"column":0},"end":{"line":156,"column":53}},"156":{"start":{"line":157,"column":0},"end":{"line":157,"column":37}},"157":{"start":{"line":158,"column":0},"end":{"line":158,"column":32}},"158":{"start":{"line":159,"column":0},"end":{"line":159,"column":41}},"159":{"start":{"line":160,"column":0},"end":{"line":160,"column":40}},"160":{"start":{"line":161,"column":0},"end":{"line":161,"column":37}},"161":{"start":{"line":162,"column":0},"end":{"line":162,"column":32}},"162":{"start":{"line":163,"column":0},"end":{"line":163,"column":36}},"163":{"start":{"line":164,"column":0},"end":{"line":164,"column":17}},"164":{"start":{"line":165,"column":0},"end":{"line":165,"column":15}},"165":{"start":{"line":166,"column":0},"end":{"line":166,"column":28}},"166":{"start":{"line":167,"column":0},"end":{"line":167,"column":15}},"167":{"start":{"line":168,"column":0},"end":{"line":168,"column":18}},"168":{"start":{"line":169,"column":0},"end":{"line":169,"column":73}},"169":{"start":{"line":170,"column":0},"end":{"line":170,"column":11}},"170":{"start":{"line":171,"column":0},"end":{"line":171,"column":16}},"171":{"start":{"line":172,"column":0},"end":{"line":172,"column":9}},"173":{"start":{"line":174,"column":0},"end":{"line":174,"column":37}},"174":{"start":{"line":175,"column":0},"end":{"line":175,"column":86}},"175":{"start":{"line":176,"column":0},"end":{"line":176,"column":42}},"176":{"start":{"line":177,"column":0},"end":{"line":177,"column":69}},"177":{"start":{"line":178,"column":0},"end":{"line":178,"column":16}},"178":{"start":{"line":179,"column":0},"end":{"line":179,"column":9}},"180":{"start":{"line":181,"column":0},"end":{"line":181,"column":35}},"181":{"start":{"line":182,"column":0},"end":{"line":182,"column":84}},"182":{"start":{"line":183,"column":0},"end":{"line":183,"column":89}},"183":{"start":{"line":184,"column":0},"end":{"line":184,"column":16}},"184":{"start":{"line":185,"column":0},"end":{"line":185,"column":9}},"186":{"start":{"line":187,"column":0},"end":{"line":187,"column":16}},"188":{"start":{"line":189,"column":0},"end":{"line":189,"column":16}},"189":{"start":{"line":190,"column":0},"end":{"line":190,"column":7}},"190":{"start":{"line":191,"column":0},"end":{"line":191,"column":5}},"193":{"start":{"line":194,"column":0},"end":{"line":194,"column":83}},"194":{"start":{"line":195,"column":0},"end":{"line":195,"column":59}},"196":{"start":{"line":197,"column":0},"end":{"line":197,"column":32}},"197":{"start":{"line":198,"column":0},"end":{"line":198,"column":45}},"200":{"start":{"line":201,"column":0},"end":{"line":201,"column":51}},"201":{"start":{"line":202,"column":0},"end":{"line":202,"column":48}},"202":{"start":{"line":203,"column":0},"end":{"line":203,"column":7}},"205":{"start":{"line":206,"column":0},"end":{"line":206,"column":41}},"206":{"start":{"line":207,"column":0},"end":{"line":207,"column":51}},"207":{"start":{"line":208,"column":0},"end":{"line":208,"column":87}},"208":{"start":{"line":209,"column":0},"end":{"line":209,"column":45}},"209":{"start":{"line":210,"column":0},"end":{"line":210,"column":9}},"210":{"start":{"line":211,"column":0},"end":{"line":211,"column":7}},"213":{"start":{"line":214,"column":0},"end":{"line":214,"column":44}},"214":{"start":{"line":215,"column":0},"end":{"line":215,"column":41}},"215":{"start":{"line":216,"column":0},"end":{"line":216,"column":28}},"217":{"start":{"line":218,"column":0},"end":{"line":218,"column":88}},"218":{"start":{"line":219,"column":0},"end":{"line":219,"column":34}},"219":{"start":{"line":220,"column":0},"end":{"line":220,"column":9}},"221":{"start":{"line":222,"column":0},"end":{"line":222,"column":40}},"222":{"start":{"line":223,"column":0},"end":{"line":223,"column":18}},"223":{"start":{"line":224,"column":0},"end":{"line":224,"column":70}},"224":{"start":{"line":225,"column":0},"end":{"line":225,"column":9}},"227":{"start":{"line":228,"column":0},"end":{"line":228,"column":58}},"228":{"start":{"line":229,"column":0},"end":{"line":229,"column":45}},"229":{"start":{"line":230,"column":0},"end":{"line":230,"column":36}},"230":{"start":{"line":231,"column":0},"end":{"line":231,"column":76}},"231":{"start":{"line":232,"column":0},"end":{"line":232,"column":11}},"232":{"start":{"line":233,"column":0},"end":{"line":233,"column":23}},"233":{"start":{"line":234,"column":0},"end":{"line":234,"column":11}},"236":{"start":{"line":237,"column":0},"end":{"line":237,"column":13}},"237":{"start":{"line":238,"column":0},"end":{"line":238,"column":44}},"238":{"start":{"line":239,"column":0},"end":{"line":239,"column":38}},"239":{"start":{"line":240,"column":0},"end":{"line":240,"column":30}},"240":{"start":{"line":241,"column":0},"end":{"line":241,"column":97}},"241":{"start":{"line":242,"column":0},"end":{"line":242,"column":9}},"242":{"start":{"line":243,"column":0},"end":{"line":243,"column":7}},"245":{"start":{"line":246,"column":0},"end":{"line":246,"column":41}},"246":{"start":{"line":247,"column":0},"end":{"line":247,"column":48}},"247":{"start":{"line":248,"column":0},"end":{"line":248,"column":14}},"248":{"start":{"line":249,"column":0},"end":{"line":249,"column":60}},"249":{"start":{"line":250,"column":0},"end":{"line":250,"column":7}},"250":{"start":{"line":251,"column":0},"end":{"line":251,"column":6}},"251":{"start":{"line":252,"column":0},"end":{"line":252,"column":3}},"256":{"start":{"line":257,"column":0},"end":{"line":257,"column":60}},"257":{"start":{"line":258,"column":0},"end":{"line":258,"column":65}},"258":{"start":{"line":259,"column":0},"end":{"line":259,"column":38}},"259":{"start":{"line":260,"column":0},"end":{"line":260,"column":31}},"261":{"start":{"line":262,"column":0},"end":{"line":262,"column":39}},"262":{"start":{"line":263,"column":0},"end":{"line":263,"column":38}},"263":{"start":{"line":264,"column":0},"end":{"line":264,"column":26}},"265":{"start":{"line":266,"column":0},"end":{"line":266,"column":39}},"266":{"start":{"line":267,"column":0},"end":{"line":267,"column":24}},"268":{"start":{"line":269,"column":0},"end":{"line":269,"column":42}},"269":{"start":{"line":270,"column":0},"end":{"line":270,"column":23}},"270":{"start":{"line":271,"column":0},"end":{"line":271,"column":7}},"272":{"start":{"line":273,"column":0},"end":{"line":273,"column":25}},"273":{"start":{"line":274,"column":0},"end":{"line":274,"column":6}},"275":{"start":{"line":276,"column":0},"end":{"line":276,"column":45}},"276":{"start":{"line":277,"column":0},"end":{"line":277,"column":22}},"277":{"start":{"line":278,"column":0},"end":{"line":278,"column":5}},"279":{"start":{"line":280,"column":0},"end":{"line":280,"column":17}},"280":{"start":{"line":281,"column":0},"end":{"line":281,"column":3}},"282":{"start":{"line":283,"column":0},"end":{"line":283,"column":56}},"284":{"start":{"line":285,"column":0},"end":{"line":285,"column":36}},"285":{"start":{"line":286,"column":0},"end":{"line":286,"column":3}},"287":{"start":{"line":288,"column":0},"end":{"line":288,"column":38}},"290":{"start":{"line":291,"column":0},"end":{"line":291,"column":13}},"291":{"start":{"line":292,"column":0},"end":{"line":292,"column":3}},"292":{"start":{"line":293,"column":0},"end":{"line":293,"column":1}}},"s":{"0":1,"18":1,"19":1,"20":79,"22":1,"24":26,"25":26,"27":1,"28":48,"29":48,"30":48,"31":48,"33":48,"35":48,"36":48,"37":0,"38":0,"41":48,"44":48,"47":48,"48":48,"50":48,"51":48,"53":0,"54":0,"56":0,"57":0,"59":48,"61":48,"62":48,"63":48,"64":48,"65":48,"66":48,"67":48,"68":48,"69":48,"70":48,"71":48,"72":0,"73":0,"74":48,"76":1,"78":48,"79":48,"81":48,"82":113,"83":113,"84":35,"85":35,"88":35,"89":35,"90":35,"91":35,"93":35,"94":0,"95":0,"96":0,"97":0,"99":35,"100":35,"101":35,"103":113,"104":19,"105":19,"108":19,"109":19,"110":19,"111":19,"113":19,"114":0,"115":0,"116":0,"117":0,"119":19,"120":19,"121":19,"123":113,"124":10,"125":10,"126":10,"127":10,"128":10,"130":113,"131":0,"132":0,"133":0,"134":0,"135":0,"136":0,"137":0,"138":0,"139":0,"140":0,"141":0,"142":0,"143":0,"144":0,"145":0,"146":0,"147":0,"148":0,"149":0,"151":113,"152":0,"153":0,"154":0,"155":0,"156":0,"157":0,"158":0,"159":0,"160":0,"161":0,"162":0,"163":0,"164":0,"165":0,"166":0,"167":0,"168":0,"169":0,"170":0,"171":0,"173":113,"174":0,"175":0,"176":0,"177":0,"178":0,"180":113,"181":0,"182":0,"183":0,"184":0,"186":113,"188":49,"189":113,"190":113,"193":48,"194":48,"196":48,"197":47,"200":47,"201":47,"202":47,"205":47,"206":111,"207":0,"208":0,"209":0,"210":111,"213":47,"214":111,"215":111,"217":111,"218":47,"219":47,"221":64,"222":111,"223":0,"224":0,"227":64,"228":64,"229":64,"230":0,"231":0,"232":64,"233":64,"236":64,"237":64,"238":64,"239":111,"240":0,"241":0,"242":111,"245":47,"246":47,"247":47,"248":0,"249":0,"250":47,"251":48,"256":1,"257":48,"258":48,"259":48,"261":48,"262":113,"263":113,"265":113,"266":113,"268":113,"269":65,"270":65,"272":113,"273":113,"275":48,"276":48,"277":48,"279":48,"280":48,"282":1,"284":12,"285":12,"287":1,"290":11,"291":11,"292":1},"branchMap":{"0":{"type":"branch","line":20,"loc":{"start":{"line":20,"column":11},"end":{"line":21,"column":31}},"locations":[{"start":{"line":20,"column":11},"end":{"line":21,"column":31}}]},"1":{"type":"branch","line":23,"loc":{"start":{"line":23,"column":2},"end":{"line":26,"column":3}},"locations":[{"start":{"line":23,"column":2},"end":{"line":26,"column":3}}]},"2":{"type":"branch","line":28,"loc":{"start":{"line":28,"column":2},"end":{"line":75,"column":3}},"locations":[{"start":{"line":28,"column":2},"end":{"line":75,"column":3}}]},"3":{"type":"branch","line":37,"loc":{"start":{"line":37,"column":29},"end":{"line":39,"column":7}},"locations":[{"start":{"line":37,"column":29},"end":{"line":39,"column":7}}]},"4":{"type":"branch","line":52,"loc":{"start":{"line":52,"column":6},"end":{"line":58,"column":7}},"locations":[{"start":{"line":52,"column":6},"end":{"line":58,"column":7}}]},"5":{"type":"branch","line":68,"loc":{"start":{"line":68,"column":26},"end":{"line":68,"column":43}},"locations":[{"start":{"line":68,"column":26},"end":{"line":68,"column":43}}]},"6":{"type":"branch","line":72,"loc":{"start":{"line":72,"column":4},"end":{"line":74,"column":5}},"locations":[{"start":{"line":72,"column":4},"end":{"line":74,"column":5}}]},"7":{"type":"branch","line":77,"loc":{"start":{"line":77,"column":10},"end":{"line":252,"column":3}},"locations":[{"start":{"line":77,"column":10},"end":{"line":252,"column":3}}]},"8":{"type":"branch","line":82,"loc":{"start":{"line":82,"column":38},"end":{"line":191,"column":5}},"locations":[{"start":{"line":82,"column":38},"end":{"line":191,"column":5}}]},"9":{"type":"branch","line":84,"loc":{"start":{"line":84,"column":8},"end":{"line":102,"column":9}},"locations":[{"start":{"line":84,"column":8},"end":{"line":102,"column":9}}]},"10":{"type":"branch","line":94,"loc":{"start":{"line":94,"column":48},"end":{"line":98,"column":11}},"locations":[{"start":{"line":94,"column":48},"end":{"line":98,"column":11}}]},"11":{"type":"branch","line":104,"loc":{"start":{"line":104,"column":8},"end":{"line":122,"column":9}},"locations":[{"start":{"line":104,"column":8},"end":{"line":122,"column":9}}]},"12":{"type":"branch","line":114,"loc":{"start":{"line":114,"column":48},"end":{"line":118,"column":11}},"locations":[{"start":{"line":114,"column":48},"end":{"line":118,"column":11}}]},"13":{"type":"branch","line":124,"loc":{"start":{"line":124,"column":8},"end":{"line":129,"column":9}},"locations":[{"start":{"line":124,"column":8},"end":{"line":129,"column":9}}]},"14":{"type":"branch","line":131,"loc":{"start":{"line":131,"column":8},"end":{"line":150,"column":9}},"locations":[{"start":{"line":131,"column":8},"end":{"line":150,"column":9}}]},"15":{"type":"branch","line":152,"loc":{"start":{"line":152,"column":8},"end":{"line":172,"column":9}},"locations":[{"start":{"line":152,"column":8},"end":{"line":172,"column":9}}]},"16":{"type":"branch","line":174,"loc":{"start":{"line":174,"column":8},"end":{"line":179,"column":9}},"locations":[{"start":{"line":174,"column":8},"end":{"line":179,"column":9}}]},"17":{"type":"branch","line":181,"loc":{"start":{"line":181,"column":8},"end":{"line":185,"column":9}},"locations":[{"start":{"line":181,"column":8},"end":{"line":185,"column":9}}]},"18":{"type":"branch","line":187,"loc":{"start":{"line":187,"column":8},"end":{"line":189,"column":16}},"locations":[{"start":{"line":187,"column":8},"end":{"line":189,"column":16}}]},"19":{"type":"branch","line":80,"loc":{"start":{"line":80,"column":46},"end":{"line":80,"column":62}},"locations":[{"start":{"line":80,"column":46},"end":{"line":80,"column":62}}]},"20":{"type":"branch","line":100,"loc":{"start":{"line":100,"column":32},"end":{"line":100,"column":75}},"locations":[{"start":{"line":100,"column":32},"end":{"line":100,"column":75}}]},"21":{"type":"branch","line":120,"loc":{"start":{"line":120,"column":32},"end":{"line":120,"column":72}},"locations":[{"start":{"line":120,"column":32},"end":{"line":120,"column":72}}]},"22":{"type":"branch","line":194,"loc":{"start":{"line":194,"column":44},"end":{"line":194,"column":81}},"locations":[{"start":{"line":194,"column":44},"end":{"line":194,"column":81}}]},"23":{"type":"branch","line":197,"loc":{"start":{"line":197,"column":11},"end":{"line":251,"column":6}},"locations":[{"start":{"line":197,"column":11},"end":{"line":251,"column":6}}]},"24":{"type":"branch","line":206,"loc":{"start":{"line":206,"column":40},"end":{"line":211,"column":7}},"locations":[{"start":{"line":206,"column":40},"end":{"line":211,"column":7}}]},"25":{"type":"branch","line":207,"loc":{"start":{"line":207,"column":50},"end":{"line":210,"column":9}},"locations":[{"start":{"line":207,"column":50},"end":{"line":210,"column":9}}]},"26":{"type":"branch","line":214,"loc":{"start":{"line":214,"column":43},"end":{"line":243,"column":7}},"locations":[{"start":{"line":214,"column":43},"end":{"line":243,"column":7}}]},"27":{"type":"branch","line":216,"loc":{"start":{"line":216,"column":19},"end":{"line":216,"column":28}},"locations":[{"start":{"line":216,"column":19},"end":{"line":216,"column":28}}]},"28":{"type":"branch","line":218,"loc":{"start":{"line":218,"column":40},"end":{"line":218,"column":87}},"locations":[{"start":{"line":218,"column":40},"end":{"line":218,"column":87}}]},"29":{"type":"branch","line":218,"loc":{"start":{"line":218,"column":87},"end":{"line":220,"column":9}},"locations":[{"start":{"line":218,"column":87},"end":{"line":220,"column":9}}]},"30":{"type":"branch","line":220,"loc":{"start":{"line":220,"column":8},"end":{"line":223,"column":17}},"locations":[{"start":{"line":220,"column":8},"end":{"line":223,"column":17}}]},"31":{"type":"branch","line":223,"loc":{"start":{"line":223,"column":17},"end":{"line":225,"column":9}},"locations":[{"start":{"line":223,"column":17},"end":{"line":225,"column":9}}]},"32":{"type":"branch","line":225,"loc":{"start":{"line":225,"column":8},"end":{"line":240,"column":17}},"locations":[{"start":{"line":225,"column":8},"end":{"line":240,"column":17}}]},"33":{"type":"branch","line":240,"loc":{"start":{"line":240,"column":8},"end":{"line":242,"column":9}},"locations":[{"start":{"line":240,"column":8},"end":{"line":242,"column":9}}]},"34":{"type":"branch","line":248,"loc":{"start":{"line":248,"column":6},"end":{"line":250,"column":7}},"locations":[{"start":{"line":248,"column":6},"end":{"line":250,"column":7}}]},"35":{"type":"branch","line":228,"loc":{"start":{"line":228,"column":44},"end":{"line":234,"column":9}},"locations":[{"start":{"line":228,"column":44},"end":{"line":234,"column":9}}]},"36":{"type":"branch","line":230,"loc":{"start":{"line":230,"column":35},"end":{"line":232,"column":11}},"locations":[{"start":{"line":230,"column":35},"end":{"line":232,"column":11}}]},"37":{"type":"branch","line":257,"loc":{"start":{"line":257,"column":10},"end":{"line":281,"column":3}},"locations":[{"start":{"line":257,"column":10},"end":{"line":281,"column":3}}]},"38":{"type":"branch","line":258,"loc":{"start":{"line":258,"column":46},"end":{"line":258,"column":62}},"locations":[{"start":{"line":258,"column":46},"end":{"line":258,"column":62}}]},"39":{"type":"branch","line":262,"loc":{"start":{"line":262,"column":18},"end":{"line":274,"column":6}},"locations":[{"start":{"line":262,"column":18},"end":{"line":274,"column":6}}]},"40":{"type":"branch","line":263,"loc":{"start":{"line":263,"column":31},"end":{"line":263,"column":38}},"locations":[{"start":{"line":263,"column":31},"end":{"line":263,"column":38}}]},"41":{"type":"branch","line":267,"loc":{"start":{"line":267,"column":17},"end":{"line":267,"column":24}},"locations":[{"start":{"line":267,"column":17},"end":{"line":267,"column":24}}]},"42":{"type":"branch","line":269,"loc":{"start":{"line":269,"column":41},"end":{"line":271,"column":7}},"locations":[{"start":{"line":269,"column":41},"end":{"line":271,"column":7}}]},"43":{"type":"branch","line":283,"loc":{"start":{"line":283,"column":2},"end":{"line":286,"column":3}},"locations":[{"start":{"line":283,"column":2},"end":{"line":286,"column":3}}]},"44":{"type":"branch","line":288,"loc":{"start":{"line":288,"column":2},"end":{"line":292,"column":3}},"locations":[{"start":{"line":288,"column":2},"end":{"line":292,"column":3}}]}},"b":{"0":[79],"1":[26],"2":[48],"3":[0],"4":[0],"5":[0],"6":[0],"7":[48],"8":[113],"9":[35],"10":[0],"11":[19],"12":[0],"13":[10],"14":[0],"15":[0],"16":[0],"17":[0],"18":[49],"19":[113],"20":[35],"21":[19],"22":[113],"23":[47],"24":[111],"25":[0],"26":[111],"27":[0],"28":[64],"29":[47],"30":[64],"31":[0],"32":[64],"33":[0],"34":[0],"35":[64],"36":[0],"37":[48],"38":[113],"39":[113],"40":[0],"41":[0],"42":[65],"43":[12],"44":[11]},"fnMap":{"0":{"name":"<instance_members_initializer>","decl":{"start":{"line":20,"column":11},"end":{"line":21,"column":31}},"loc":{"start":{"line":20,"column":11},"end":{"line":21,"column":31}},"line":20},"1":{"name":"isAvailable","decl":{"start":{"line":23,"column":2},"end":{"line":26,"column":3}},"loc":{"start":{"line":23,"column":2},"end":{"line":26,"column":3}},"line":23},"2":{"name":"compile","decl":{"start":{"line":28,"column":2},"end":{"line":75,"column":3}},"loc":{"start":{"line":28,"column":2},"end":{"line":75,"column":3}},"line":28},"3":{"name":"compileProgram","decl":{"start":{"line":77,"column":10},"end":{"line":252,"column":3}},"loc":{"start":{"line":77,"column":10},"end":{"line":252,"column":3}},"line":77},"4":{"name":"getExecutionOrder","decl":{"start":{"line":257,"column":10},"end":{"line":281,"column":3}},"loc":{"start":{"line":257,"column":10},"end":{"line":281,"column":3}},"line":257},"5":{"name":"visit","decl":{"start":{"line":262,"column":18},"end":{"line":274,"column":6}},"loc":{"start":{"line":262,"column":18},"end":{"line":274,"column":6}},"line":262},"6":{"name":"estimateCompilationTime","decl":{"start":{"line":283,"column":2},"end":{"line":286,"column":3}},"loc":{"start":{"line":283,"column":2},"end":{"line":286,"column":3}},"line":283},"7":{"name":"estimatePerformanceScore","decl":{"start":{"line":288,"column":2},"end":{"line":292,"column":3}},"loc":{"start":{"line":288,"column":2},"end":{"line":292,"column":3}},"line":288}},"f":{"0":79,"1":26,"2":48,"3":48,"4":48,"5":113,"6":12,"7":11}}
,"/Volumes/Isaac Newtons Homework/Codes/ioc/src/backends/llvm-backend.ts": {"path":"/Volumes/Isaac Newtons Homework/Codes/ioc/src/backends/llvm-backend.ts","all":false,"statementMap":{"0":{"start":{"line":1,"column":0},"end":{"line":1,"column":3}},"16":{"start":{"line":17,"column":0},"end":{"line":17,"column":23}},"17":{"start":{"line":18,"column":0},"end":{"line":18,"column":30}},"18":{"start":{"line":19,"column":0},"end":{"line":19,"column":28}},"19":{"start":{"line":20,"column":0},"end":{"line":20,"column":25}},"21":{"start":{"line":22,"column":0},"end":{"line":22,"column":28}},"22":{"start":{"line":23,"column":0},"end":{"line":23,"column":25}},"23":{"start":{"line":24,"column":0},"end":{"line":24,"column":3}},"25":{"start":{"line":26,"column":0},"end":{"line":26,"column":27}},"26":{"start":{"line":27,"column":0},"end":{"line":27,"column":38}},"27":{"start":{"line":28,"column":0},"end":{"line":28,"column":3}},"29":{"start":{"line":30,"column":0},"end":{"line":30,"column":24}},"30":{"start":{"line":31,"column":0},"end":{"line":31,"column":39}},"31":{"start":{"line":32,"column":0},"end":{"line":32,"column":3}},"33":{"start":{"line":34,"column":0},"end":{"line":34,"column":22}},"34":{"start":{"line":35,"column":0},"end":{"line":35,"column":32}},"35":{"start":{"line":36,"column":0},"end":{"line":36,"column":3}},"36":{"start":{"line":37,"column":0},"end":{"line":37,"column":1}},"38":{"start":{"line":39,"column":0},"end":{"line":39,"column":56}},"39":{"start":{"line":40,"column":0},"end":{"line":40,"column":48}},"40":{"start":{"line":41,"column":0},"end":{"line":41,"column":25}},"42":{"start":{"line":43,"column":0},"end":{"line":43,"column":47}},"44":{"start":{"line":45,"column":0},"end":{"line":45,"column":41}},"45":{"start":{"line":46,"column":0},"end":{"line":46,"column":38}},"46":{"start":{"line":47,"column":0},"end":{"line":47,"column":32}},"47":{"start":{"line":48,"column":0},"end":{"line":48,"column":5}},"49":{"start":{"line":50,"column":0},"end":{"line":50,"column":9}},"52":{"start":{"line":53,"column":0},"end":{"line":53,"column":67}},"53":{"start":{"line":54,"column":0},"end":{"line":54,"column":41}},"54":{"start":{"line":55,"column":0},"end":{"line":55,"column":32}},"55":{"start":{"line":56,"column":0},"end":{"line":56,"column":13}},"56":{"start":{"line":57,"column":0},"end":{"line":57,"column":33}},"57":{"start":{"line":58,"column":0},"end":{"line":58,"column":19}},"58":{"start":{"line":59,"column":0},"end":{"line":59,"column":5}},"59":{"start":{"line":60,"column":0},"end":{"line":60,"column":3}},"61":{"start":{"line":62,"column":0},"end":{"line":62,"column":16}},"62":{"start":{"line":63,"column":0},"end":{"line":63,"column":24}},"63":{"start":{"line":64,"column":0},"end":{"line":64,"column":45}},"64":{"start":{"line":65,"column":0},"end":{"line":65,"column":33}},"65":{"start":{"line":66,"column":0},"end":{"line":66,"column":40}},"67":{"start":{"line":68,"column":0},"end":{"line":68,"column":38}},"68":{"start":{"line":69,"column":0},"end":{"line":69,"column":22}},"69":{"start":{"line":70,"column":0},"end":{"line":70,"column":86}},"70":{"start":{"line":71,"column":0},"end":{"line":71,"column":8}},"71":{"start":{"line":72,"column":0},"end":{"line":72,"column":5}},"73":{"start":{"line":74,"column":0},"end":{"line":74,"column":9}},"75":{"start":{"line":76,"column":0},"end":{"line":76,"column":59}},"78":{"start":{"line":79,"column":0},"end":{"line":79,"column":78}},"80":{"start":{"line":81,"column":0},"end":{"line":81,"column":60}},"82":{"start":{"line":83,"column":0},"end":{"line":83,"column":14}},"83":{"start":{"line":84,"column":0},"end":{"line":84,"column":27}},"84":{"start":{"line":85,"column":0},"end":{"line":85,"column":48}},"85":{"start":{"line":86,"column":0},"end":{"line":86,"column":17}},"86":{"start":{"line":87,"column":0},"end":{"line":87,"column":24}},"87":{"start":{"line":88,"column":0},"end":{"line":88,"column":19}},"88":{"start":{"line":89,"column":0},"end":{"line":89,"column":53}},"89":{"start":{"line":90,"column":0},"end":{"line":90,"column":84}},"90":{"start":{"line":91,"column":0},"end":{"line":91,"column":10}},"91":{"start":{"line":92,"column":0},"end":{"line":92,"column":8}},"92":{"start":{"line":93,"column":0},"end":{"line":93,"column":26}},"93":{"start":{"line":94,"column":0},"end":{"line":94,"column":67}},"94":{"start":{"line":95,"column":0},"end":{"line":95,"column":5}},"95":{"start":{"line":96,"column":0},"end":{"line":96,"column":3}},"103":{"start":{"line":104,"column":0},"end":{"line":104,"column":94}},"104":{"start":{"line":105,"column":0},"end":{"line":105,"column":38}},"107":{"start":{"line":108,"column":0},"end":{"line":108,"column":43}},"108":{"start":{"line":109,"column":0},"end":{"line":109,"column":52}},"109":{"start":{"line":110,"column":0},"end":{"line":110,"column":13}},"110":{"start":{"line":111,"column":0},"end":{"line":111,"column":100}},"111":{"start":{"line":112,"column":0},"end":{"line":112,"column":6}},"112":{"start":{"line":113,"column":0},"end":{"line":113,"column":59}},"113":{"start":{"line":114,"column":0},"end":{"line":114,"column":17}},"116":{"start":{"line":117,"column":0},"end":{"line":117,"column":44}},"117":{"start":{"line":118,"column":0},"end":{"line":118,"column":65}},"118":{"start":{"line":119,"column":0},"end":{"line":119,"column":92}},"119":{"start":{"line":120,"column":0},"end":{"line":120,"column":87}},"120":{"start":{"line":121,"column":0},"end":{"line":121,"column":76}},"121":{"start":{"line":122,"column":0},"end":{"line":122,"column":70}},"122":{"start":{"line":123,"column":0},"end":{"line":123,"column":43}},"123":{"start":{"line":124,"column":0},"end":{"line":124,"column":42}},"124":{"start":{"line":125,"column":0},"end":{"line":125,"column":17}},"127":{"start":{"line":128,"column":0},"end":{"line":128,"column":43}},"130":{"start":{"line":131,"column":0},"end":{"line":131,"column":42}},"131":{"start":{"line":132,"column":0},"end":{"line":132,"column":77}},"132":{"start":{"line":133,"column":0},"end":{"line":133,"column":23}},"136":{"start":{"line":137,"column":0},"end":{"line":137,"column":42}},"137":{"start":{"line":138,"column":0},"end":{"line":138,"column":70}},"140":{"start":{"line":141,"column":0},"end":{"line":141,"column":35}},"141":{"start":{"line":142,"column":0},"end":{"line":142,"column":54}},"142":{"start":{"line":143,"column":0},"end":{"line":143,"column":35}},"143":{"start":{"line":144,"column":0},"end":{"line":144,"column":18}},"144":{"start":{"line":145,"column":0},"end":{"line":145,"column":17}},"146":{"start":{"line":147,"column":0},"end":{"line":147,"column":26}},"147":{"start":{"line":148,"column":0},"end":{"line":148,"column":3}},"152":{"start":{"line":153,"column":0},"end":{"line":153,"column":80}},"153":{"start":{"line":154,"column":0},"end":{"line":154,"column":54}},"154":{"start":{"line":155,"column":0},"end":{"line":155,"column":17}},"156":{"start":{"line":157,"column":0},"end":{"line":157,"column":27}},"157":{"start":{"line":158,"column":0},"end":{"line":158,"column":27}},"159":{"start":{"line":160,"column":0},"end":{"line":160,"column":39}},"160":{"start":{"line":161,"column":0},"end":{"line":161,"column":35}},"162":{"start":{"line":163,"column":0},"end":{"line":163,"column":76}},"163":{"start":{"line":164,"column":0},"end":{"line":164,"column":27}},"164":{"start":{"line":165,"column":0},"end":{"line":165,"column":40}},"165":{"start":{"line":166,"column":0},"end":{"line":166,"column":64}},"166":{"start":{"line":167,"column":0},"end":{"line":167,"column":34}},"167":{"start":{"line":168,"column":0},"end":{"line":168,"column":22}},"168":{"start":{"line":169,"column":0},"end":{"line":169,"column":21}},"169":{"start":{"line":170,"column":0},"end":{"line":170,"column":25}},"170":{"start":{"line":171,"column":0},"end":{"line":171,"column":39}},"172":{"start":{"line":173,"column":0},"end":{"line":173,"column":80}},"173":{"start":{"line":174,"column":0},"end":{"line":174,"column":27}},"174":{"start":{"line":175,"column":0},"end":{"line":175,"column":40}},"175":{"start":{"line":176,"column":0},"end":{"line":176,"column":64}},"176":{"start":{"line":177,"column":0},"end":{"line":177,"column":40}},"177":{"start":{"line":178,"column":0},"end":{"line":178,"column":22}},"178":{"start":{"line":179,"column":0},"end":{"line":179,"column":21}},"179":{"start":{"line":180,"column":0},"end":{"line":180,"column":25}},"180":{"start":{"line":181,"column":0},"end":{"line":181,"column":7}},"181":{"start":{"line":182,"column":0},"end":{"line":182,"column":5}},"182":{"start":{"line":183,"column":0},"end":{"line":183,"column":3}},"192":{"start":{"line":193,"column":0},"end":{"line":193,"column":30}},"193":{"start":{"line":194,"column":0},"end":{"line":194,"column":20}},"194":{"start":{"line":195,"column":0},"end":{"line":195,"column":41}},"195":{"start":{"line":196,"column":0},"end":{"line":196,"column":55}},"203":{"start":{"line":204,"column":0},"end":{"line":204,"column":20}},"204":{"start":{"line":205,"column":0},"end":{"line":205,"column":59}},"207":{"start":{"line":208,"column":0},"end":{"line":208,"column":6}},"208":{"start":{"line":209,"column":0},"end":{"line":209,"column":3}},"213":{"start":{"line":214,"column":0},"end":{"line":214,"column":58}},"214":{"start":{"line":215,"column":0},"end":{"line":215,"column":20}},"215":{"start":{"line":216,"column":0},"end":{"line":216,"column":13}},"216":{"start":{"line":217,"column":0},"end":{"line":217,"column":18}},"217":{"start":{"line":218,"column":0},"end":{"line":218,"column":13}},"218":{"start":{"line":219,"column":0},"end":{"line":219,"column":57}},"219":{"start":{"line":220,"column":0},"end":{"line":220,"column":13}},"220":{"start":{"line":221,"column":0},"end":{"line":221,"column":81}},"221":{"start":{"line":222,"column":0},"end":{"line":222,"column":13}},"222":{"start":{"line":223,"column":0},"end":{"line":223,"column":16}},"223":{"start":{"line":224,"column":0},"end":{"line":224,"column":20}},"224":{"start":{"line":225,"column":0},"end":{"line":225,"column":24}},"225":{"start":{"line":226,"column":0},"end":{"line":226,"column":24}},"226":{"start":{"line":227,"column":0},"end":{"line":227,"column":19}},"227":{"start":{"line":228,"column":0},"end":{"line":228,"column":16}},"228":{"start":{"line":229,"column":0},"end":{"line":229,"column":16}},"229":{"start":{"line":230,"column":0},"end":{"line":230,"column":24}},"230":{"start":{"line":231,"column":0},"end":{"line":231,"column":22}},"231":{"start":{"line":232,"column":0},"end":{"line":232,"column":35}},"232":{"start":{"line":233,"column":0},"end":{"line":233,"column":10}},"233":{"start":{"line":234,"column":0},"end":{"line":234,"column":14}},"234":{"start":{"line":235,"column":0},"end":{"line":235,"column":18}},"235":{"start":{"line":236,"column":0},"end":{"line":236,"column":5}},"236":{"start":{"line":237,"column":0},"end":{"line":237,"column":3}},"238":{"start":{"line":239,"column":0},"end":{"line":239,"column":56}},"241":{"start":{"line":242,"column":0},"end":{"line":242,"column":37}},"242":{"start":{"line":243,"column":0},"end":{"line":243,"column":3}},"244":{"start":{"line":245,"column":0},"end":{"line":245,"column":38}},"247":{"start":{"line":248,"column":0},"end":{"line":248,"column":14}},"248":{"start":{"line":249,"column":0},"end":{"line":249,"column":3}},"249":{"start":{"line":250,"column":0},"end":{"line":250,"column":1}}},"s":{"0":1,"16":1,"17":1,"18":0,"19":0,"21":1,"22":0,"23":0,"25":1,"26":0,"27":0,"29":1,"30":0,"31":0,"33":1,"34":0,"35":0,"36":1,"38":1,"39":1,"40":55,"42":55,"44":1,"45":40,"46":2,"47":2,"49":38,"52":38,"53":38,"54":38,"55":40,"56":0,"57":0,"58":0,"59":40,"61":1,"62":10,"63":10,"64":10,"65":10,"67":10,"68":10,"69":10,"70":10,"71":10,"73":0,"75":0,"78":0,"80":0,"82":0,"83":0,"84":0,"85":0,"86":0,"87":0,"88":10,"89":10,"90":10,"91":10,"92":10,"93":0,"94":0,"95":10,"103":1,"104":0,"107":0,"108":0,"109":0,"110":0,"111":0,"112":0,"113":0,"116":0,"117":0,"118":0,"119":0,"120":0,"121":0,"122":0,"123":0,"124":0,"127":0,"130":0,"131":0,"132":0,"136":0,"137":0,"140":0,"141":0,"142":0,"143":0,"144":0,"146":0,"147":0,"152":1,"153":0,"154":0,"156":0,"157":0,"159":0,"160":0,"162":0,"163":0,"164":0,"165":0,"166":0,"167":0,"168":0,"169":0,"170":0,"172":0,"173":0,"174":0,"175":0,"176":0,"177":0,"178":0,"179":0,"180":0,"181":0,"182":0,"192":1,"193":0,"194":0,"195":0,"203":0,"204":0,"207":0,"208":0,"213":1,"214":0,"215":0,"216":0,"217":0,"218":0,"219":0,"220":0,"221":0,"222":0,"223":0,"224":0,"225":0,"226":0,"227":0,"228":0,"229":0,"230":0,"231":0,"232":0,"233":0,"234":0,"235":0,"236":0,"238":1,"241":5,"242":5,"244":1,"247":4,"248":4,"249":1},"branchMap":{"0":{"type":"branch","line":18,"loc":{"start":{"line":18,"column":10},"end":{"line":20,"column":25}},"locations":[{"start":{"line":18,"column":10},"end":{"line":20,"column":25}}]},"1":{"type":"branch","line":40,"loc":{"start":{"line":40,"column":11},"end":{"line":43,"column":47}},"locations":[{"start":{"line":40,"column":11},"end":{"line":43,"column":47}}]},"2":{"type":"branch","line":45,"loc":{"start":{"line":45,"column":2},"end":{"line":60,"column":3}},"locations":[{"start":{"line":45,"column":2},"end":{"line":60,"column":3}}]},"3":{"type":"branch","line":46,"loc":{"start":{"line":46,"column":37},"end":{"line":48,"column":5}},"locations":[{"start":{"line":46,"column":37},"end":{"line":48,"column":5}}]},"4":{"type":"branch","line":48,"loc":{"start":{"line":48,"column":4},"end":{"line":56,"column":12}},"locations":[{"start":{"line":48,"column":4},"end":{"line":56,"column":12}}]},"5":{"type":"branch","line":56,"loc":{"start":{"line":56,"column":4},"end":{"line":59,"column":5}},"locations":[{"start":{"line":56,"column":4},"end":{"line":59,"column":5}}]},"6":{"type":"branch","line":53,"loc":{"start":{"line":53,"column":55},"end":{"line":53,"column":65}},"locations":[{"start":{"line":53,"column":55},"end":{"line":53,"column":65}}]},"7":{"type":"branch","line":62,"loc":{"start":{"line":62,"column":2},"end":{"line":96,"column":3}},"locations":[{"start":{"line":62,"column":2},"end":{"line":96,"column":3}}]},"8":{"type":"branch","line":72,"loc":{"start":{"line":72,"column":4},"end":{"line":89,"column":43}},"locations":[{"start":{"line":72,"column":4},"end":{"line":89,"column":43}}]},"9":{"type":"branch","line":89,"loc":{"start":{"line":89,"column":34},"end":{"line":89,"column":53}},"locations":[{"start":{"line":89,"column":34},"end":{"line":89,"column":53}}]},"10":{"type":"branch","line":90,"loc":{"start":{"line":90,"column":60},"end":{"line":90,"column":82}},"locations":[{"start":{"line":90,"column":60},"end":{"line":90,"column":82}}]},"11":{"type":"branch","line":93,"loc":{"start":{"line":93,"column":4},"end":{"line":95,"column":5}},"locations":[{"start":{"line":93,"column":4},"end":{"line":95,"column":5}}]},"12":{"type":"branch","line":239,"loc":{"start":{"line":239,"column":2},"end":{"line":243,"column":3}},"locations":[{"start":{"line":239,"column":2},"end":{"line":243,"column":3}}]},"13":{"type":"branch","line":245,"loc":{"start":{"line":245,"column":2},"end":{"line":249,"column":3}},"locations":[{"start":{"line":245,"column":2},"end":{"line":249,"column":3}}]}},"b":{"0":[0],"1":[55],"2":[40],"3":[2],"4":[38],"5":[0],"6":[38],"7":[10],"8":[0],"9":[0],"10":[0],"11":[0],"12":[5],"13":[4]},"fnMap":{"0":{"name":"<instance_members_initializer>","decl":{"start":{"line":18,"column":10},"end":{"line":20,"column":25}},"loc":{"start":{"line":18,"column":10},"end":{"line":20,"column":25}},"line":18},"1":{"name":"emit","decl":{"start":{"line":22,"column":2},"end":{"line":24,"column":3}},"loc":{"start":{"line":22,"column":2},"end":{"line":24,"column":3}},"line":22},"2":{"name":"allocRegister","decl":{"start":{"line":26,"column":2},"end":{"line":28,"column":3}},"loc":{"start":{"line":26,"column":2},"end":{"line":28,"column":3}},"line":26},"3":{"name":"allocLabel","decl":{"start":{"line":30,"column":2},"end":{"line":32,"column":3}},"loc":{"start":{"line":30,"column":2},"end":{"line":32,"column":3}},"line":30},"4":{"name":"toString","decl":{"start":{"line":34,"column":2},"end":{"line":36,"column":3}},"loc":{"start":{"line":34,"column":2},"end":{"line":36,"column":3}},"line":34},"5":{"name":"<instance_members_initializer>","decl":{"start":{"line":40,"column":11},"end":{"line":43,"column":47}},"loc":{"start":{"line":40,"column":11},"end":{"line":43,"column":47}},"line":40},"6":{"name":"isAvailable","decl":{"start":{"line":45,"column":2},"end":{"line":60,"column":3}},"loc":{"start":{"line":45,"column":2},"end":{"line":60,"column":3}},"line":45},"7":{"name":"compile","decl":{"start":{"line":62,"column":2},"end":{"line":96,"column":3}},"loc":{"start":{"line":62,"column":2},"end":{"line":96,"column":3}},"line":62},"8":{"name":"generateLLVMIR","decl":{"start":{"line":104,"column":10},"end":{"line":148,"column":3}},"loc":{"start":{"line":104,"column":10},"end":{"line":148,"column":3}},"line":104},"9":{"name":"generateLLVMHelpers","decl":{"start":{"line":153,"column":10},"end":{"line":183,"column":3}},"loc":{"start":{"line":153,"column":10},"end":{"line":183,"column":3}},"line":153},"10":{"name":"compileLLVMIR","decl":{"start":{"line":193,"column":2},"end":{"line":209,"column":3}},"loc":{"start":{"line":193,"column":2},"end":{"line":209,"column":3}},"line":193},"11":{"name":"getOptimizationPasses","decl":{"start":{"line":214,"column":10},"end":{"line":237,"column":3}},"loc":{"start":{"line":214,"column":10},"end":{"line":237,"column":3}},"line":214},"12":{"name":"estimateCompilationTime","decl":{"start":{"line":239,"column":2},"end":{"line":243,"column":3}},"loc":{"start":{"line":239,"column":2},"end":{"line":243,"column":3}},"line":239},"13":{"name":"estimatePerformanceScore","decl":{"start":{"line":245,"column":2},"end":{"line":249,"column":3}},"loc":{"start":{"line":245,"column":2},"end":{"line":249,"column":3}},"line":245}},"f":{"0":0,"1":0,"2":0,"3":0,"4":0,"5":55,"6":40,"7":10,"8":0,"9":0,"10":0,"11":0,"12":5,"13":4}}
,"/Volumes/Isaac Newtons Homework/Codes/ioc/src/backends/types.ts": {"path":"/Volumes/Isaac Newtons Homework/Codes/ioc/src/backends/types.ts","all":false,"statementMap":{"0":{"start":{"line":1,"column":0},"end":{"line":1,"column":3}},"11":{"start":{"line":12,"column":0},"end":{"line":12,"column":25}},"16":{"start":{"line":17,"column":0},"end":{"line":17,"column":28}},"23":{"start":{"line":24,"column":0},"end":{"line":24,"column":16}},"30":{"start":{"line":31,"column":0},"end":{"line":31,"column":16}},"123":{"start":{"line":124,"column":0},"end":{"line":124,"column":29}},"125":{"start":{"line":126,"column":0},"end":{"line":126,"column":38}},"128":{"start":{"line":129,"column":0},"end":{"line":129,"column":38}},"131":{"start":{"line":132,"column":0},"end":{"line":132,"column":34}},"134":{"start":{"line":135,"column":0},"end":{"line":135,"column":24}},"137":{"start":{"line":138,"column":0},"end":{"line":138,"column":24}}},"s":{"0":1,"11":1,"16":1,"23":1,"30":1,"123":1,"125":1,"128":1,"131":1,"134":1,"137":1},"branchMap":{"0":{"type":"branch","line":12,"loc":{"start":{"line":12,"column":7},"end":{"line":12,"column":25}},"locations":[{"start":{"line":12,"column":7},"end":{"line":12,"column":25}}]},"1":{"type":"branch","line":124,"loc":{"start":{"line":124,"column":7},"end":{"line":124,"column":29}},"locations":[{"start":{"line":124,"column":7},"end":{"line":124,"column":29}}]}},"b":{"0":[8],"1":[8]},"fnMap":{},"f":{}}
,"/Volumes/Isaac Newtons Homework/Codes/ioc/src/backends/wasm-backend.ts": {"path":"/Volumes/Isaac Newtons Homework/Codes/ioc/src/backends/wasm-backend.ts","all":false,"statementMap":{"0":{"start":{"line":1,"column":0},"end":{"line":1,"column":3}},"16":{"start":{"line":17,"column":0},"end":{"line":17,"column":20}},"17":{"start":{"line":18,"column":0},"end":{"line":18,"column":30}},"18":{"start":{"line":19,"column":0},"end":{"line":19,"column":28}},"19":{"start":{"line":20,"column":0},"end":{"line":20,"column":28}},"20":{"start":{"line":21,"column":0},"end":{"line":21,"column":89}},"21":{"start":{"line":22,"column":0},"end":{"line":22,"column":27}},"23":{"start":{"line":24,"column":0},"end":{"line":24,"column":48}},"24":{"start":{"line":25,"column":0},"end":{"line":25,"column":47}},"25":{"start":{"line":26,"column":0},"end":{"line":26,"column":3}},"27":{"start":{"line":28,"column":0},"end":{"line":28,"column":24}},"28":{"start":{"line":29,"column":0},"end":{"line":29,"column":43}},"29":{"start":{"line":30,"column":0},"end":{"line":30,"column":3}},"31":{"start":{"line":32,"column":0},"end":{"line":32,"column":27}},"32":{"start":{"line":33,"column":0},"end":{"line":33,"column":42}},"33":{"start":{"line":34,"column":0},"end":{"line":34,"column":3}},"40":{"start":{"line":41,"column":0},"end":{"line":41,"column":36}},"41":{"start":{"line":42,"column":0},"end":{"line":42,"column":38}},"42":{"start":{"line":43,"column":0},"end":{"line":43,"column":48}},"43":{"start":{"line":44,"column":0},"end":{"line":44,"column":33}},"44":{"start":{"line":45,"column":0},"end":{"line":45,"column":22}},"45":{"start":{"line":46,"column":0},"end":{"line":46,"column":5}},"48":{"start":{"line":49,"column":0},"end":{"line":49,"column":47}},"49":{"start":{"line":50,"column":0},"end":{"line":50,"column":24}},"50":{"start":{"line":51,"column":0},"end":{"line":51,"column":42}},"51":{"start":{"line":52,"column":0},"end":{"line":52,"column":21}},"52":{"start":{"line":53,"column":0},"end":{"line":53,"column":3}},"58":{"start":{"line":59,"column":0},"end":{"line":59,"column":59}},"59":{"start":{"line":60,"column":0},"end":{"line":60,"column":64}},"60":{"start":{"line":61,"column":0},"end":{"line":61,"column":71}},"61":{"start":{"line":62,"column":0},"end":{"line":62,"column":63}},"62":{"start":{"line":63,"column":0},"end":{"line":63,"column":5}},"63":{"start":{"line":64,"column":0},"end":{"line":64,"column":18}},"64":{"start":{"line":65,"column":0},"end":{"line":65,"column":3}},"66":{"start":{"line":67,"column":0},"end":{"line":67,"column":22}},"67":{"start":{"line":68,"column":0},"end":{"line":68,"column":32}},"68":{"start":{"line":69,"column":0},"end":{"line":69,"column":3}},"69":{"start":{"line":70,"column":0},"end":{"line":70,"column":1}},"76":{"start":{"line":77,"column":0},"end":{"line":77,"column":45}},"77":{"start":{"line":78,"column":0},"end":{"line":78,"column":34}},"78":{"start":{"line":79,"column":0},"end":{"line":79,"column":28}},"79":{"start":{"line":80,"column":0},"end":{"line":80,"column":42}},"80":{"start":{"line":81,"column":0},"end":{"line":81,"column":29}},"81":{"start":{"line":82,"column":0},"end":{"line":82,"column":30}},"82":{"start":{"line":83,"column":0},"end":{"line":83,"column":15}},"83":{"start":{"line":84,"column":0},"end":{"line":84,"column":41}},"84":{"start":{"line":85,"column":0},"end":{"line":85,"column":20}},"85":{"start":{"line":86,"column":0},"end":{"line":86,"column":79}},"88":{"start":{"line":89,"column":0},"end":{"line":89,"column":6}},"89":{"start":{"line":90,"column":0},"end":{"line":90,"column":41}},"90":{"start":{"line":91,"column":0},"end":{"line":91,"column":20}},"91":{"start":{"line":92,"column":0},"end":{"line":92,"column":93}},"94":{"start":{"line":95,"column":0},"end":{"line":95,"column":6}},"95":{"start":{"line":96,"column":0},"end":{"line":96,"column":10}},"96":{"start":{"line":97,"column":0},"end":{"line":97,"column":20}},"97":{"start":{"line":98,"column":0},"end":{"line":98,"column":81}},"99":{"start":{"line":100,"column":0},"end":{"line":100,"column":6}},"100":{"start":{"line":101,"column":0},"end":{"line":101,"column":3}},"101":{"start":{"line":102,"column":0},"end":{"line":102,"column":1}},"103":{"start":{"line":104,"column":0},"end":{"line":104,"column":63}},"104":{"start":{"line":105,"column":0},"end":{"line":105,"column":48}},"105":{"start":{"line":106,"column":0},"end":{"line":106,"column":32}},"107":{"start":{"line":108,"column":0},"end":{"line":108,"column":41}},"109":{"start":{"line":110,"column":0},"end":{"line":110,"column":66}},"110":{"start":{"line":111,"column":0},"end":{"line":111,"column":3}},"112":{"start":{"line":113,"column":0},"end":{"line":113,"column":16}},"113":{"start":{"line":114,"column":0},"end":{"line":114,"column":24}},"114":{"start":{"line":115,"column":0},"end":{"line":115,"column":45}},"115":{"start":{"line":116,"column":0},"end":{"line":116,"column":33}},"116":{"start":{"line":117,"column":0},"end":{"line":117,"column":40}},"118":{"start":{"line":119,"column":0},"end":{"line":119,"column":9}},"120":{"start":{"line":121,"column":0},"end":{"line":121,"column":67}},"123":{"start":{"line":124,"column":0},"end":{"line":124,"column":52}},"126":{"start":{"line":127,"column":0},"end":{"line":127,"column":51}},"129":{"start":{"line":130,"column":0},"end":{"line":130,"column":58}},"130":{"start":{"line":131,"column":0},"end":{"line":131,"column":76}},"131":{"start":{"line":132,"column":0},"end":{"line":132,"column":38}},"135":{"start":{"line":136,"column":0},"end":{"line":136,"column":57}},"138":{"start":{"line":139,"column":0},"end":{"line":139,"column":39}},"139":{"start":{"line":140,"column":0},"end":{"line":140,"column":64}},"140":{"start":{"line":141,"column":0},"end":{"line":141,"column":8}},"142":{"start":{"line":143,"column":0},"end":{"line":143,"column":60}},"144":{"start":{"line":145,"column":0},"end":{"line":145,"column":14}},"145":{"start":{"line":146,"column":0},"end":{"line":146,"column":27}},"146":{"start":{"line":147,"column":0},"end":{"line":147,"column":16}},"147":{"start":{"line":148,"column":0},"end":{"line":148,"column":40}},"148":{"start":{"line":149,"column":0},"end":{"line":149,"column":24}},"149":{"start":{"line":150,"column":0},"end":{"line":150,"column":19}},"150":{"start":{"line":151,"column":0},"end":{"line":151,"column":21}},"151":{"start":{"line":152,"column":0},"end":{"line":152,"column":96}},"152":{"start":{"line":153,"column":0},"end":{"line":153,"column":10}},"153":{"start":{"line":154,"column":0},"end":{"line":154,"column":8}},"154":{"start":{"line":155,"column":0},"end":{"line":155,"column":26}},"155":{"start":{"line":156,"column":0},"end":{"line":156,"column":74}},"156":{"start":{"line":157,"column":0},"end":{"line":157,"column":5}},"157":{"start":{"line":158,"column":0},"end":{"line":158,"column":3}},"165":{"start":{"line":166,"column":0},"end":{"line":166,"column":22}},"166":{"start":{"line":167,"column":0},"end":{"line":167,"column":24}},"167":{"start":{"line":168,"column":0},"end":{"line":168,"column":41}},"168":{"start":{"line":169,"column":0},"end":{"line":169,"column":74}},"169":{"start":{"line":170,"column":0},"end":{"line":170,"column":35}},"172":{"start":{"line":173,"column":0},"end":{"line":173,"column":27}},"173":{"start":{"line":174,"column":0},"end":{"line":174,"column":20}},"176":{"start":{"line":177,"column":0},"end":{"line":177,"column":53}},"177":{"start":{"line":178,"column":0},"end":{"line":178,"column":20}},"180":{"start":{"line":181,"column":0},"end":{"line":181,"column":69}},"181":{"start":{"line":182,"column":0},"end":{"line":182,"column":63}},"182":{"start":{"line":183,"column":0},"end":{"line":183,"column":90}},"183":{"start":{"line":184,"column":0},"end":{"line":184,"column":98}},"184":{"start":{"line":185,"column":0},"end":{"line":185,"column":96}},"185":{"start":{"line":186,"column":0},"end":{"line":186,"column":94}},"186":{"start":{"line":187,"column":0},"end":{"line":187,"column":92}},"187":{"start":{"line":188,"column":0},"end":{"line":188,"column":83}},"188":{"start":{"line":189,"column":0},"end":{"line":189,"column":81}},"189":{"start":{"line":190,"column":0},"end":{"line":190,"column":82}},"190":{"start":{"line":191,"column":0},"end":{"line":191,"column":92}},"191":{"start":{"line":192,"column":0},"end":{"line":192,"column":90}},"192":{"start":{"line":193,"column":0},"end":{"line":193,"column":100}},"193":{"start":{"line":194,"column":0},"end":{"line":194,"column":98}},"194":{"start":{"line":195,"column":0},"end":{"line":195,"column":100}},"195":{"start":{"line":196,"column":0},"end":{"line":196,"column":98}},"196":{"start":{"line":197,"column":0},"end":{"line":197,"column":94}},"197":{"start":{"line":198,"column":0},"end":{"line":198,"column":20}},"200":{"start":{"line":201,"column":0},"end":{"line":201,"column":67}},"203":{"start":{"line":204,"column":0},"end":{"line":204,"column":60}},"205":{"start":{"line":206,"column":0},"end":{"line":206,"column":21}},"207":{"start":{"line":208,"column":0},"end":{"line":208,"column":12}},"208":{"start":{"line":209,"column":0},"end":{"line":209,"column":26}},"209":{"start":{"line":210,"column":0},"end":{"line":210,"column":34}},"210":{"start":{"line":211,"column":0},"end":{"line":211,"column":6}},"211":{"start":{"line":212,"column":0},"end":{"line":212,"column":3}},"216":{"start":{"line":217,"column":0},"end":{"line":217,"column":34}},"217":{"start":{"line":218,"column":0},"end":{"line":218,"column":22}},"218":{"start":{"line":219,"column":0},"end":{"line":219,"column":23}},"219":{"start":{"line":220,"column":0},"end":{"line":220,"column":87}},"220":{"start":{"line":221,"column":0},"end":{"line":221,"column":32}},"223":{"start":{"line":224,"column":0},"end":{"line":224,"column":8}},"225":{"start":{"line":226,"column":0},"end":{"line":226,"column":58}},"226":{"start":{"line":227,"column":0},"end":{"line":227,"column":20}},"229":{"start":{"line":230,"column":0},"end":{"line":230,"column":39}},"230":{"start":{"line":231,"column":0},"end":{"line":231,"column":35}},"231":{"start":{"line":232,"column":0},"end":{"line":232,"column":42}},"232":{"start":{"line":233,"column":0},"end":{"line":233,"column":45}},"233":{"start":{"line":234,"column":0},"end":{"line":234,"column":56}},"234":{"start":{"line":235,"column":0},"end":{"line":235,"column":73}},"235":{"start":{"line":236,"column":0},"end":{"line":236,"column":93}},"236":{"start":{"line":237,"column":0},"end":{"line":237,"column":35}},"237":{"start":{"line":238,"column":0},"end":{"line":238,"column":25}},"238":{"start":{"line":239,"column":0},"end":{"line":239,"column":24}},"239":{"start":{"line":240,"column":0},"end":{"line":240,"column":66}},"240":{"start":{"line":241,"column":0},"end":{"line":241,"column":39}},"241":{"start":{"line":242,"column":0},"end":{"line":242,"column":42}},"242":{"start":{"line":243,"column":0},"end":{"line":243,"column":45}},"243":{"start":{"line":244,"column":0},"end":{"line":244,"column":56}},"244":{"start":{"line":245,"column":0},"end":{"line":245,"column":73}},"245":{"start":{"line":246,"column":0},"end":{"line":246,"column":93}},"246":{"start":{"line":247,"column":0},"end":{"line":247,"column":35}},"247":{"start":{"line":248,"column":0},"end":{"line":248,"column":25}},"248":{"start":{"line":249,"column":0},"end":{"line":249,"column":24}},"249":{"start":{"line":250,"column":0},"end":{"line":250,"column":66}},"250":{"start":{"line":251,"column":0},"end":{"line":251,"column":42}},"251":{"start":{"line":252,"column":0},"end":{"line":252,"column":42}},"252":{"start":{"line":253,"column":0},"end":{"line":253,"column":45}},"253":{"start":{"line":254,"column":0},"end":{"line":254,"column":56}},"254":{"start":{"line":255,"column":0},"end":{"line":255,"column":71}},"255":{"start":{"line":256,"column":0},"end":{"line":256,"column":91}},"256":{"start":{"line":257,"column":0},"end":{"line":257,"column":35}},"257":{"start":{"line":258,"column":0},"end":{"line":258,"column":25}},"258":{"start":{"line":259,"column":0},"end":{"line":259,"column":24}},"259":{"start":{"line":260,"column":0},"end":{"line":260,"column":66}},"260":{"start":{"line":261,"column":0},"end":{"line":261,"column":7}},"261":{"start":{"line":262,"column":0},"end":{"line":262,"column":5}},"263":{"start":{"line":264,"column":0},"end":{"line":264,"column":23}},"264":{"start":{"line":265,"column":0},"end":{"line":265,"column":3}},"270":{"start":{"line":271,"column":0},"end":{"line":271,"column":32}},"271":{"start":{"line":272,"column":0},"end":{"line":272,"column":29}},"272":{"start":{"line":273,"column":0},"end":{"line":273,"column":21}},"273":{"start":{"line":2
[...]
[{"start":{"line":201,"column":2},"end":{"line":319,"column":3}}]},"17":{"type":"branch","line":203,"loc":{"start":{"line":203,"column":6},"end":{"line":206,"column":7}},"locations":[{"start":{"line":203,"column":6},"end":{"line":206,"column":7}}]},"18":{"type":"branch","line":208,"loc":{"start":{"line":208,"column":6},"end":{"line":211,"column":7}},"locations":[{"start":{"line":208,"column":6},"end":{"line":211,"column":7}}]},"19":{"type":"branch","line":213,"loc":{"start":{"line":213,"column":6},"end":{"line":224,"column":7}},"locations":[{"start":{"line":213,"column":6},"end":{"line":224,"column":7}}]},"20":{"type":"branch","line":226,"loc":{"start":{"line":226,"column":6},"end":{"line":235,"column":7}},"locations":[{"start":{"line":226,"column":6},"end":{"line":235,"column":7}}]},"21":{"type":"branch","line":237,"loc":{"start":{"line":237,"column":6},"end":{"line":255,"column":7}},"locations":[{"start":{"line":237,"column":6},"end":{"line":255,"column":7}}]},"22":{"type":"branch","line":243,"loc":{"start":{"line":243,"column":35},"end":{"line":254,"column":9}},"locations":[{"start":{"line":243,"column":35},"end":{"line":254,"column":9}}]},"23":{"type":"branch","line":257,"loc":{"start":{"line":257,"column":6},"end":{"line":273,"column":7}},"locations":[{"start":{"line":257,"column":6},"end":{"line":273,"column":7}}]},"24":{"type":"branch","line":262,"loc":{"start":{"line":262,"column":21},"end":{"line":268,"column":15}},"locations":[{"start":{"line":262,"column":21},"end":{"line":268,"column":15}}]},"25":{"type":"branch","line":269,"loc":{"start":{"line":269,"column":17},"end":{"line":270,"column":61}},"locations":[{"start":{"line":269,"column":17},"end":{"line":270,"column":61}}]},"26":{"type":"branch","line":275,"loc":{"start":{"line":275,"column":6},"end":{"line":288,"column":7}},"locations":[{"start":{"line":275,"column":6},"end":{"line":288,"column":7}}]},"27":{"type":"branch","line":290,"loc":{"start":{"line":290,"column":6},"end":{"line":305,"column":7}},"locations":[{"start":{"line":290,"column":6},"end":{"line":305,"column":7}}]},"28":{"type":"branch","line":307,"loc":{"start":{"line":307,"column":6},"end":{"line":308,"column":51}},"locations":[{"start":{"line":307,"column":6},"end":{"line":308,"column":51}}]},"29":{"type":"branch","line":310,"loc":{"start":{"line":310,"column":6},"end":{"line":311,"column":61}},"locations":[{"start":{"line":310,"column":6},"end":{"line":311,"column":61}}]},"30":{"type":"branch","line":313,"loc":{"start":{"line":313,"column":6},"end":{"line":314,"column":54}},"locations":[{"start":{"line":313,"column":6},"end":{"line":314,"column":54}}]},"31":{"type":"branch","line":316,"loc":{"start":{"line":316,"column":6},"end":{"line":317,"column":77}},"locations":[{"start":{"line":316,"column":6},"end":{"line":317,"column":77}}]},"32":{"type":"branch","line":321,"loc":{"start":{"line":321,"column":2},"end":{"line":337,"column":3}},"locations":[{"start":{"line":321,"column":2},"end":{"line":337,"column":3}}]},"33":{"type":"branch","line":322,"loc":{"start":{"line":322,"column":33},"end":{"line":324,"column":38}},"locations":[{"start":{"line":322,"column":33},"end":{"line":324,"column":38}}]},"34":{"type":"branch","line":324,"loc":{"start":{"line":324,"column":33},"end":{"line":324,"column":42}},"locations":[{"start":{"line":324,"column":33},"end":{"line":324,"column":42}}]},"35":{"type":"branch","line":327,"loc":{"start":{"line":327,"column":71},"end":{"line":329,"column":5}},"locations":[{"start":{"line":327,"column":71},"end":{"line":329,"column":5}}]},"36":{"type":"branch","line":329,"loc":{"start":{"line":329,"column":4},"end":{"line":336,"column":15}},"locations":[{"start":{"line":329,"column":4},"end":{"line":336,"column":15}}]},"37":{"type":"branch","line":344,"loc":{"start":{"line":344,"column":2},"end":{"line":359,"column":3}},"locations":[{"start":{"line":344,"column":2},"end":{"line":359,"column":3}}]},"38":{"type":"branch","line":361,"loc":{"start":{"line":361,"column":2},"end":{"line":452,"column":3}},"locations":[{"start":{"line":361,"column":2},"end":{"line":452,"column":3}}]},"39":{"type":"branch","line":363,"loc":{"start":{"line":363,"column":6},"end":{"line":364,"column":44}},"locations":[{"start":{"line":363,"column":6},"end":{"line":364,"column":44}}]},"40":{"type":"branch","line":366,"loc":{"start":{"line":366,"column":6},"end":{"line":367,"column":47}},"locations":[{"start":{"line":366,"column":6},"end":{"line":367,"column":47}}]},"41":{"type":"branch","line":369,"loc":{"start":{"line":369,"column":6},"end":{"line":375,"column":7}},"locations":[{"start":{"line":369,"column":6},"end":{"line":375,"column":7}}]},"42":{"type":"branch","line":377,"loc":{"start":{"line":377,"column":6},"end":{"line":383,"column":7}},"locations":[{"start":{"line":377,"column":6},"end":{"line":383,"column":7}}]},"43":{"type":"branch","line":385,"loc":{"start":{"line":385,"column":6},"end":{"line":396,"column":7}},"locations":[{"start":{"line":385,"column":6},"end":{"line":396,"column":7}}]},"44":{"type":"branch","line":391,"loc":{"start":{"line":391,"column":35},"end":{"line":395,"column":9}},"locations":[{"start":{"line":391,"column":35},"end":{"line":395,"column":9}}]},"45":{"type":"branch","line":393,"loc":{"start":{"line":393,"column":8},"end":{"line":395,"column":9}},"locations":[{"start":{"line":393,"column":8},"end":{"line":395,"column":9}}]},"46":{"type":"branch","line":398,"loc":{"start":{"line":398,"column":6},"end":{"line":414,"column":7}},"locations":[{"start":{"line":398,"column":6},"end":{"line":414,"column":7}}]},"47":{"type":"branch","line":403,"loc":{"start":{"line":403,"column":21},"end":{"line":409,"column":15}},"locations":[{"start":{"line":403,"column":21},"end":{"line":409,"column":15}}]},"48":{"type":"branch","line":410,"loc":{"start":{"line":410,"column":17},"end":{"line":411,"column":61}},"locations":[{"start":{"line":410,"column":17},"end":{"line":411,"column":61}}]},"49":{"type":"branch","line":416,"loc":{"start":{"line":416,"column":6},"end":{"line":428,"column":7}},"locations":[{"start":{"line":416,"column":6},"end":{"line":428,"column":7}}]},"50":{"type":"branch","line":430,"loc":{"start":{"line":430,"column":6},"end":{"line":438,"column":7}},"locations":[{"start":{"line":430,"column":6},"end":{"line":438,"column":7}}]},"51":{"type":"branch","line":440,"loc":{"start":{"line":440,"column":6},"end":{"line":441,"column":55}},"locations":[{"start":{"line":440,"column":6},"end":{"line":441,"column":55}}]},"52":{"type":"branch","line":443,"loc":{"start":{"line":443,"column":6},"end":{"line":444,"column":65}},"locations":[{"start":{"line":443,"column":6},"end":{"line":444,"column":65}}]},"53":{"type":"branch","line":446,"loc":{"start":{"line":446,"column":6},"end":{"line":447,"column":54}},"locations":[{"start":{"line":446,"column":6},"end":{"line":447,"column":54}}]},"54":{"type":"branch","line":449,"loc":{"start":{"line":449,"column":6},"end":{"line":450,"column":81}},"locations":[{"start":{"line":449,"column":6},"end":{"line":450,"column":81}}]},"55":{"type":"branch","line":454,"loc":{"start":{"line":454,"column":2},"end":{"line":470,"column":3}},"locations":[{"start":{"line":454,"column":2},"end":{"line":470,"column":3}}]},"56":{"type":"branch","line":455,"loc":{"start":{"line":455,"column":33},"end":{"line":455,"column":44}},"locations":[{"start":{"line":455,"column":33},"end":{"line":455,"column":44}}]},"57":{"type":"branch","line":457,"loc":{"start":{"line":457,"column":33},"end":{"line":457,"column":42}},"locations":[{"start":{"line":457,"column":33},"end":{"line":457,"column":42}}]},"58":{"type":"branch","line":462,"loc":{"start":{"line":462,"column":4},"end":{"line":469,"column":15}},"locations":[{"start":{"line":462,"column":4},"end":{"line":469,"column":15}}]},"59":{"type":"branch","line":477,"loc":{"start":{"line":477,"column":2},"end":{"line":479,"column":3}},"locations":[{"start":{"line":477,"column":2},"end":{"line":479,"column":3}}]},"60":{"type":"branch","line":481,"loc":{"start":{"line":481,"column":2},"end":{"line":483,"column":3}},"locations":[{"start":{"line":481,"column":2},"end":{"line":483,"column":3}}]},"61":{"type":"branch","line":485,"loc":{"start":{"line":485,"column":2},"end":{"line":488,"column":3}},"locations":[{"start":{"line":485,"column":2},"end":{"line":488,"column":3}}]},"62":{"type":"branch","line":487,"loc":{"start":{"line":487,"column":75},"end":{"line":487,"column":88}},"locations":[{"start":{"line":487,"column":75},"end":{"line":487,"column":88}}]},"63":{"type":"branch","line":487,"loc":{"start":{"line":487,"column":82},"end":{"line":487,"column":97}},"locations":[{"start":{"line":487,"column":82},"end":{"line":487,"column":97}}]}},"b":{"0":[69],"1":[8],"2":[61],"3":[20],"4":[1],"5":[0],"6":[0],"7":[2],"8":[0],"9":[1],"10":[0],"11":[2],"12":[0],"13":[1],"14":[0],"15":[53],"16":[14],"17":[2],"18":[1],"19":[1],"20":[2],"21":[2],"22":[1],"23":[1],"24":[0],"25":[0],"26":[1],"27":[1],"28":[1],"29":[1],"30":[1],"31":[0],"32":[2],"33":[1],"34":[0],"35":[1],"36":[0],"37":[50],"38":[43],"39":[20],"40":[0],"41":[5],"42":[7],"43":[4],"44":[3],"45":[1],"46":[1],"47":[0],"48":[0],"49":[0],"50":[2],"51":[2],"52":[2],"53":[0],"54":[0],"55":[1],"56":[0],"57":[0],"58":[0],"59":[2],"60":[1],"61":[2],"62":[1],"63":[1]},"fnMap":{"0":{"name":"getParam","decl":{"start":{"line":14,"column":0},"end":{"line":19,"column":1}},"loc":{"start":{"line":14,"column":0},"end":{"line":19,"column":1}},"line":14},"1":{"name":"generateInputCode","decl":{"start":{"line":28,"column":12},"end":{"line":31,"column":3}},"loc":{"start":{"line":28,"column":12},"end":{"line":31,"column":3}},"line":28},"2":{"name":"generateConstantCode","decl":{"start":{"line":36,"column":12},"end":{"line":39,"column":3}},"loc":{"start":{"line":36,"column":12},"end":{"line":39,"column":3}},"line":36},"3":{"name":"generateFlattenCodeNaive","decl":{"start":{"line":44,"column":12},"end":{"line":79,"column":3}},"loc":{"start":{"line":44,"column":12},"end":{"line":79,"column":3}},"line":44},"4":{"name":"generateFlattenCodeOptimized","decl":{"start":{"line":84,"column":12},"end":{"line":88,"column":3}},"loc":{"start":{"line":84,"column":12},"end":{"line":88,"column":3}},"line":84},"5":{"name":"generateDistinctCodeNaive","decl":{"start":{"line":93,"column":12},"end":{"line":119,"column":3}},"loc":{"start":{"line":93,"column":12},"end":{"line":119,"column":3}},"line":93},"6":{"name":"generateDistinctCodeOptimized","decl":{"start":{"line":124,"column":12},"end":{"line":145,"column":3}},"loc":{"start":{"line":124,"column":12},"end":{"line":145,"column":3}},"line":124},"7":{"name":"generateAssertCode","decl":{"start":{"line":150,"column":12},"end":{"line":160,"column":3}},"loc":{"start":{"line":150,"column":12},"end":{"line":160,"column":3}},"line":150},"8":{"name":"canHandle","decl":{"start":{"line":184,"column":2},"end":{"line":199,"column":3}},"loc":{"start":{"line":184,"column":2},"end":{"line":199,"column":3}},"line":184},"9":{"name":"generateCode","decl":{"start":{"line":201,"column":2},"end":{"line":319,"column":3}},"loc":{"start":{"line":201,"column":2},"end":{"line":319,"column":3}},"line":201},"10":{"name":"getCostEstimate","decl":{"start":{"line":321,"column":2},"end":{"line":337,"column":3}},"loc":{"start":{"line":321,"column":2},"end":{"line":337,"column":3}},"line":321},"11":{"name":"canHandle","decl":{"start":{"line":344,"column":2},"end":{"line":359,"column":3}},"loc":{"start":{"line":344,"column":2},"end":{"line":359,"column":3}},"line":344},"12":{"name":"generateCode","decl":{"start":{"line":361,"column":2},"end":{"line":452,"column":3}},"loc":{"start":{"line":361,"column":2},"end":{"line":452,"column":3}},"line":361},"13":{"name":"getCostEstimate","decl":{"start":{"line":454,"column":2},"end":{"line":470,"column":3}},"loc":{"start":{"line":454,"column":2},"end":{"line":470,"column":3}},"line":454},"14":{"name":"canHandle","decl":{"start":{"line":477,"column":2},"end":{"line":479,"column":3}},"loc":{"start":{"line":477,"column":2},"end":{"line":479,"column":3}},"line":477},"15":{"name":"generateCode","decl":{"start":{"line":481,"column":2},"end":{"line":483,"column":3}},"loc":{"start":{"line":481,"column":2},"end":{"line":483,"column":3}},"line":481},"16":{"name":"getCostEstimate","decl":{"start":{"line":485,"column":2},"end":{"line":488,"column":3}},"loc":{"start":{"line":485,"column":2},"end":{"line":488,"column":3}},"line":485}},"f":{"0":69,"1":20,"2":0,"3":1,"4":2,"5":1,"6":2,"7":1,"8":53,"9":14,"10":2,"11":50,"12":43,"13":1,"14":2,"15":1,"16":2}}
,"/Volumes/Isaac Newtons Homework/Codes/ioc/src/tests/test-helpers.ts": {"path":"/Volumes/Isaac Newtons Homework/Codes/ioc/src/tests/test-helpers.ts","all":false,"statementMap":{"0":{"start":{"line":1,"column":0},"end":{"line":1,"column":3}},"10":{"start":{"line":11,"column":0},"end":{"line":11,"column":54}},"11":{"start":{"line":12,"column":0},"end":{"line":12,"column":10}},"12":{"start":{"line":13,"column":0},"end":{"line":13,"column":44}},"13":{"start":{"line":14,"column":0},"end":{"line":14,"column":39}},"14":{"start":{"line":15,"column":0},"end":{"line":15,"column":24}},"15":{"start":{"line":16,"column":0},"end":{"line":16,"column":25}},"16":{"start":{"line":17,"column":0},"end":{"line":17,"column":24}},"17":{"start":{"line":18,"column":0},"end":{"line":18,"column":4}},"18":{"start":{"line":19,"column":0},"end":{"line":19,"column":1}},"23":{"start":{"line":24,"column":0},"end":{"line":24,"column":51}},"24":{"start":{"line":25,"column":0},"end":{"line":25,"column":30}},"25":{"start":{"line":26,"column":0},"end":{"line":26,"column":16}},"26":{"start":{"line":27,"column":0},"end":{"line":27,"column":30}},"27":{"start":{"line":28,"column":0},"end":{"line":28,"column":15}},"28":{"start":{"line":29,"column":0},"end":{"line":29,"column":46}},"29":{"start":{"line":30,"column":0},"end":{"line":30,"column":42}},"30":{"start":{"line":31,"column":0},"end":{"line":31,"column":4}},"32":{"start":{"line":33,"column":0},"end":{"line":33,"column":31}},"33":{"start":{"line":34,"column":0},"end":{"line":34,"column":17}},"34":{"start":{"line":35,"column":0},"end":{"line":35,"column":33}},"35":{"start":{"line":36,"column":0},"end":{"line":36,"column":22}},"36":{"start":{"line":37,"column":0},"end":{"line":37,"column":46}},"37":{"start":{"line":38,"column":0},"end":{"line":38,"column":42}},"38":{"start":{"line":39,"column":0},"end":{"line":39,"column":4}},"40":{"start":{"line":41,"column":0},"end":{"line":41,"column":31}},"41":{"start":{"line":42,"column":0},"end":{"line":42,"column":21}},"42":{"start":{"line":43,"column":0},"end":{"line":43,"column":35}},"43":{"start":{"line":44,"column":0},"end":{"line":44,"column":24}},"44":{"start":{"line":45,"column":0},"end":{"line":45,"column":31}},"45":{"start":{"line":46,"column":0},"end":{"line":46,"column":4}},"48":{"start":{"line":49,"column":0},"end":{"line":49,"column":76}},"49":{"start":{"line":50,"column":0},"end":{"line":50,"column":76}},"51":{"start":{"line":52,"column":0},"end":{"line":52,"column":17}},"52":{"start":{"line":53,"column":0},"end":{"line":53,"column":1}},"57":{"start":{"line":58,"column":0},"end":{"line":58,"column":67}},"58":{"start":{"line":59,"column":0},"end":{"line":59,"column":30}},"60":{"start":{"line":61,"column":0},"end":{"line":61,"column":39}},"61":{"start":{"line":62,"column":0},"end":{"line":62,"column":27}},"62":{"start":{"line":63,"column":0},"end":{"line":63,"column":21}},"63":{"start":{"line":64,"column":0},"end":{"line":64,"column":35}},"64":{"start":{"line":65,"column":0},"end":{"line":65,"column":44}},"65":{"start":{"line":66,"column":0},"end":{"line":66,"column":47}},"66":{"start":{"line":67,"column":0},"end":{"line":67,"column":44}},"67":{"start":{"line":68,"column":0},"end":{"line":68,"column":6}},"68":{"start":{"line":69,"column":0},"end":{"line":69,"column":21}},"69":{"start":{"line":70,"column":0},"end":{"line":70,"column":3}},"71":{"start":{"line":72,"column":0},"end":{"line":72,"column":31}},"72":{"start":{"line":73,"column":0},"end":{"line":73,"column":21}},"73":{"start":{"line":74,"column":0},"end":{"line":74,"column":10}},"74":{"start":{"line":75,"column":0},"end":{"line":75,"column":38}},"75":{"start":{"line":76,"column":0},"end":{"line":76,"column":32}},"76":{"start":{"line":77,"column":0},"end":{"line":77,"column":4}},"79":{"start":{"line":80,"column":0},"end":{"line":80,"column":37}},"80":{"start":{"line":81,"column":0},"end":{"line":81,"column":52}},"81":{"start":{"line":82,"column":0},"end":{"line":82,"column":3}},"83":{"start":{"line":84,"column":0},"end":{"line":84,"column":17}},"84":{"start":{"line":85,"column":0},"end":{"line":85,"column":1}},"89":{"start":{"line":90,"column":0},"end":{"line":90,"column":50}},"90":{"start":{"line":91,"column":0},"end":{"line":91,"column":10}},"91":{"start":{"line":92,"column":0},"end":{"line":92,"column":21}},"92":{"start":{"line":93,"column":0},"end":{"line":93,"column":14}},"93":{"start":{"line":94,"column":0},"end":{"line":94,"column":16}},"94":{"start":{"line":95,"column":0},"end":{"line":95,"column":32}},"95":{"start":{"line":96,"column":0},"end":{"line":96,"column":4}},"96":{"start":{"line":97,"column":0},"end":{"line":97,"column":1}}},"s":{"0":1,"10":396,"11":396,"12":396,"13":396,"14":396,"15":396,"16":396,"17":396,"18":396,"23":1,"24":53,"25":53,"26":53,"27":53,"28":53,"29":53,"30":53,"32":53,"33":53,"34":53,"35":53,"36":53,"37":53,"38":53,"40":53,"41":53,"42":53,"43":53,"44":53,"45":53,"48":53,"49":53,"51":53,"52":53,"57":1,"58":6,"60":6,"61":290,"62":290,"63":290,"64":290,"65":290,"66":290,"67":290,"68":290,"69":290,"71":6,"72":6,"73":6,"74":6,"75":6,"76":6,"79":6,"80":290,"81":290,"83":6,"84":6,"89":1,"90":1,"91":1,"92":1,"93":1,"94":1,"95":1,"96":1},"branchMap":{"0":{"type":"branch","line":11,"loc":{"start":{"line":11,"column":0},"end":{"line":19,"column":1}},"locations":[{"start":{"line":11,"column":0},"end":{"line":19,"column":1}}]},"1":{"type":"branch","line":24,"loc":{"start":{"line":24,"column":7},"end":{"line":53,"column":1}},"locations":[{"start":{"line":24,"column":7},"end":{"line":53,"column":1}}]},"2":{"type":"branch","line":58,"loc":{"start":{"line":58,"column":7},"end":{"line":85,"column":1}},"locations":[{"start":{"line":58,"column":7},"end":{"line":85,"column":1}}]},"3":{"type":"branch","line":61,"loc":{"start":{"line":61,"column":38},"end":{"line":70,"column":3}},"locations":[{"start":{"line":61,"column":38},"end":{"line":70,"column":3}}]},"4":{"type":"branch","line":65,"loc":{"start":{"line":65,"column":18},"end":{"line":65,"column":41}},"locations":[{"start":{"line":65,"column":18},"end":{"line":65,"column":41}}]},"5":{"type":"branch","line":65,"loc":{"start":{"line":65,"column":37},"end":{"line":65,"column":44}},"locations":[{"start":{"line":65,"column":37},"end":{"line":65,"column":44}}]},"6":{"type":"branch","line":80,"loc":{"start":{"line":80,"column":36},"end":{"line":82,"column":3}},"locations":[{"start":{"line":80,"column":36},"end":{"line":82,"column":3}}]},"7":{"type":"branch","line":90,"loc":{"start":{"line":90,"column":7},"end":{"line":97,"column":1}},"locations":[{"start":{"line":90,"column":7},"end":{"line":97,"column":1}}]}},"b":{"0":[396],"1":[53],"2":[6],"3":[290],"4":[284],"5":[6],"6":[290],"7":[1]},"fnMap":{"0":{"name":"createDefaultCapability","decl":{"start":{"line":11,"column":0},"end":{"line":19,"column":1}},"loc":{"start":{"line":11,"column":0},"end":{"line":19,"column":1}},"line":11},"1":{"name":"createSimpleProgram","decl":{"start":{"line":24,"column":7},"end":{"line":53,"column":1}},"loc":{"start":{"line":24,"column":7},"end":{"line":53,"column":1}},"line":24},"2":{"name":"createLargeProgram","decl":{"start":{"line":58,"column":7},"end":{"line":85,"column":1}},"loc":{"start":{"line":58,"column":7},"end":{"line":85,"column":1}},"line":58},"3":{"name":"createEmptyProgram","decl":{"start":{"line":90,"column":7},"end":{"line":97,"column":1}},"loc":{"start":{"line":90,"column":7},"end":{"line":97,"column":1}},"line":90}},"f":{"0":396,"1":53,"2":6,"3":1}}
}
