TN:
SF:src/index.ts
FNF:0
FNH:0
DA:1,1
LF:1
LH:1
BRF:0
BRH:0
end_of_record
TN:
SF:src/backends/backend-selector.ts
FN:26,<instance_members_initializer>
FN:30,BackendSelector
FN:40,initialize
FN:57,getAvailableBackends
FN:65,selectBackend
FN:112,compile
FN:129,selectFastestCompile
FN:143,selectFastestRuntime
FN:157,selectMostPortable
FN:177,selectBalanced
FN:213,getBackendInfo
FN:220,isBackendAvailable
FNF:12
FNH:12
FNDA:32,<instance_members_initializer>
FNDA:32,BackendSelector
FNDA:29,initialize
FNDA:6,getAvailableBackends
FNDA:18,selectBackend
FNDA:5,compile
FNDA:2,selectFastestCompile
FNDA:1,selectFastestRuntime
FNDA:1,selectMostPortable
FNDA:10,selectBalanced
FNDA:3,getBackendInfo
FNDA:2,isBackendAvailable
DA:1,1
DA:25,1
DA:26,1
DA:27,32
DA:28,32
DA:30,1
DA:32,32
DA:33,32
DA:34,32
DA:35,32
DA:40,1
DA:41,29
DA:43,24
DA:45,29
DA:46,72
DA:47,48
DA:48,48
DA:49,72
DA:51,24
DA:52,29
DA:57,1
DA:58,6
DA:59,6
DA:60,6
DA:65,1
DA:66,18
DA:67,18
DA:68,18
DA:69,18
DA:72,18
DA:73,4
DA:74,4
DA:75,1
DA:76,1
DA:77,4
DA:78,1
DA:79,1
DA:80,2
DA:81,2
DA:84,14
DA:85,14
DA:86,14
DA:88,18
DA:89,0
DA:90,0
DA:93,14
DA:94,18
DA:95,2
DA:97,18
DA:98,1
DA:100,18
DA:101,1
DA:103,18
DA:104,18
DA:105,10
DA:106,18
DA:107,18
DA:112,1
DA:113,5
DA:114,5
DA:115,5
DA:116,5
DA:118,5
DA:119,5
DA:120,5
DA:121,5
DA:123,5
DA:124,5
DA:129,1
DA:130,2
DA:131,2
DA:132,2
DA:133,2
DA:134,2
DA:135,2
DA:136,2
DA:137,2
DA:138,2
DA:143,1
DA:144,1
DA:145,1
DA:146,1
DA:147,1
DA:148,1
DA:149,1
DA:150,1
DA:151,1
DA:152,1
DA:157,1
DA:159,1
DA:160,1
DA:161,1
DA:162,1
DA:163,1
DA:165,1
DA:166,1
DA:167,1
DA:168,1
DA:171,0
DA:172,1
DA:177,1
DA:178,10
DA:179,10
DA:180,10
DA:187,10
DA:188,20
DA:189,20
DA:192,20
DA:195,20
DA:197,20
DA:198,10
DA:201,10
DA:203,10
DA:204,10
DA:205,0
DA:206,0
DA:207,10
DA:208,10
DA:213,1
DA:214,3
DA:215,3
DA:220,1
DA:221,2
DA:222,2
DA:223,2
DA:224,1
DA:229,1
LF:127
LH:122
BRDA:26,0,0,32
BRDA:30,1,0,32
BRDA:40,2,0,29
BRDA:41,3,0,5
BRDA:41,4,0,24
BRDA:45,5,0,72
BRDA:46,6,0,48
BRDA:49,7,0,24
BRDA:57,8,0,6
BRDA:65,9,0,18
BRDA:72,10,0,4
BRDA:72,11,0,4
BRDA:74,12,0,1
BRDA:76,13,0,3
BRDA:77,14,0,1
BRDA:79,15,0,2
BRDA:81,16,0,14
BRDA:88,17,0,0
BRDA:90,18,0,14
BRDA:94,19,0,2
BRDA:97,20,0,1
BRDA:100,21,0,1
BRDA:103,22,0,9
BRDA:104,23,0,10
BRDA:85,24,0,42
BRDA:86,25,0,28
BRDA:112,26,0,5
BRDA:116,27,0,1
BRDA:116,28,0,4
BRDA:129,29,0,2
BRDA:133,30,0,2
BRDA:136,31,0,0
BRDA:143,32,0,1
BRDA:147,33,0,1
BRDA:150,34,0,0
BRDA:157,35,0,1
BRDA:168,36,0,0
BRDA:166,37,0,2
BRDA:177,38,0,10
BRDA:204,39,0,0
BRDA:187,40,0,20
BRDA:201,41,0,10
BRDA:213,42,0,3
BRDA:220,43,0,2
BRF:44
BRH:39
end_of_record
TN:
SF:src/backends/index.ts
FNF:0
FNH:0
DA:1,1
LF:1
LH:1
BRF:0
BRH:0
end_of_record
TN:
SF:src/backends/javascript-backend.ts
FN:20,<instance_members_initializer>
FN:23,isAvailable
FN:28,compile
FN:77,compileProgram
FN:257,getExecutionOrder
FN:262,visit
FN:283,estimateCompilationTime
FN:288,estimatePerformanceScore
FNF:8
FNH:8
FNDA:79,<instance_members_initializer>
FNDA:26,isAvailable
FNDA:48,compile
FNDA:48,compileProgram
FNDA:48,getExecutionOrder
FNDA:113,visit
FNDA:12,estimateCompilationTime
FNDA:11,estimatePerformanceScore
DA:1,1
DA:19,1
DA:20,1
DA:21,79
DA:23,1
DA:25,26
DA:26,26
DA:28,1
DA:29,48
DA:30,48
DA:31,48
DA:32,48
DA:34,48
DA:36,48
DA:37,48
DA:38,0
DA:39,0
DA:42,48
DA:45,48
DA:48,48
DA:49,48
DA:51,48
DA:52,48
DA:54,0
DA:55,0
DA:57,0
DA:58,0
DA:60,48
DA:62,48
DA:63,48
DA:64,48
DA:65,48
DA:66,48
DA:67,48
DA:68,48
DA:69,48
DA:70,48
DA:71,48
DA:72,48
DA:73,0
DA:74,0
DA:75,48
DA:77,1
DA:79,48
DA:80,48
DA:82,48
DA:83,113
DA:84,113
DA:85,35
DA:86,35
DA:89,35
DA:90,35
DA:91,35
DA:92,35
DA:94,35
DA:95,0
DA:96,0
DA:97,0
DA:98,0
DA:100,35
DA:101,35
DA:102,35
DA:104,113
DA:105,19
DA:106,19
DA:109,19
DA:110,19
DA:111,19
DA:112,19
DA:114,19
DA:115,0
DA:116,0
DA:117,0
DA:118,0
DA:120,19
DA:121,19
DA:122,19
DA:124,113
DA:125,10
DA:126,10
DA:127,10
DA:128,10
DA:129,10
DA:131,113
DA:132,0
DA:133,0
DA:134,0
DA:135,0
DA:136,0
DA:137,0
DA:138,0
DA:139,0
DA:140,0
DA:141,0
DA:142,0
DA:143,0
DA:144,0
DA:145,0
DA:146,0
DA:147,0
DA:148,0
DA:149,0
DA:150,0
DA:152,113
DA:153,0
DA:154,0
DA:155,0
DA:156,0
DA:157,0
DA:158,0
DA:159,0
DA:160,0
DA:161,0
DA:162,0
DA:163,0
DA:164,0
DA:165,0
DA:166,0
DA:167,0
DA:168,0
DA:169,0
DA:170,0
DA:171,0
DA:172,0
DA:174,113
DA:175,0
DA:176,0
DA:177,0
DA:178,0
DA:179,0
DA:181,113
DA:182,0
DA:183,0
DA:184,0
DA:185,0
DA:187,113
DA:189,49
DA:190,113
DA:191,113
DA:194,48
DA:195,48
DA:197,48
DA:198,47
DA:201,47
DA:202,47
DA:203,47
DA:206,47
DA:207,111
DA:208,0
DA:209,0
DA:210,0
DA:211,111
DA:214,47
DA:215,111
DA:216,111
DA:218,111
DA:219,47
DA:220,47
DA:222,64
DA:223,111
DA:224,0
DA:225,0
DA:228,64
DA:229,64
DA:230,64
DA:231,0
DA:232,0
DA:233,64
DA:234,64
DA:237,64
DA:238,64
DA:239,64
DA:240,111
DA:241,0
DA:242,0
DA:243,111
DA:246,47
DA:247,47
DA:248,47
DA:249,0
DA:250,0
DA:251,47
DA:252,48
DA:257,1
DA:258,48
DA:259,48
DA:260,48
DA:262,48
DA:263,113
DA:264,113
DA:266,113
DA:267,113
DA:269,113
DA:270,65
DA:271,65
DA:273,113
DA:274,113
DA:276,48
DA:277,48
DA:278,48
DA:280,48
DA:281,48
DA:283,1
DA:285,12
DA:286,12
DA:288,1
DA:291,11
DA:292,11
DA:293,1
LF:209
LH:134
BRDA:20,0,0,79
BRDA:23,1,0,26
BRDA:28,2,0,48
BRDA:37,3,0,0
BRDA:52,4,0,0
BRDA:68,5,0,0
BRDA:72,6,0,0
BRDA:77,7,0,48
BRDA:82,8,0,113
BRDA:84,9,0,35
BRDA:94,10,0,0
BRDA:104,11,0,19
BRDA:114,12,0,0
BRDA:124,13,0,10
BRDA:131,14,0,0
BRDA:152,15,0,0
BRDA:174,16,0,0
BRDA:181,17,0,0
BRDA:187,18,0,49
BRDA:80,19,0,113
BRDA:100,20,0,35
BRDA:120,21,0,19
BRDA:194,22,0,113
BRDA:197,23,0,47
BRDA:206,24,0,111
BRDA:207,25,0,0
BRDA:214,26,0,111
BRDA:216,27,0,0
BRDA:218,28,0,64
BRDA:218,29,0,47
BRDA:220,30,0,64
BRDA:223,31,0,0
BRDA:225,32,0,64
BRDA:240,33,0,0
BRDA:248,34,0,0
BRDA:228,35,0,64
BRDA:230,36,0,0
BRDA:257,37,0,48
BRDA:258,38,0,113
BRDA:262,39,0,113
BRDA:263,40,0,0
BRDA:267,41,0,0
BRDA:269,42,0,65
BRDA:283,43,0,12
BRDA:288,44,0,11
BRF:45
BRH:27
end_of_record
TN:
SF:src/backends/llvm-backend.ts
FN:18,<instance_members_initializer>
FN:22,emit
FN:26,allocRegister
FN:30,allocLabel
FN:34,toString
FN:40,<instance_members_initializer>
FN:45,isAvailable
FN:62,compile
FN:104,generateLLVMIR
FN:153,generateLLVMHelpers
FN:193,compileLLVMIR
FN:214,getOptimizationPasses
FN:239,estimateCompilationTime
FN:245,estimatePerformanceScore
FNF:14
FNH:5
FNDA:0,<instance_members_initializer>
FNDA:0,emit
FNDA:0,allocRegister
FNDA:0,allocLabel
FNDA:0,toString
FNDA:55,<instance_members_initializer>
FNDA:40,isAvailable
FNDA:10,compile
FNDA:0,generateLLVMIR
FNDA:0,generateLLVMHelpers
FNDA:0,compileLLVMIR
FNDA:0,getOptimizationPasses
FNDA:5,estimateCompilationTime
FNDA:4,estimatePerformanceScore
DA:1,1
DA:17,1
DA:18,1
DA:19,0
DA:20,0
DA:22,1
DA:23,0
DA:24,0
DA:26,1
DA:27,0
DA:28,0
DA:30,1
DA:31,0
DA:32,0
DA:34,1
DA:35,0
DA:36,0
DA:37,1
DA:39,1
DA:40,1
DA:41,55
DA:43,55
DA:45,1
DA:46,40
DA:47,2
DA:48,2
DA:50,38
DA:53,38
DA:54,38
DA:55,38
DA:56,40
DA:57,0
DA:58,0
DA:59,0
DA:60,40
DA:62,1
DA:63,10
DA:64,10
DA:65,10
DA:66,10
DA:68,10
DA:69,10
DA:70,10
DA:71,10
DA:72,10
DA:74,0
DA:76,0
DA:79,0
DA:81,0
DA:83,0
DA:84,0
DA:85,0
DA:86,0
DA:87,0
DA:88,0
DA:89,10
DA:90,10
DA:91,10
DA:92,10
DA:93,10
DA:94,0
DA:95,0
DA:96,10
DA:104,1
DA:105,0
DA:108,0
DA:109,0
DA:110,0
DA:111,0
DA:112,0
DA:113,0
DA:114,0
DA:117,0
DA:118,0
DA:119,0
DA:120,0
DA:121,0
DA:122,0
DA:123,0
DA:124,0
DA:125,0
DA:128,0
DA:131,0
DA:132,0
DA:133,0
DA:137,0
DA:138,0
DA:141,0
DA:142,0
DA:143,0
DA:144,0
DA:145,0
DA:147,0
DA:148,0
DA:153,1
DA:154,0
DA:155,0
DA:157,0
DA:158,0
DA:160,0
DA:161,0
DA:163,0
DA:164,0
DA:165,0
DA:166,0
DA:167,0
DA:168,0
DA:169,0
DA:170,0
DA:171,0
DA:173,0
DA:174,0
DA:175,0
DA:176,0
DA:177,0
DA:178,0
DA:179,0
DA:180,0
DA:181,0
DA:182,0
DA:183,0
DA:193,1
DA:194,0
DA:195,0
DA:196,0
DA:204,0
DA:205,0
DA:208,0
DA:209,0
DA:214,1
DA:215,0
DA:216,0
DA:217,0
DA:218,0
DA:219,0
DA:220,0
DA:221,0
DA:222,0
DA:223,0
DA:224,0
DA:225,0
DA:226,0
DA:227,0
DA:228,0
DA:229,0
DA:230,0
DA:231,0
DA:232,0
DA:233,0
DA:234,0
DA:235,0
DA:236,0
DA:237,0
DA:239,1
DA:242,5
DA:243,5
DA:245,1
DA:248,4
DA:249,4
DA:250,1
LF:160
LH:49
BRDA:18,0,0,0
BRDA:40,1,0,55
BRDA:45,2,0,40
BRDA:46,3,0,2
BRDA:48,4,0,38
BRDA:56,5,0,0
BRDA:53,6,0,38
BRDA:62,7,0,10
BRDA:72,8,0,0
BRDA:89,9,0,0
BRDA:90,10,0,0
BRDA:93,11,0,0
BRDA:239,12,0,5
BRDA:245,13,0,4
BRF:14
BRH:8
end_of_record
TN:
SF:src/backends/types.ts
FNF:0
FNH:0
DA:1,1
DA:12,1
DA:17,1
DA:24,1
DA:31,1
DA:124,1
DA:126,1
DA:129,1
DA:132,1
DA:135,1
DA:138,1
LF:11
LH:11
BRDA:12,0,0,8
BRDA:124,1,0,8
BRF:2
BRH:2
end_of_record
TN:
SF:src/backends/wasm-backend.ts
FN:18,<instance_members_initializer>
FN:24,emit
FN:28,allocLocal
FN:32,allocFunction
FN:41,allocLiteral
FN:59,getLiterals
FN:67,toString
FN:77,serializeValue
FN:105,<instance_members_initializer>
FN:108,isAvailable
FN:113,compile
FN:139,execute
FN:166,generateWAT
FN:217,generateHelperFunctions
FN:271,compilePredicateToWAT
FN:278,emit
FN:368,compileTransformToWAT
FN:375,emit
FN:512,compileReductionToWAT
FN:519,emit
FN:758,generateExecuteFunction
FN:1064,getComparisonOp
FN:1086,getTypeCode
FN:1101,getStringOpCode
FN:1119,compileWAT
FN:1159,createImports
FN:1172,storeValue
FN:1178,loadValue
FN:1186,log
FN:1189,typeof_val
FN:1202,get_property
FN:1226,string_op
FN:1243,array_length
FN:1248,array_get
FN:1256,array_set
FN:1264,array_push
FN:1272,create_array
FN:1277,store_value
FN:1281,load_value
FN:1287,array_slice
FN:1295,array_concat
FN:1304,array_flatten
FN:1320,array_distinct
FN:1327,array_sort
FN:1352,executeWasm
FN:1369,estimateCompilationTime
FN:1374,estimatePerformanceScore
FNF:47
FNH:31
FNDA:46,<instance_members_initializer>
FNDA:2848,emit
FNDA:0,allocLocal
FNDA:31,allocFunction
FNDA:3,allocLiteral
FNDA:41,getLiterals
FNDA:41,toString
FNDA:19,serializeValue
FNDA:77,<instance_members_initializer>
FNDA:28,isAvailable
FNDA:46,compile
FNDA:1,execute
FNDA:46,generateWAT
FNDA:46,generateHelperFunctions
FNDA:14,compilePredicateToWAT
FNDA:55,emit
FNDA:14,compileTransformToWAT
FNDA:71,emit
FNDA:11,compileReductionToWAT
FNDA:173,emit
FNDA:43,generateExecuteFunction
FNDA:9,getComparisonOp
FNDA:1,getTypeCode
FNDA:1,getStringOpCode
FNDA:41,compileWAT
FNDA:40,createImports
FNDA:2,storeValue
FNDA:1,loadValue
FNDA:0,log
FNDA:0,typeof_val
FNDA:0,get_property
FNDA:0,string_op
FNDA:0,array_length
FNDA:0,array_get
FNDA:0,array_set
FNDA:0,array_push
FNDA:0,create_array
FNDA:1,store_value
FNDA:0,load_value
FNDA:0,array_slice
FNDA:0,array_concat
FNDA:0,array_flatten
FNDA:0,array_distinct
FNDA:0,array_sort
FNDA:1,executeWasm
FNDA:16,estimateCompilationTime
FNDA:15,estimatePerformanceScore
DA:1,1
DA:17,1
DA:18,1
DA:19,46
DA:20,46
DA:21,46
DA:22,46
DA:24,1
DA:25,2848
DA:26,2848
DA:28,1
DA:29,0
DA:30,0
DA:32,1
DA:33,31
DA:34,31
DA:41,1
DA:42,3
DA:43,3
DA:44,3
DA:45,0
DA:46,0
DA:49,3
DA:50,3
DA:51,3
DA:52,3
DA:53,3
DA:59,1
DA:60,41
DA:61,41
DA:62,3
DA:63,3
DA:64,41
DA:65,41
DA:67,1
DA:68,41
DA:69,41
DA:70,1
DA:77,19
DA:78,19
DA:79,19
DA:80,19
DA:81,0
DA:82,0
DA:83,0
DA:84,0
DA:85,0
DA:86,0
DA:89,0
DA:90,0
DA:91,0
DA:92,0
DA:95,0
DA:96,0
DA:97,0
DA:98,0
DA:100,0
DA:101,0
DA:102,19
DA:104,1
DA:105,1
DA:106,77
DA:108,1
DA:110,28
DA:111,28
DA:113,1
DA:114,46
DA:115,46
DA:116,46
DA:117,46
DA:119,46
DA:121,46
DA:124,46
DA:127,40
DA:130,40
DA:131,40
DA:132,40
DA:136,40
DA:139,40
DA:140,1
DA:141,1
DA:143,40
DA:145,40
DA:146,40
DA:147,40
DA:148,40
DA:149,40
DA:150,40
DA:151,40
DA:152,46
DA:153,46
DA:154,46
DA:155,46
DA:156,6
DA:157,6
DA:158,46
DA:166,1
DA:167,46
DA:168,46
DA:169,46
DA:170,46
DA:173,46
DA:174,46
DA:177,46
DA:178,46
DA:181,46
DA:182,46
DA:183,46
DA:184,46
DA:185,46
DA:186,46
DA:187,46
DA:188,46
DA:189,46
DA:190,46
DA:191,46
DA:192,46
DA:193,46
DA:194,46
DA:195,46
DA:196,46
DA:197,46
DA:198,46
DA:201,46
DA:204,46
DA:206,46
DA:208,46
DA:209,46
DA:210,46
DA:211,46
DA:212,46
DA:217,1
DA:218,46
DA:219,46
DA:220,46
DA:221,46
DA:224,46
DA:226,46
DA:227,46
DA:230,46
DA:231,91
DA:232,8
DA:233,8
DA:234,8
DA:235,8
DA:236,8
DA:237,8
DA:238,8
DA:239,8
DA:240,8
DA:241,91
DA:242,12
DA:243,12
DA:244,12
DA:245,12
DA:246,12
DA:247,12
DA:248,12
DA:249,12
DA:250,12
DA:251,83
DA:252,11
DA:253,11
DA:254,11
DA:255,11
DA:256,11
DA:257,11
DA:258,11
DA:259,11
DA:260,11
DA:261,11
DA:262,91
DA:264,43
DA:265,46
DA:271,1
DA:272,14
DA:273,14
DA:274,14
DA:275,14
DA:276,14
DA:277,14
DA:278,14
DA:280,14
DA:281,14
DA:282,1
DA:283,1
DA:285,14
DA:287,7
DA:288,7
DA:290,7
DA:292,7
DA:293,7
DA:294,7
DA:296,14
DA:298,2
DA:299,2
DA:301,2
DA:302,2
DA:303,2
DA:304,2
DA:306,2
DA:308,2
DA:309,2
DA:310,2
DA:312,14
DA:313,1
DA:314,1
DA:315,1
DA:316,1
DA:317,1
DA:318,1
DA:319,1
DA:321,14
DA:323,1
DA:325,0
DA:326,1
DA:328,1
DA:329,1
DA:330,1
DA:331,1
DA:332,1
DA:333,1
DA:334,1
DA:335,1
DA:336,1
DA:337,1
DA:339,14
DA:341,1
DA:342,1
DA:343,2
DA:344,2
DA:345,2
DA:346,2
DA:347,1
DA:348,1
DA:350,14
DA:351,1
DA:352,1
DA:353,1
DA:354,1
DA:355,1
DA:357,14
DA:358,0
DA:359,14
DA:361,14
DA:362,14
DA:368,1
DA:369,14
DA:370,14
DA:371,14
DA:372,14
DA:373,14
DA:374,14
DA:375,14
DA:377,14
DA:378,14
DA:379,0
DA:380,0
DA:381,0
DA:383,14
DA:384,3
DA:385,3
DA:386,3
DA:387,3
DA:389,14
DA:391,1
DA:392,1
DA:393,0
DA:394,1
DA:395,1
DA:396,1
DA:397,1
DA:398,1
DA:399,1
DA:400,1
DA:402,14
DA:403,6
DA:404,6
DA:405,6
DA:406,1
DA:407,6
DA:408,5
DA:409,5
DA:410,5
DA:411,1
DA:412,1
DA:413,5
DA:414,1
DA:415,1
DA:416,5
DA:417,1
DA:418,1
DA:419,5
DA:420,1
DA:421,1
DA:422,5
DA:423,1
DA:424,1
DA:425,1
DA:426,5
DA:427,0
DA:428,5
DA:429,5
DA:430,6
DA:431,6
DA:432,6
DA:433,6
DA:435,14
DA:436,1
DA:437,1
DA:438,1
DA:439,1
DA:440,1
DA:441,1
DA:442,1
DA:444,14
DA:445,1
DA:446,1
DA:447,1
DA:448,1
DA:449,1
DA:450,1
DA:451,1
DA:452,0
DA:453,0
DA:454,0
DA:455,1
DA:456,1
DA:458,14
DA:459,1
DA:460,1
DA:461,1
DA:462,1
DA:463,1
DA:464,1
DA:465,1
DA:466,1
DA:467,1
DA:468,1
DA:469,1
DA:470,1
DA:471,1
DA:472,1
DA:473,1
DA:475,14
DA:484,1
DA:485,0
DA:486,0
DA:487,1
DA:489,0
DA:490,0
DA:491,0
DA:492,1
DA:495,1
DA:496,1
DA:497,1
DA:498,1
DA:499,1
DA:501,14
DA:502,0
DA:503,0
DA:504,14
DA:506,14
DA:507,14
DA:512,1
DA:513,11
DA:514,11
DA:515,11
DA:516,11
DA:517,11
DA:518,11
DA:519,11
DA:521,11
DA:522,11
DA:523,1
DA:524,1
DA:525,1
DA:526,1
DA:527,1
DA:528,1
DA:529,1
DA:530,1
DA:531,1
DA:532,1
DA:533,1
DA:534,1
DA:535,1
DA:536,1
DA:537,1
DA:538,1
DA:539,1
DA:540,1
DA:541,1
DA:542,1
DA:543,1
DA:544,1
DA:545,1
DA:546,1
DA:547,1
DA:548,1
DA:549,1
DA:550,1
DA:551,1
DA:552,1
DA:553,1
DA:555,11
DA:556,1
DA:557,1
DA:558,1
DA:559,1
DA:560,1
DA:561,1
DA:562,1
DA:563,1
DA:564,1
DA:565,1
DA:566,1
DA:567,1
DA:568,1
DA:569,1
DA:570,1
DA:571,1
DA:572,1
DA:573,1
DA:574,1
DA:575,1
DA:576,1
DA:577,1
DA:578,1
DA:579,1
DA:580,1
DA:581,1
DA:582,1
DA:583,1
DA:584,1
DA:585,1
DA:586,1
DA:588,11
DA:589,1
DA:590,1
DA:591,1
DA:592,1
DA:593,1
DA:594,1
DA:595,1
DA:596,1
DA:597,1
DA:598,1
DA:599,1
DA:600,1
DA:601,1
DA:602,1
DA:603,1
DA:604,1
DA:605,1
DA:606,1
DA:607,1
DA:608,1
DA:609,1
DA:610,1
DA:611,1
DA:612,1
DA:613,1
DA:614,1
DA:615,1
DA:616,1
DA:617,1
DA:618,1
DA:619,1
DA:620,1
DA:621,1
DA:622,1
DA:623,1
DA:624,1
DA:625,1
DA:627,11
DA:628,1
DA:629,1
DA:630,1
DA:631,1
DA:632,1
DA:633,1
DA:634,1
DA:635,1
DA:636,1
DA:637,1
DA:638,1
DA:639,1
DA:640,1
DA:641,1
DA:642,1
DA:643,1
DA:644,1
DA:645,1
DA:646,1
DA:647,1
DA:648,1
DA:649,1
DA:650,1
DA:651,1
DA:652,1
DA:653,1
DA:654,1
DA:655,1
DA:656,1
DA:657,1
DA:658,1
DA:659,1
DA:660,1
DA:661,1
DA:662,1
DA:663,1
DA:664,1
DA:666,11
DA:667,1
DA:668,1
DA:669,1
DA:670,1
DA:671,1
DA:672,1
DA:673,1
DA:674,1
DA:675,1
DA:676,1
DA:677,1
DA:678,1
DA:679,1
DA:680,1
DA:681,1
DA:682,1
DA:683,1
DA:684,1
DA:685,1
DA:686,1
DA:687,1
DA:688,1
DA:689,1
DA:690,1
DA:691,1
DA:692,1
DA:693,1
DA:694,1
DA:695,1
DA:696,1
DA:697,1
DA:698,1
DA:699,1
DA:700,1
DA:702,11
DA:703,1
DA:704,1
DA:705,1
DA:706,1
DA:707,1
DA:708,1
DA:710,11
DA:711,1
DA:712,1
DA:713,1
DA:714,1
DA:715,1
DA:717,11
DA:718,1
DA:719,1
DA:720,1
DA:721,1
DA:722,1
DA:723,1
DA:724,1
DA:725,1
DA:727,11
DA:728,1
DA:729,1
DA:732,1
DA:734,11
DA:735,1
DA:736,1
DA:739,1
DA:741,11
DA:742,1
DA:743,1
DA:746,1
DA:748,11
DA:749,0
DA:750,11
DA:752,8
DA:753,11
DA:758,1
DA:759,43
DA:760,43
DA:761,43
DA:762,43
DA:763,43
DA:764,43
DA:767,43
DA:768,43
DA:769,85
DA:770,85
DA:771,85
DA:772,85
DA:775,43
DA:776,43
DA:777,43
DA:778,85
DA:779,85
DA:780,85
DA:782,43
DA:783,8
DA:784,8
DA:785,8
DA:786,8
DA:787,8
DA:789,43
DA:790,12
DA:791,12
DA:792,12
DA:793,12
DA:794,12
DA:796,43
DA:799,43
DA:800,43
DA:801,85
DA:802,85
DA:804,85
DA:806,85
DA:807,85
DA:808,43
DA:809,43
DA:810,43
DA:811,43
DA:813,85
DA:814,7
DA:815,7
DA:816,7
DA:817,7
DA:818,7
DA:819,7
DA:820,7
DA:822,85
DA:823,8
DA:824,8
DA:825,8
DA:826,8
DA:829,8
DA:830,8
DA:831,8
DA:832,8
DA:833,8
DA:834,8
DA:835,8
DA:836,8
DA:837,8
DA:838,8
DA:839,8
DA:840,8
DA:841,8
DA:842,8
DA:843,8
DA:844,8
DA:845,8
DA:846,8
DA:847,8
DA:848,8
DA:849,8
DA:850,8
DA:851,8
DA:852,8
DA:853,8
DA:854,8
DA:855,8
DA:856,8
DA:857,8
DA:858,8
DA:859,8
DA:860,8
DA:861,8
DA:862,8
DA:863,8
DA:864,8
DA:865,8
DA:866,8
DA:867,8
DA:868,8
DA:869,8
DA:870,8
DA:871,8
DA:872,8
DA:873,8
DA:874,8
DA:875,0
DA:876,0
DA:877,0
DA:878,8
DA:879,8
DA:881,85
DA:882,12
DA:883,12
DA:884,12
DA:885,12
DA:888,12
DA:889,12
DA:890,12
DA:891,12
DA:892,12
DA:893,12
DA:894,12
DA:895,12
DA:896,12
DA:897,12
DA:898,12
DA:899,12
DA:900,12
DA:901,12
DA:902,12
DA:903,12
DA:904,12
DA:905,12
DA:906,12
DA:907,12
DA:908,12
DA:909,12
DA:910,12
DA:911,12
DA:912,12
DA:913,12
DA:914,12
DA:915,12
DA:916,12
DA:917,12
DA:918,12
DA:919,12
DA:920,12
DA:921,12
DA:922,12
DA:923,12
DA:924,12
DA:925,12
DA:926,12
DA:927,12
DA:928,12
DA:929,12
DA:930,12
DA:931,0
DA:932,0
DA:933,0
DA:934,12
DA:935,12
DA:937,85
DA:938,8
DA:939,8
DA:940,8
DA:941,8
DA:942,8
DA:943,8
DA:944,8
DA:945,8
DA:946,8
DA:947,8
DA:949,85
DA:950,1
DA:951,1
DA:952,1
DA:953,1
DA:954,1
DA:956,1
DA:957,1
DA:958,1
DA:959,1
DA:960,1
DA:961,1
DA:962,1
DA:964,85
DA:965,1
DA:966,1
DA:967,0
DA:968,0
DA:969,1
DA:970,1
DA:971,1
DA:972,1
DA:973,1
DA:974,1
DA:975,1
DA:976,1
DA:977,1
DA:978,1
DA:979,1
DA:980,1
DA:981,1
DA:982,1
DA:984,85
DA:985,1
DA:986,1
DA:987,1
DA:988,1
DA:990,1
DA:991,1
DA:992,1
DA:993,1
DA:994,1
DA:995,1
DA:997,85
DA:998,1
DA:999,1
DA:1000,1
DA:1001,1
DA:1002,1
DA:1003,1
DA:1004,1
DA:1006,85
DA:1007,1
DA:1008,1
DA:1009,1
DA:1010,1
DA:1012,1
DA:1013,1
DA:1014,1
DA:1015,1
DA:1016,1
DA:1017,1
DA:1019,85
DA:1020,1
DA:1021,1
DA:1024,1
DA:1026,85
DA:1027,1
DA:1028,1
DA:1031,1
DA:1033,85
DA:1034,0
DA:1035,0
DA:1036,0
DA:1037,85
DA:1038,83
DA:1039,83
DA:1042,41
DA:1043,40
DA:1044,40
DA:1045,40
DA:1046,40
DA:1047,40
DA:1048,40
DA:1049,0
DA:1050,0
DA:1051,40
DA:1052,0
DA:1053,0
DA:1054,43
DA:1055,1
DA:1056,1
DA:1058,41
DA:1059,43
DA:1064,1
DA:1065,9
DA:1066,9
DA:1067,1
DA:1068,9
DA:1069,0
DA:1070,9
DA:1071,5
DA:1072,9
DA:1073,1
DA:1074,9
DA:1075,2
DA:1076,9
DA:1077,0
DA:1078,9
DA:1079,0
DA:1080,9
DA:1081,9
DA:1086,1
DA:1087,1
DA:1088,1
DA:1089,1
DA:1090,1
DA:1091,1
DA:1092,1
DA:1093,1
DA:1094,1
DA:1095,1
DA:1096,1
DA:1101,1
DA:1102,1
DA:1103,1
DA:1104,1
DA:1105,1
DA:1106,1
DA:1107,1
DA:1108,1
DA:1109,1
DA:1110,1
DA:1111,1
DA:1112,1
DA:1119,1
DA:1120,41
DA:1122,41
DA:1124,41
DA:1126,41
DA:1127,41
DA:1128,41
DA:1129,41
DA:1130,41
DA:1133,0
DA:1134,0
DA:1135,0
DA:1136,0
DA:1137,0
DA:1138,0
DA:1141,0
DA:1142,0
DA:1145,0
DA:1146,35
DA:1147,1
DA:1149,0
DA:1150,0
DA:1152,1
DA:1153,1
DA:1154,41
DA:1159,1
DA:1160,40
DA:1161,40
DA:1164,40
DA:1165,40
DA:1168,40
DA:1169,3
DA:1170,3
DA:1172,40
DA:1173,2
DA:1174,2
DA:1175,2
DA:1176,2
DA:1178,40
DA:1179,1
DA:1180,1
DA:1182,40
DA:1183,40
DA:1184,40
DA:1185,40
DA:1186,40
DA:1189,40
DA:1190,0
DA:1191,0
DA:1192,0
DA:1193,0
DA:1194,0
DA:1195,0
DA:1196,0
DA:1197,0
DA:1198,0
DA:1199,0
DA:1202,40
DA:1203,0
DA:1204,0
DA:1206,0
DA:1207,0
DA:1208,0
DA:1211,0
DA:1212,0
DA:1214,0
DA:1216,0
DA:1217,0
DA:1218,0
DA:1219,0
DA:1220,0
DA:1222,0
DA:1223,0
DA:1226,40
DA:1227,0
DA:1228,0
DA:1230,0
DA:1231,0
DA:1232,0
DA:1233,0
DA:1234,0
DA:1235,0
DA:1236,0
DA:1237,0
DA:1238,0
DA:1239,0
DA:1240,0
DA:1243,40
DA:1244,0
DA:1245,0
DA:1246,0
DA:1248,40
DA:1249,0
DA:1250,0
DA:1251,0
DA:1252,0
DA:1253,0
DA:1254,0
DA:1256,40
DA:1257,0
DA:1258,0
DA:1259,0
DA:1260,0
DA:1261,0
DA:1262,0
DA:1264,40
DA:1265,0
DA:1266,0
DA:1267,0
DA:1268,0
DA:1269,0
DA:1270,0
DA:1272,40
DA:1273,0
DA:1274,0
DA:1277,40
DA:1278,1
DA:1279,1
DA:1281,40
DA:1282,0
DA:1283,0
DA:1284,0
DA:1287,40
DA:1288,0
DA:1289,0
DA:1290,0
DA:1291,0
DA:1292,0
DA:1295,40
DA:1296,0
DA:1297,0
DA:1298,0
DA:1299,0
DA:1300,0
DA:1301,0
DA:1304,40
DA:1305,0
DA:1306,0
DA:1308,0
DA:1309,0
DA:1310,0
DA:1311,0
DA:1312,0
DA:1313,0
DA:1314,0
DA:1316,0
DA:1317,0
DA:1320,40
DA:1321,0
DA:1322,0
DA:1323,0
DA:1324,0
DA:1327,40
DA:1328,0
DA:1329,0
DA:1331,0
DA:1332,0
DA:1333,0
DA:1334,0
DA:1335,0
DA:1336,0
DA:1337,0
DA:1338,0
DA:1339,0
DA:1341,0
DA:1342,0
DA:1343,40
DA:1344,40
DA:1346,40
DA:1347,40
DA:1352,1
DA:1353,1
DA:1354,1
DA:1355,1
DA:1356,1
DA:1357,1
DA:1360,1
DA:1363,1
DA:1366,1
DA:1367,1
DA:1369,1
DA:1371,16
DA:1372,16
DA:1374,1
DA:1376,15
DA:1377,15
DA:1378,1
LF:1080
LH:910
BRDA:18,0,0,46
BRDA:24,1,0,2848
BRDA:32,2,0,31
BRDA:41,3,0,3
BRDA:44,4,0,0
BRDA:59,5,0,41
BRDA:61,6,0,3
BRDA:67,7,0,41
BRDA:77,8,0,19
BRDA:80,9,0,0
BRDA:105,10,0,77
BRDA:108,11,0,28
BRDA:113,12,0,46
BRDA:124,13,0,40
BRDA:152,14,0,2
BRDA:152,15,0,38
BRDA:155,16,0,6
BRDA:139,17,0,1
BRDA:166,18,0,46
BRDA:217,19,0,46
BRDA:230,20,0,91
BRDA:231,21,0,8
BRDA:241,22,0,83
BRDA:241,23,0,12
BRDA:251,24,0,71
BRDA:251,25,0,11
BRDA:262,26,0,43
BRDA:271,27,0,14
BRDA:281,28,0,1
BRDA:282,29,0,0
BRDA:285,30,0,7
BRDA:296,31,0,2
BRDA:312,32,0,1
BRDA:321,33,0,1
BRDA:323,34,0,0
BRDA:339,35,0,1
BRDA:342,36,0,2
BRDA:350,37,0,1
BRDA:357,38,0,0
BRDA:278,39,0,55
BRDA:368,40,0,14
BRDA:378,41,0,0
BRDA:383,42,0,3
BRDA:389,43,0,1
BRDA:392,44,0,0
BRDA:402,45,0,6
BRDA:405,46,0,1
BRDA:407,47,0,5
BRDA:410,48,0,1
BRDA:413,49,0,1
BRDA:416,50,0,1
BRDA:419,51,0,1
BRDA:422,52,0,1
BRDA:426,53,0,0
BRDA:435,54,0,1
BRDA:444,55,0,1
BRDA:451,56,0,0
BRDA:458,57,0,1
BRDA:475,58,0,1
BRDA:484,59,0,0
BRDA:487,60,0,0
BRDA:501,61,0,0
BRDA:375,62,0,71
BRDA:512,63,0,11
BRDA:522,64,0,1
BRDA:555,65,0,1
BRDA:588,66,0,1
BRDA:627,67,0,1
BRDA:666,68,0,1
BRDA:702,69,0,1
BRDA:710,70,0,1
BRDA:717,71,0,1
BRDA:727,72,0,1
BRDA:734,73,0,1
BRDA:741,74,0,1
BRDA:748,75,0,0
BRDA:750,76,0,8
BRDA:519,77,0,173
BRDA:758,78,0,43
BRDA:768,79,0,85
BRDA:777,80,0,85
BRDA:778,81,0,8
BRDA:779,82,0,12
BRDA:782,83,0,8
BRDA:789,84,0,12
BRDA:800,85,0,85
BRDA:802,86,0,0
BRDA:807,87,0,43
BRDA:813,88,0,7
BRDA:822,89,0,8
BRDA:824,90,0,0
BRDA:824,91,0,1
BRDA:874,92,0,0
BRDA:881,93,0,12
BRDA:883,94,0,0
BRDA:883,95,0,0
BRDA:930,96,0,0
BRDA:937,97,0,8
BRDA:939,98,0,0
BRDA:939,99,0,0
BRDA:949,100,0,1
BRDA:951,101,0,0
BRDA:951,102,0,0
BRDA:953,103,0,0
BRDA:954,104,0,0
BRDA:964,105,0,1
BRDA:966,106,0,0
BRDA:970,107,0,0
BRDA:970,108,0,0
BRDA:973,109,0,0
BRDA:984,110,0,1
BRDA:986,111,0,0
BRDA:986,112,0,0
BRDA:988,113,0,0
BRDA:997,114,0,1
BRDA:999,115,0,0
BRDA:999,116,0,0
BRDA:1006,117,0,1
BRDA:1008,118,0,0
BRDA:1008,119,0,0
BRDA:1010,120,0,0
BRDA:1019,121,0,1
BRDA:1026,122,0,1
BRDA:1033,123,0,0
BRDA:1037,124,0,83
BRDA:1039,125,0,41
BRDA:1042,126,0,40
BRDA:1048,127,0,0
BRDA:1051,128,0,0
BRDA:1054,129,0,1
BRDA:1056,130,0,41
BRDA:801,131,0,130
BRDA:1064,132,0,9
BRDA:1066,133,0,1
BRDA:1068,134,0,0
BRDA:1070,135,0,5
BRDA:1072,136,0,1
BRDA:1074,137,0,2
BRDA:1076,138,0,0
BRDA:1078,139,0,0
BRDA:1086,140,0,1
BRDA:1095,141,0,0
BRDA:1101,142,0,1
BRDA:1111,143,0,0
BRDA:1119,144,0,41
BRDA:1130,145,0,35
BRDA:1130,146,0,0
BRDA:1146,147,0,1
BRDA:1147,148,0,0
BRDA:1159,149,0,40
BRDA:1168,150,0,3
BRDA:1172,151,0,2
BRDA:1178,152,0,1
BRDA:1277,153,0,1
BRDA:1352,154,0,1
BRDA:1369,155,0,16
BRDA:1374,156,0,15
BRF:157
BRH:110
end_of_record
TN:
SF:src/core/debugger.ts
FN:16,<instance_members_initializer>
FN:27,log
FN:36,recordExecution
FN:52,validateOutput
FN:82,clearTraces
FN:89,getTraceSummary
FN:121,<instance_members_initializer>
FN:125,IOCDebugger
FN:145,trace
FN:172,bisect
FN:199,compare
FN:227,formatComparison
FN:243,explainNode
FNF:13
FNH:13
FNDA:20,<instance_members_initializer>
FNDA:2,log
FNDA:5,recordExecution
FNDA:4,validateOutput
FNDA:2,clearTraces
FNDA:2,getTraceSummary
FNDA:9,<instance_members_initializer>
FNDA:9,IOCDebugger
FNDA:1,trace
FNDA:1,bisect
FNDA:1,compare
FNDA:1,formatComparison
FNDA:3,explainNode
DA:1,1
DA:15,1
DA:16,1
DA:17,20
DA:18,20
DA:19,20
DA:20,20
DA:21,20
DA:22,20
DA:27,1
DA:28,2
DA:29,1
DA:30,1
DA:31,2
DA:36,1
DA:37,5
DA:38,4
DA:39,4
DA:40,0
DA:41,0
DA:42,0
DA:43,0
DA:44,0
DA:45,0
DA:46,4
DA:47,5
DA:52,1
DA:53,4
DA:55,4
DA:58,4
DA:59,1
DA:60,1
DA:63,4
DA:64,4
DA:65,1
DA:66,4
DA:67,2
DA:68,6
DA:69,1
DA:70,1
DA:71,1
DA:72,6
DA:73,2
DA:74,4
DA:76,4
DA:77,4
DA:82,1
DA:83,2
DA:84,2
DA:89,1
DA:90,2
DA:91,1
DA:92,1
DA:94,1
DA:96,1
DA:97,1
DA:99,1
DA:100,1
DA:101,1
DA:102,1
DA:104,1
DA:105,1
DA:106,2
DA:107,2
DA:108,2
DA:109,2
DA:110,2
DA:111,2
DA:112,1
DA:113,1
DA:114,1
DA:116,1
DA:117,2
DA:118,1
DA:120,1
DA:121,1
DA:122,9
DA:123,9
DA:125,1
DA:126,9
DA:127,9
DA:128,9
DA:129,9
DA:145,1
DA:146,1
DA:147,1
DA:148,1
DA:150,1
DA:151,1
DA:153,1
DA:154,1
DA:172,1
DA:173,1
DA:175,1
DA:176,1
DA:177,1
DA:179,1
DA:180,1
DA:199,1
DA:200,1
DA:201,1
DA:206,1
DA:207,1
DA:208,1
DA:210,1
DA:211,1
DA:212,1
DA:213,1
DA:214,1
DA:215,1
DA:227,1
DA:228,1
DA:229,1
DA:230,1
DA:231,1
DA:232,1
DA:233,1
DA:234,1
DA:235,1
DA:237,1
DA:238,1
DA:243,1
DA:244,3
DA:245,3
DA:246,1
DA:247,1
DA:249,2
DA:251,2
DA:252,2
DA:253,2
DA:254,2
DA:255,2
DA:256,2
DA:257,2
DA:259,2
DA:260,2
DA:261,0
DA:262,2
DA:263,2
DA:264,2
DA:265,2
DA:267,2
DA:269,3
DA:270,1
DA:271,1
DA:272,1
DA:274,1
DA:275,0
DA:276,0
DA:278,1
DA:279,0
DA:280,0
DA:281,0
DA:282,0
DA:283,0
DA:284,0
DA:286,1
DA:287,0
DA:288,0
DA:289,0
DA:290,0
DA:291,1
DA:293,2
DA:294,3
DA:295,1
LF:165
LH:146
BRDA:16,0,0,20
BRDA:27,1,0,2
BRDA:28,2,0,1
BRDA:36,3,0,5
BRDA:37,4,0,4
BRDA:39,5,0,0
BRDA:52,6,0,4
BRDA:53,7,0,0
BRDA:58,8,0,1
BRDA:64,9,0,1
BRDA:64,10,0,1
BRDA:66,11,0,3
BRDA:66,12,0,2
BRDA:67,13,0,6
BRDA:68,14,0,1
BRDA:76,15,0,3
BRDA:76,16,0,1
BRDA:82,17,0,2
BRDA:89,18,0,2
BRDA:90,19,0,1
BRDA:96,20,0,2
BRDA:97,21,0,2
BRDA:105,22,0,2
BRDA:106,23,0,1
BRDA:106,24,0,1
BRDA:111,25,0,1
BRDA:121,26,0,9
BRDA:125,27,0,9
BRDA:127,28,0,7
BRDA:145,29,0,1
BRDA:172,30,0,1
BRDA:199,31,0,1
BRDA:227,32,0,1
BRDA:243,33,0,3
BRDA:245,34,0,1
BRDA:247,35,0,2
BRDA:260,36,0,0
BRDA:269,37,0,1
BRDA:274,38,0,0
BRDA:278,39,0,0
BRDA:286,40,0,0
BRDA:291,41,0,2
BRF:42
BRH:36
end_of_record
TN:
SF:src/core/differential.ts
FN:23,<instance_members_initializer>
FN:25,DifferentialTester
FN:32,testAllStrategies
FN:90,testWithOptimizations
FN:164,executeWithStrategy
FN:205,executeGraph
FN:237,resultsEqual
FN:248,formatReport
FN:306,createTestSuite
FNF:9
FNH:6
FNDA:8,<instance_members_initializer>
FNDA:8,DifferentialTester
FNDA:7,testAllStrategies
FNDA:0,testWithOptimizations
FNDA:12,executeWithStrategy
FNDA:0,executeGraph
FNDA:5,resultsEqual
FNDA:4,formatReport
FNDA:0,createTestSuite
DA:1,1
DA:22,1
DA:23,1
DA:25,1
DA:26,8
DA:27,8
DA:32,1
DA:33,7
DA:34,7
DA:35,7
DA:38,7
DA:39,12
DA:40,12
DA:41,12
DA:44,7
DA:45,7
DA:46,1
DA:47,1
DA:49,6
DA:50,6
DA:52,7
DA:53,11
DA:56,11
DA:57,5
DA:58,0
DA:59,0
DA:60,0
DA:61,11
DA:62,0
DA:63,0
DA:64,0
DA:65,11
DA:68,6
DA:69,7
DA:70,6
DA:71,11
DA:72,11
DA:73,11
DA:74,11
DA:75,11
DA:76,6
DA:78,6
DA:79,6
DA:80,6
DA:81,6
DA:82,6
DA:83,6
DA:84,6
DA:85,7
DA:90,1
DA:91,0
DA:92,0
DA:93,0
DA:94,0
DA:97,0
DA:98,0
DA:101,0
DA:102,0
DA:103,0
DA:104,0
DA:105,0
DA:106,0
DA:108,0
DA:109,0
DA:112,0
DA:113,0
DA:115,0
DA:116,0
DA:118,0
DA:119,0
DA:120,0
DA:121,0
DA:122,0
DA:123,0
DA:124,0
DA:125,0
DA:126,0
DA:127,0
DA:128,0
DA:131,0
DA:132,0
DA:133,0
DA:134,0
DA:135,0
DA:136,0
DA:137,0
DA:138,0
DA:139,0
DA:140,0
DA:141,0
DA:143,0
DA:144,0
DA:145,0
DA:146,0
DA:147,0
DA:148,0
DA:149,0
DA:150,0
DA:164,1
DA:165,12
DA:166,12
DA:167,12
DA:169,12
DA:176,12
DA:177,12
DA:178,0
DA:179,0
DA:181,12
DA:183,12
DA:184,12
DA:185,12
DA:186,12
DA:187,12
DA:188,12
DA:189,12
DA:190,12
DA:191,12
DA:205,1
DA:206,0
DA:207,0
DA:208,0
DA:210,0
DA:217,0
DA:218,0
DA:219,0
DA:220,0
DA:222,0
DA:224,0
DA:225,0
DA:226,0
DA:227,0
DA:228,0
DA:229,0
DA:230,0
DA:231,0
DA:232,0
DA:237,1
DA:238,5
DA:239,5
DA:240,5
DA:241,0
DA:242,0
DA:243,5
DA:248,1
DA:249,4
DA:252,4
DA:253,3
DA:254,4
DA:255,1
DA:256,1
DA:257,1
DA:259,4
DA:262,4
DA:263,4
DA:264,8
DA:265,8
DA:266,8
DA:267,8
DA:269,8
DA:270,0
DA:271,8
DA:272,8
DA:273,8
DA:274,8
DA:275,8
DA:276,8
DA:278,4
DA:281,4
DA:282,4
DA:283,4
DA:284,4
DA:285,8
DA:286,8
DA:287,4
DA:290,4
DA:291,4
DA:292,4
DA:293,4
DA:294,4
DA:295,4
DA:296,4
DA:297,4
DA:299,4
DA:300,4
DA:301,1
DA:306,1
DA:307,0
DA:308,0
DA:309,0
DA:310,0
DA:311,0
DA:313,0
DA:314,0
DA:315,0
DA:316,0
DA:317,0
DA:318,0
DA:319,0
DA:321,0
DA:322,0
LF:200
LH:109
BRDA:23,0,0,8
BRDA:25,1,0,8
BRDA:32,2,0,7
BRDA:33,3,0,5
BRDA:38,4,0,12
BRDA:45,5,0,1
BRDA:47,6,0,6
BRDA:52,7,0,11
BRDA:53,8,0,6
BRDA:53,9,0,5
BRDA:56,10,0,5
BRDA:57,11,0,0
BRDA:61,12,0,0
BRDA:65,13,0,6
BRDA:69,14,0,6
BRDA:70,15,0,11
BRDA:44,16,0,7
BRDA:164,17,0,12
BRDA:177,18,0,0
BRDA:237,19,0,5
BRDA:240,20,0,0
BRDA:248,21,0,4
BRDA:252,22,0,3
BRDA:254,23,0,1
BRDA:263,24,0,8
BRDA:264,25,0,0
BRDA:269,26,0,0
BRDA:273,27,0,0
BRDA:284,28,0,8
BRDA:283,29,0,4
BRDA:290,30,0,8
BRDA:292,31,0,4
BRDA:293,32,0,0
BRF:33
BRH:25
end_of_record
TN:
SF:src/core/graph.ts
FN:61,<instance_members_initializer>
FN:67,generateId
FN:74,addNode
FN:82,getNode
FN:89,getAllNodes
FN:96,getOutputs
FN:103,input
FN:118,constant
FN:133,filter
FN:151,map
FN:169,reduce
FN:191,sort
FN:209,groupBy
FN:227,join
FN:252,flatten
FN:270,distinct
FN:288,output
FN:301,getExecutionOrder
FN:305,visit
FN:331,visualize
FN:354,clone
FN:388,optimize
FNF:22
FNH:21
FNDA:96,<instance_members_initializer>
FNDA:137,generateId
FNDA:137,addNode
FNDA:196,getNode
FNDA:1,getAllNodes
FNDA:3,getOutputs
FNDA:74,input
FNDA:7,constant
FNDA:24,filter
FNDA:17,map
FNDA:6,reduce
FNDA:4,sort
FNDA:2,groupBy
FNDA:4,join
FNDA:4,flatten
FNDA:4,distinct
FNDA:61,output
FNDA:26,getExecutionOrder
FNDA:49,visit
FNDA:1,visualize
FNDA:2,clone
FNDA:0,optimize
DA:1,1
DA:13,1
DA:14,1
DA:15,1
DA:16,1
DA:17,1
DA:18,1
DA:19,1
DA:20,1
DA:21,1
DA:22,1
DA:23,1
DA:24,1
DA:25,1
DA:26,1
DA:27,1
DA:60,1
DA:61,1
DA:62,96
DA:67,1
DA:68,137
DA:69,137
DA:74,1
DA:75,137
DA:76,137
DA:77,137
DA:82,1
DA:83,196
DA:84,196
DA:89,1
DA:90,1
DA:91,1
DA:96,1
DA:97,3
DA:98,3
DA:103,1
DA:104,74
DA:105,74
DA:106,74
DA:107,74
DA:108,74
DA:109,74
DA:110,74
DA:111,74
DA:112,74
DA:113,74
DA:118,1
DA:119,7
DA:120,7
DA:121,7
DA:122,7
DA:123,7
DA:124,7
DA:125,7
DA:126,7
DA:127,7
DA:128,7
DA:133,1
DA:134,24
DA:135,24
DA:137,23
DA:138,23
DA:139,23
DA:140,23
DA:141,23
DA:142,23
DA:143,23
DA:144,23
DA:145,23
DA:146,24
DA:151,1
DA:152,17
DA:153,17
DA:155,16
DA:156,16
DA:157,16
DA:158,16
DA:159,16
DA:160,16
DA:161,16
DA:162,16
DA:163,16
DA:164,17
DA:169,1
DA:170,6
DA:171,6
DA:172,6
DA:173,6
DA:174,6
DA:175,6
DA:177,5
DA:178,5
DA:179,5
DA:180,5
DA:181,5
DA:182,5
DA:183,5
DA:184,5
DA:185,5
DA:186,6
DA:191,1
DA:192,4
DA:193,4
DA:195,3
DA:196,3
DA:197,3
DA:198,3
DA:199,3
DA:200,3
DA:201,3
DA:202,3
DA:203,3
DA:204,4
DA:209,1
DA:210,2
DA:211,2
DA:213,1
DA:214,1
DA:215,1
DA:216,1
DA:217,1
DA:218,1
DA:219,1
DA:220,1
DA:221,1
DA:222,2
DA:227,1
DA:228,4
DA:229,4
DA:230,4
DA:231,4
DA:232,4
DA:233,4
DA:234,4
DA:235,4
DA:236,4
DA:238,2
DA:239,2
DA:240,2
DA:241,2
DA:242,2
DA:243,2
DA:244,2
DA:245,2
DA:246,2
DA:247,4
DA:252,1
DA:253,4
DA:254,4
DA:256,3
DA:257,3
DA:258,3
DA:259,3
DA:260,3
DA:261,3
DA:262,3
DA:263,3
DA:264,3
DA:265,4
DA:270,1
DA:271,4
DA:272,4
DA:274,3
DA:275,3
DA:276,3
DA:277,3
DA:278,3
DA:279,3
DA:280,3
DA:281,3
DA:282,3
DA:283,4
DA:288,1
DA:289,61
DA:290,61
DA:292,61
DA:293,59
DA:294,59
DA:295,60
DA:296,61
DA:301,1
DA:302,26
DA:303,26
DA:305,26
DA:306,49
DA:307,47
DA:309,47
DA:310,47
DA:313,49
DA:314,23
DA:315,23
DA:317,47
DA:318,49
DA:321,26
DA:322,26
DA:323,26
DA:325,26
DA:326,26
DA:331,1
DA:332,1
DA:333,1
DA:335,1
DA:336,2
DA:337,2
DA:339,2
DA:340,2
DA:341,2
DA:343,2
DA:344,2
DA:346,1
DA:348,1
DA:349,1
DA:354,1
DA:355,2
DA:358,2
DA:359,3
DA:360,3
DA:361,3
DA:362,3
DA:363,3
DA:364,3
DA:365,3
DA:366,3
DA:367,3
DA:368,3
DA:371,2
DA:373,2
DA:374,2
DA:388,1
DA:389,0
DA:390,0
DA:391,0
DA:392,0
DA:393,1
LF:234
LH:230
BRDA:13,0,0,6
BRDA:61,1,0,96
BRDA:67,2,0,137
BRDA:74,3,0,137
BRDA:82,4,0,196
BRDA:89,5,0,1
BRDA:96,6,0,3
BRDA:103,7,0,74
BRDA:118,8,0,7
BRDA:133,9,0,24
BRDA:135,10,0,1
BRDA:135,11,0,23
BRDA:151,12,0,17
BRDA:153,13,0,1
BRDA:153,14,0,16
BRDA:169,15,0,6
BRDA:175,16,0,1
BRDA:175,17,0,5
BRDA:191,18,0,4
BRDA:193,19,0,1
BRDA:193,20,0,3
BRDA:209,21,0,2
BRDA:211,22,0,1
BRDA:227,23,0,4
BRDA:235,24,0,1
BRDA:235,25,0,3
BRDA:236,26,0,2
BRDA:236,27,0,1
BRDA:252,28,0,4
BRDA:254,29,0,1
BRDA:254,30,0,3
BRDA:270,31,0,4
BRDA:272,32,0,1
BRDA:272,33,0,3
BRDA:288,34,0,61
BRDA:290,35,0,1
BRDA:290,36,0,60
BRDA:292,37,0,59
BRDA:294,38,0,60
BRDA:301,39,0,26
BRDA:321,40,0,26
BRDA:305,41,0,49
BRDA:306,42,0,2
BRDA:306,43,0,47
BRDA:310,44,0,0
BRDA:310,45,0,47
BRDA:313,46,0,23
BRDA:315,47,0,47
BRDA:331,48,0,1
BRDA:335,49,0,2
BRDA:337,50,0,0
BRDA:341,51,0,1
BRDA:341,52,0,1
BRDA:340,53,0,1
BRDA:346,54,0,1
BRDA:354,55,0,2
BRDA:358,56,0,3
BRF:57
BRH:55
end_of_record
TN:
SF:src/core/optimizer.ts
FN:6,<instance_members_initializer>
FN:9,GraphOptimizer
FN:23,optimize
FN:62,deadCodeElimination
FN:65,markReachable
FN:97,commonSubexpressionElimination
FN:102,getNodeSignature
FN:196,filterFusion
FN:218,combinedPred
FN:237,mapFusion
FN:259,composedTransform
FN:278,filterBeforeMap
FN:351,isPredicateIndependent
FN:391,countConsumers
FN:410,isSerializable
FN:428,deepEqual
FN:452,paramsIdentical
FN:475,getOptimizationReport
FNF:18
FNH:15
FNDA:17,<instance_members_initializer>
FNDA:17,GraphOptimizer
FNDA:17,optimize
FNDA:13,deadCodeElimination
FNDA:26,markReachable
FNDA:8,commonSubexpressionElimination
FNDA:15,getNodeSignature
FNDA:8,filterFusion
FNDA:0,combinedPred
FNDA:7,mapFusion
FNDA:0,composedTransform
FNDA:8,filterBeforeMap
FNDA:1,isPredicateIndependent
FNDA:2,countConsumers
FNDA:2,isSerializable
FNDA:1,deepEqual
FNDA:0,paramsIdentical
FNDA:2,getOptimizationReport
DA:1,1
DA:5,1
DA:6,1
DA:7,17
DA:9,1
DA:10,17
DA:11,17
DA:23,1
DA:24,17
DA:25,17
DA:26,17
DA:27,17
DA:28,17
DA:29,17
DA:30,17
DA:32,17
DA:34,17
DA:35,40
DA:36,40
DA:37,8
DA:38,8
DA:39,40
DA:40,8
DA:41,8
DA:42,40
DA:43,8
DA:44,8
DA:45,40
DA:46,7
DA:47,7
DA:48,40
DA:49,8
DA:50,8
DA:51,40
DA:52,1
DA:53,40
DA:54,40
DA:56,16
DA:57,17
DA:62,1
DA:63,13
DA:65,13
DA:66,26
DA:67,25
DA:69,25
DA:70,25
DA:71,25
DA:72,13
DA:73,13
DA:74,25
DA:75,26
DA:78,13
DA:79,13
DA:80,13
DA:83,13
DA:84,13
DA:86,13
DA:87,6
DA:88,6
DA:89,6
DA:90,6
DA:91,6
DA:92,13
DA:97,1
DA:98,8
DA:99,8
DA:102,8
DA:103,15
DA:106,15
DA:107,15
DA:108,15
DA:109,15
DA:112,6
DA:113,15
DA:114,9
DA:115,9
DA:116,15
DA:118,15
DA:119,15
DA:122,8
DA:123,8
DA:124,15
DA:125,15
DA:126,14
DA:127,14
DA:128,15
DA:129,15
DA:132,8
DA:133,14
DA:134,1
DA:135,1
DA:136,1
DA:140,1
DA:141,1
DA:142,1
DA:143,1
DA:144,1
DA:145,1
DA:146,1
DA:147,1
DA:148,1
DA:149,1
DA:150,1
DA:151,1
DA:152,1
DA:153,1
DA:155,0
DA:156,0
DA:157,0
DA:158,0
DA:159,0
DA:160,0
DA:161,0
DA:162,0
DA:163,0
DA:164,0
DA:165,1
DA:166,14
DA:168,8
DA:170,1
DA:171,2
DA:172,2
DA:175,1
DA:176,1
DA:177,2
DA:178,2
DA:179,1
DA:180,1
DA:181,2
DA:182,1
DA:184,1
DA:185,1
DA:186,1
DA:189,1
DA:190,1
DA:191,8
DA:196,1
DA:197,8
DA:198,8
DA:201,8
DA:202,17
DA:203,10
DA:204,10
DA:206,10
DA:207,10
DA:209,10
DA:210,17
DA:211,3
DA:214,3
DA:215,3
DA:218,3
DA:221,3
DA:222,3
DA:224,3
DA:225,3
DA:226,3
DA:228,8
DA:229,3
DA:230,3
DA:231,3
DA:232,8
DA:237,1
DA:238,7
DA:239,7
DA:242,7
DA:243,13
DA:244,2
DA:245,2
DA:247,2
DA:248,2
DA:250,2
DA:251,13
DA:252,1
DA:255,1
DA:256,1
DA:259,1
DA:262,1
DA:263,1
DA:265,1
DA:266,1
DA:267,1
DA:269,7
DA:270,1
DA:271,1
DA:272,1
DA:273,7
DA:278,1
DA:279,8
DA:282,8
DA:283,17
DA:284,7
DA:286,7
DA:287,7
DA:289,7
DA:290,17
DA:293,2
DA:295,1
DA:296,1
DA:298,17
DA:301,17
DA:305,0
DA:308,0
DA:311,0
DA:312,0
DA:313,0
DA:314,0
DA:315,0
DA:316,0
DA:319,0
DA:320,0
DA:321,0
DA:323,0
DA:324,0
DA:325,17
DA:327,8
DA:328,0
DA:329,0
DA:330,8
DA:351,1
DA:352,1
DA:353,1
DA:354,1
DA:355,1
DA:356,1
DA:358,1
DA:359,1
DA:361,1
DA:362,1
DA:365,1
DA:366,1
DA:367,1
DA:370,1
DA:371,0
DA:372,1
DA:373,1
DA:374,1
DA:375,1
DA:377,0
DA:378,0
DA:379,1
DA:381,0
DA:382,0
DA:383,1
DA:385,0
DA:386,1
DA:391,1
DA:392,2
DA:393,2
DA:394,7
DA:395,3
DA:396,3
DA:397,7
DA:399,2
DA:400,0
DA:401,0
DA:402,2
DA:403,2
DA:410,1
DA:411,2
DA:412,2
DA:413,0
DA:414,0
DA:415,0
DA:416,0
DA:417,0
DA:418,0
DA:419,0
DA:420,0
DA:421,0
DA:422,2
DA:423,2
DA:428,1
DA:429,1
DA:431,1
DA:432,0
DA:433,0
DA:434,0
DA:435,0
DA:437,0
DA:439,0
DA:440,0
DA:441,0
DA:443,0
DA:444,0
DA:446,1
DA:447,1
DA:452,1
DA:453,0
DA:454,0
DA:456,0
DA:458,0
DA:459,0
DA:460,0
DA:462,0
DA:465,0
DA:466,0
DA:467,0
DA:469,0
DA:470,0
DA:475,1
DA:476,2
DA:477,1
DA:478,1
DA:480,1
DA:481,1
DA:482,1
DA:483,2
DA:484,1
LF:308
LH:244
BRDA:6,0,0,17
BRDA:9,1,0,17
BRDA:23,2,0,17
BRDA:32,3,0,6
BRDA:34,4,0,40
BRDA:36,5,0,8
BRDA:39,6,0,8
BRDA:42,7,0,8
BRDA:45,8,0,7
BRDA:48,9,0,8
BRDA:51,10,0,1
BRDA:54,11,0,16
BRDA:62,12,0,13
BRDA:86,13,0,6
BRDA:65,14,0,26
BRDA:66,15,0,1
BRDA:66,16,0,25
BRDA:71,17,0,13
BRDA:84,18,0,31
BRDA:97,19,0,8
BRDA:123,20,0,15
BRDA:125,21,0,14
BRDA:132,22,0,14
BRDA:133,23,0,1
BRDA:135,24,0,0
BRDA:144,25,0,0
BRDA:153,26,0,0
BRDA:168,27,0,1
BRDA:170,28,0,2
BRDA:176,29,0,2
BRDA:177,30,0,1
BRDA:178,31,0,1
BRDA:102,32,0,15
BRDA:109,33,0,6
BRDA:113,34,0,9
BRDA:196,35,0,8
BRDA:201,36,0,17
BRDA:202,37,0,7
BRDA:202,38,0,10
BRDA:203,39,0,0
BRDA:203,40,0,10
BRDA:204,41,0,0
BRDA:204,42,0,10
BRDA:207,43,0,0
BRDA:207,44,0,10
BRDA:210,45,0,7
BRDA:210,46,0,3
BRDA:211,47,0,0
BRDA:211,48,0,3
BRDA:228,49,0,3
BRDA:237,50,0,7
BRDA:242,51,0,13
BRDA:243,52,0,11
BRDA:243,53,0,2
BRDA:244,54,0,0
BRDA:244,55,0,2
BRDA:245,56,0,0
BRDA:245,57,0,2
BRDA:248,58,0,0
BRDA:248,59,0,2
BRDA:251,60,0,1
BRDA:252,61,0,0
BRDA:252,62,0,1
BRDA:269,63,0,1
BRDA:278,64,0,8
BRDA:282,65,0,17
BRDA:283,66,0,10
BRDA:283,67,0,7
BRDA:284,68,0,0
BRDA:284,69,0,7
BRDA:287,70,0,0
BRDA:287,71,0,7
BRDA:290,72,0,5
BRDA:290,73,0,2
BRDA:293,74,0,1
BRDA:298,75,0,0
BRDA:298,76,0,1
BRDA:301,77,0,0
BRDA:327,78,0,0
BRDA:351,79,0,1
BRDA:370,80,0,0
BRDA:375,81,0,0
BRDA:379,82,0,0
BRDA:383,83,0,0
BRDA:361,84,0,11
BRDA:362,85,0,11
BRDA:366,86,0,11
BRDA:367,87,0,2
BRDA:391,88,0,2
BRDA:393,89,0,7
BRDA:394,90,0,3
BRDA:399,91,0,0
BRDA:410,92,0,2
BRDA:411,93,0,0
BRDA:412,94,0,0
BRDA:428,95,0,1
BRDA:429,96,0,0
BRDA:431,97,0,0
BRDA:431,98,0,0
BRDA:431,99,0,0
BRDA:475,100,0,2
BRDA:476,101,0,1
BRDA:480,102,0,2
BRF:103
BRH:76
end_of_record
TN:
SF:src/core/provenance.ts
FN:18,<instance_members_initializer>
FN:25,Provenance
FN:32,addTransformation
FN:39,getTransformationChain
FN:46,isOptimized
FN:53,getOriginalSource
FN:62,<instance_members_initializer>
FN:67,trackNodeCreation
FN:113,trackOptimization
FN:147,getProvenance
FN:154,traceBackToSource
FN:158,trace
FN:180,generateErrorReport
FN:238,getStatistics
FNF:14
FNH:14
FNDA:25,<instance_members_initializer>
FNDA:25,Provenance
FNDA:14,addTransformation
FNDA:3,getTransformationChain
FNDA:12,isOptimized
FNDA:2,getOriginalSource
FNDA:23,<instance_members_initializer>
FNDA:9,trackNodeCreation
FNDA:11,trackOptimization
FNDA:19,getProvenance
FNDA:2,traceBackToSource
FNDA:5,trace
FNDA:4,generateErrorReport
FNDA:2,getStatistics
DA:1,1
DA:17,1
DA:18,1
DA:19,25
DA:20,25
DA:21,25
DA:22,25
DA:23,25
DA:25,1
DA:26,25
DA:27,25
DA:32,1
DA:33,14
DA:34,14
DA:39,1
DA:40,3
DA:41,3
DA:46,1
DA:47,12
DA:48,12
DA:53,1
DA:54,2
DA:55,1
DA:56,1
DA:57,1
DA:58,2
DA:59,1
DA:61,1
DA:62,1
DA:67,1
DA:68,9
DA:70,9
DA:72,1
DA:73,1
DA:74,1
DA:76,1
DA:77,3
DA:78,3
DA:81,3
DA:82,3
DA:83,3
DA:84,3
DA:85,3
DA:86,3
DA:88,3
DA:89,3
DA:90,1
DA:91,1
DA:92,1
DA:93,1
DA:94,1
DA:95,1
DA:96,1
DA:97,3
DA:98,3
DA:99,1
DA:100,1
DA:102,9
DA:103,9
DA:104,9
DA:106,9
DA:107,9
DA:108,9
DA:113,1
DA:114,11
DA:115,11
DA:116,11
DA:117,11
DA:118,11
DA:119,11
DA:120,10
DA:121,10
DA:122,10
DA:123,10
DA:125,11
DA:128,11
DA:129,11
DA:130,11
DA:131,11
DA:132,11
DA:133,11
DA:134,11
DA:137,11
DA:138,11
DA:139,11
DA:140,11
DA:141,11
DA:142,11
DA:147,1
DA:148,19
DA:149,19
DA:154,1
DA:155,2
DA:156,2
DA:158,2
DA:159,5
DA:160,4
DA:162,4
DA:163,4
DA:164,4
DA:167,4
DA:168,3
DA:169,3
DA:170,4
DA:171,5
DA:173,2
DA:174,2
DA:175,2
DA:180,1
DA:181,4
DA:182,4
DA:183,4
DA:184,4
DA:186,4
DA:187,4
DA:188,1
DA:189,1
DA:190,1
DA:192,3
DA:193,3
DA:196,4
DA:197,2
DA:198,2
DA:199,2
DA:200,2
DA:201,2
DA:202,4
DA:203,1
DA:204,1
DA:207,4
DA:208,0
DA:209,0
DA:210,0
DA:211,0
DA:212,0
DA:213,0
DA:214,0
DA:215,0
DA:216,0
DA:219,4
DA:220,2
DA:221,2
DA:222,2
DA:223,4
DA:224,4
DA:225,0
DA:226,4
DA:227,4
DA:228,4
DA:229,4
DA:230,2
DA:232,3
DA:233,4
DA:238,1
DA:244,2
DA:245,2
DA:246,2
DA:247,2
DA:248,2
DA:249,2
DA:251,2
DA:252,6
DA:253,6
DA:254,6
DA:256,6
DA:257,4
DA:258,4
DA:259,6
DA:261,2
DA:262,2
DA:263,2
DA:264,2
DA:265,2
DA:266,2
DA:267,2
DA:268,2
DA:269,1
LF:177
LH:167
BRDA:18,0,0,25
BRDA:25,1,0,25
BRDA:32,2,0,14
BRDA:39,3,0,3
BRDA:40,4,0,3
BRDA:46,5,0,12
BRDA:53,6,0,2
BRDA:54,7,0,1
BRDA:62,8,0,23
BRDA:67,9,0,9
BRDA:70,10,0,1
BRDA:76,11,0,3
BRDA:78,12,0,0
BRDA:89,13,0,1
BRDA:89,14,0,1
BRDA:89,15,0,1
BRDA:89,16,0,1
BRDA:113,17,0,11
BRDA:119,18,0,10
BRDA:147,19,0,19
BRDA:148,20,0,7
BRDA:154,21,0,2
BRDA:158,22,0,5
BRDA:159,23,0,1
BRDA:159,24,0,4
BRDA:167,25,0,3
BRDA:180,26,0,4
BRDA:187,27,0,1
BRDA:190,28,0,3
BRDA:196,29,0,2
BRDA:202,30,0,1
BRDA:204,31,0,3
BRDA:207,32,0,0
BRDA:216,33,0,3
BRDA:219,34,0,2
BRDA:222,35,0,4
BRDA:224,36,0,0
BRDA:224,37,0,0
BRDA:230,38,0,3
BRDA:199,39,0,2
BRDA:238,40,0,2
BRDA:251,41,0,6
BRDA:252,42,0,2
BRDA:253,43,0,4
BRDA:254,44,0,4
BRDA:256,45,0,4
BRDA:257,46,0,3
BRF:47
BRH:43
end_of_record
TN:
SF:src/core/types.ts
FN:30,matches
FN:34,toString
FN:38,toLLVMType
FN:47,IntType
FN:53,matches
FN:61,toString
FN:70,toLLVMType
FN:79,FloatType
FN:85,matches
FN:92,toString
FN:101,toLLVMType
FN:110,matches
FN:114,toString
FN:118,toLLVMType
FN:127,ListType
FN:133,matches
FN:140,toString
FN:149,toLLVMType
FN:158,inferType
FNF:19
FNH:13
FNDA:10,matches
FNDA:2,toString
FNDA:0,toLLVMType
FNDA:19,IntType
FNDA:14,matches
FNDA:0,toString
FNDA:2,toLLVMType
FNDA:5,FloatType
FNDA:5,matches
FNDA:0,toString
FNDA:2,toLLVMType
FNDA:5,matches
FNDA:0,toString
FNDA:1,toLLVMType
FNDA:5,ListType
FNDA:8,matches
FNDA:0,toString
FNDA:0,toLLVMType
FNDA:18,inferType
DA:1,1
DA:29,1
DA:30,1
DA:31,10
DA:32,10
DA:34,1
DA:35,2
DA:36,2
DA:38,1
DA:39,0
DA:40,0
DA:41,1
DA:46,1
DA:47,1
DA:48,19
DA:49,19
DA:50,19
DA:51,19
DA:53,1
DA:54,14
DA:55,14
DA:56,14
DA:57,14
DA:58,8
DA:59,14
DA:61,1
DA:62,0
DA:63,0
DA:64,0
DA:66,0
DA:67,0
DA:68,0
DA:70,1
DA:71,2
DA:72,2
DA:73,1
DA:78,1
DA:79,1
DA:80,5
DA:81,5
DA:82,5
DA:83,5
DA:85,1
DA:86,5
DA:87,5
DA:88,5
DA:89,3
DA:90,5
DA:92,1
DA:93,0
DA:94,0
DA:95,0
DA:97,0
DA:98,0
DA:99,0
DA:101,1
DA:102,2
DA:103,2
DA:104,1
DA:109,1
DA:110,1
DA:111,5
DA:112,5
DA:114,1
DA:115,0
DA:116,0
DA:118,1
DA:119,1
DA:120,1
DA:121,1
DA:126,1
DA:127,1
DA:128,5
DA:129,5
DA:130,5
DA:131,5
DA:133,1
DA:134,8
DA:135,8
DA:136,8
DA:137,6
DA:138,8
DA:140,1
DA:141,0
DA:142,0
DA:143,0
DA:145,0
DA:146,0
DA:147,0
DA:149,1
DA:151,0
DA:152,0
DA:153,1
DA:158,1
DA:159,18
DA:160,1
DA:161,1
DA:162,18
DA:163,14
DA:164,14
DA:165,9
DA:166,2
DA:167,0
DA:168,0
DA:170,2
DA:171,2
DA:172,4
DA:174,4
DA:175,0
DA:176,0
DA:177,0
DA:179,4
DA:180,0
DA:181,4
DA:183,0
DA:184,4
DA:185,2
DA:186,2
DA:187,1
DA:188,1
LF:120
LH:89
BRDA:30,0,0,10
BRDA:34,1,0,2
BRDA:47,2,0,19
BRDA:53,3,0,14
BRDA:54,4,0,2
BRDA:54,5,0,12
BRDA:55,6,0,2
BRDA:55,7,0,10
BRDA:56,8,0,3
BRDA:56,9,0,1
BRDA:56,10,0,9
BRDA:57,11,0,2
BRDA:57,12,0,1
BRDA:57,13,0,8
BRDA:70,14,0,2
BRDA:79,15,0,5
BRDA:85,16,0,5
BRDA:86,17,0,2
BRDA:86,18,0,3
BRDA:87,19,0,0
BRDA:87,20,0,0
BRDA:87,21,0,3
BRDA:88,22,0,0
BRDA:88,23,0,0
BRDA:88,24,0,3
BRDA:101,25,0,2
BRDA:102,26,0,1
BRDA:102,27,0,1
BRDA:110,28,0,5
BRDA:118,29,0,1
BRDA:127,30,0,5
BRDA:133,31,0,8
BRDA:134,32,0,0
BRDA:135,33,0,4
BRDA:135,34,0,1
BRDA:135,35,0,7
BRDA:136,36,0,3
BRDA:136,37,0,1
BRDA:136,38,0,6
BRDA:137,39,0,15
BRDA:158,40,0,18
BRDA:159,41,0,1
BRDA:161,42,0,17
BRDA:162,43,0,14
BRDA:163,44,0,13
BRDA:163,45,0,1
BRDA:164,46,0,16
BRDA:164,47,0,9
BRDA:164,48,0,3
BRDA:165,49,0,2
BRDA:166,50,0,0
BRDA:171,51,0,4
BRDA:174,52,0,0
BRDA:179,53,0,0
BRDA:181,54,0,0
BRDA:181,55,0,0
BRDA:186,56,0,1
BRF:57
BRH:47
end_of_record
TN:
SF:src/core/verifier.ts
FN:103,validateBudget
FN:159,verify
FN:193,runWithBudget
FN:222,generateTestInputs
FN:272,wrapCode
FN:317,instrumentCode
FN:344,createBudgetedFunction
FN:382,estimateBudget
FNF:8
FNH:5
FNDA:63,validateBudget
FNDA:54,verify
FNDA:864,runWithBudget
FNDA:54,generateTestInputs
FNDA:0,wrapCode
FNDA:0,instrumentCode
FNDA:0,createBudgetedFunction
FNDA:14,estimateBudget
DA:1,1
DA:25,1
DA:26,1
DA:27,1
DA:28,1
DA:29,1
DA:30,1
DA:31,1
DA:32,1
DA:33,1
DA:34,1
DA:35,1
DA:36,1
DA:37,1
DA:38,1
DA:39,1
DA:40,1
DA:41,1
DA:42,1
DA:43,1
DA:44,1
DA:45,1
DA:46,1
DA:47,1
DA:48,1
DA:49,1
DA:50,1
DA:51,1
DA:52,1
DA:53,1
DA:54,1
DA:55,1
DA:56,1
DA:57,1
DA:58,1
DA:59,1
DA:60,1
DA:61,1
DA:62,1
DA:63,1
DA:64,1
DA:65,1
DA:66,1
DA:89,1
DA:103,1
DA:104,63
DA:105,63
DA:106,63
DA:107,63
DA:108,63
DA:109,63
DA:111,63
DA:113,63
DA:116,63
DA:117,3
DA:118,3
DA:119,3
DA:120,3
DA:121,3
DA:122,3
DA:123,3
DA:125,52
DA:128,63
DA:129,2
DA:130,2
DA:131,2
DA:132,2
DA:133,2
DA:134,2
DA:140,50
DA:141,50
DA:142,50
DA:143,50
DA:144,50
DA:145,63
DA:146,8
DA:147,8
DA:148,8
DA:149,8
DA:150,8
DA:151,8
DA:152,8
DA:153,63
DA:159,1
DA:161,54
DA:164,54
DA:167,54
DA:168,864
DA:169,864
DA:170,864
DA:171,0
DA:172,0
DA:173,0
DA:174,0
DA:175,0
DA:176,864
DA:177,0
DA:178,0
DA:179,0
DA:180,0
DA:181,0
DA:182,864
DA:184,54
DA:185,54
DA:186,54
DA:187,54
DA:188,54
DA:193,1
DA:194,864
DA:195,864
DA:196,864
DA:197,864
DA:198,864
DA:199,864
DA:201,864
DA:204,864
DA:207,864
DA:208,0
DA:209,0
DA:211,816
DA:212,864
DA:214,48
DA:215,48
DA:216,864
DA:222,1
DA:223,54
DA:225,54
DA:226,54
DA:227,54
DA:228,54
DA:231,54
DA:232,54
DA:233,54
DA:236,54
DA:237,54
DA:238,54
DA:239,54
DA:242,54
DA:243,54
DA:244,54
DA:245,54
DA:248,54
DA:249,54
DA:250,54
DA:253,54
DA:254,54
DA:255,54
DA:256,54
DA:257,54
DA:258,54
DA:259,54
DA:260,54
DA:261,1
DA:267,1
DA:272,1
DA:274,0
DA:277,0
DA:278,0
DA:279,0
DA:281,0
DA:282,0
DA:284,0
DA:285,0
DA:286,0
DA:288,0
DA:290,0
DA:293,0
DA:296,0
DA:302,0
DA:304,0
DA:317,1
DA:319,0
DA:322,0
DA:325,0
DA:326,0
DA:327,0
DA:328,0
DA:338,0
DA:339,0
DA:344,1
DA:345,0
DA:346,0
DA:347,0
DA:349,0
DA:350,0
DA:353,0
DA:354,0
DA:356,0
DA:357,0
DA:358,0
DA:359,0
DA:360,0
DA:361,0
DA:362,0
DA:363,0
DA:364,0
DA:365,0
DA:366,0
DA:367,0
DA:368,0
DA:370,0
DA:371,0
DA:372,0
DA:373,1
DA:382,1
DA:383,14
DA:385,14
DA:386,14
DA:387,14
DA:388,3
DA:389,3
DA:390,14
DA:391,1
DA:392,1
DA:393,14
DA:394,4
DA:395,4
DA:396,14
DA:397,1
DA:398,1
DA:399,14
DA:400,2
DA:401,2
DA:402,14
DA:403,2
DA:404,2
DA:405,14
DA:406,1
DA:407,14
DA:410,14
DA:412,14
DA:413,14
DA:414,14
DA:415,14
DA:416,14
DA:417,14
LF:236
LH:178
BRDA:103,0,0,63
BRDA:108,1,0,2
BRDA:116,2,0,52
BRDA:116,3,0,19
BRDA:116,4,0,3
BRDA:123,5,0,52
BRDA:128,6,0,2
BRDA:134,7,0,50
BRDA:145,8,0,8
BRDA:149,9,0,7
BRDA:149,10,0,2
BRDA:159,11,0,54
BRDA:167,12,0,864
BRDA:170,13,0,0
BRDA:176,14,0,0
BRDA:193,15,0,864
BRDA:198,16,0,0
BRDA:207,17,0,0
BRDA:209,18,0,816
BRDA:212,19,0,48
BRDA:222,20,0,54
BRDA:238,21,0,5400
BRDA:244,22,0,54000
BRDA:382,23,0,14
BRDA:387,24,0,3
BRDA:390,25,0,1
BRDA:393,26,0,4
BRDA:396,27,0,1
BRDA:399,28,0,2
BRDA:402,29,0,2
BRDA:405,30,0,1
BRF:31
BRH:27
end_of_record
TN:
SF:src/dsl/compiler.ts
FN:32,<instance_members_initializer>
FN:35,generateVar
FN:39,addVariable
FN:53,compileComparison
FN:86,compilePredicate
FN:182,compileTransform
FN:322,compileReduction
FN:381,compilePredicateFunction
FN:393,compileTransformFunction
FN:405,compileReductionFunction
FN:419,estimatePredicateCost
FN:439,estimateTransformCost
FNF:12
FNH:7
FNDA:0,<instance_members_initializer>
FNDA:0,generateVar
FNDA:0,addVariable
FNDA:105,compileComparison
FNDA:132,compilePredicate
FNDA:68,compileTransform
FNDA:40,compileReduction
FNDA:85,compilePredicateFunction
FNDA:45,compileTransformFunction
FNDA:30,compileReductionFunction
FNDA:0,estimatePredicateCost
FNDA:0,estimateTransformCost
DA:1,1
DA:31,1
DA:32,1
DA:33,0
DA:35,1
DA:36,0
DA:37,0
DA:39,1
DA:40,0
DA:41,0
DA:42,1
DA:53,105
DA:54,105
DA:55,105
DA:56,36
DA:57,105
DA:58,5
DA:59,105
DA:60,40
DA:61,105
DA:62,6
DA:63,105
DA:64,13
DA:65,105
DA:66,3
DA:67,105
DA:68,1
DA:69,105
DA:71,1
DA:72,105
DA:73,0
DA:74,105
DA:75,0
DA:76,105
DA:77,105
DA:86,1
DA:87,132
DA:88,132
DA:89,56
DA:91,56
DA:92,0
DA:93,0
DA:94,56
DA:95,56
DA:97,132
DA:98,4
DA:99,4
DA:100,4
DA:101,4
DA:103,4
DA:104,0
DA:105,0
DA:106,4
DA:107,4
DA:109,132
DA:111,47
DA:112,47
DA:113,47
DA:114,47
DA:115,47
DA:116,47
DA:117,47
DA:118,47
DA:119,47
DA:120,2
DA:121,2
DA:122,2
DA:123,2
DA:124,2
DA:125,45
DA:126,45
DA:127,45
DA:128,45
DA:130,132
DA:131,8
DA:132,8
DA:133,8
DA:134,3
DA:135,8
DA:136,3
DA:137,8
DA:138,0
DA:139,8
DA:140,2
DA:141,8
DA:142,0
DA:143,8
DA:144,0
DA:145,8
DA:146,0
DA:147,8
DA:148,8
DA:150,132
DA:151,5
DA:152,5
DA:153,5
DA:155,132
DA:156,5
DA:157,5
DA:158,5
DA:160,132
DA:161,3
DA:162,3
DA:164,132
DA:165,4
DA:166,4
DA:168,132
DA:169,0
DA:170,0
DA:171,0
DA:172,132
DA:173,132
DA:182,1
DA:183,68
DA:184,68
DA:185,3
DA:187,68
DA:188,8
DA:190,68
DA:191,9
DA:192,9
DA:193,9
DA:194,13
DA:195,13
DA:196,9
DA:197,9
DA:199,68
DA:200,27
DA:201,27
DA:202,27
DA:203,5
DA:204,27
DA:205,2
DA:206,27
DA:207,14
DA:208,27
DA:209,2
DA:210,27
DA:211,2
DA:212,27
DA:213,0
DA:214,27
DA:215,2
DA:216,27
DA:217,0
DA:218,27
DA:219,27
DA:221,68
DA:222,13
DA:224,13
DA:226,13
DA:227,13
DA:228,5
DA:229,13
DA:230,4
DA:231,13
DA:232,4
DA:233,13
DA:234,0
DA:235,13
DA:236,0
DA:237,13
DA:239,0
DA:240,0
DA:241,0
DA:242,0
DA:243,0
DA:244,0
DA:245,0
DA:246,13
DA:248,0
DA:249,0
DA:250,0
DA:251,0
DA:252,0
DA:253,0
DA:254,0
DA:255,0
DA:256,0
DA:257,0
DA:258,0
DA:259,0
DA:260,0
DA:261,13
DA:262,0
DA:263,13
DA:264,13
DA:266,68
DA:267,4
DA:268,4
DA:269,4
DA:270,2
DA:271,4
DA:272,2
DA:273,4
DA:274,0
DA:275,4
DA:276,0
DA:277,4
DA:278,0
DA:279,4
DA:280,0
DA:281,4
DA:282,4
DA:284,68
DA:285,2
DA:286,2
DA:287,2
DA:288,2
DA:289,2
DA:291,68
DA:293,1
DA:294,1
DA:295,2
DA:296,2
DA:297,1
DA:298,1
DA:300,68
DA:301,1
DA:302,1
DA:303,1
DA:304,1
DA:305,1
DA:307,68
DA:308,0
DA:309,0
DA:310,0
DA:311,68
DA:312,68
DA:322,1
DA:323,40
DA:324,40
DA:325,10
DA:327,40
DA:328,3
DA:330,40
DA:333,4
DA:335,40
DA:338,4
DA:340,40
DA:341,6
DA:343,40
DA:345,3
DA:347,40
DA:348,2
DA:349,2
DA:350,2
DA:352,40
DA:353,2
DA:354,2
DA:355,2
DA:357,40
DA:358,0
DA:360,40
DA:362,3
DA:364,40
DA:366,3
DA:368,40
DA:369,0
DA:370,0
DA:371,0
DA:372,40
DA:373,40
DA:381,1
DA:382,85
DA:384,85
DA:385,85
DA:393,1
DA:394,45
DA:396,45
DA:397,45
DA:405,1
DA:406,30
DA:408,30
DA:409,30
DA:419,1
DA:420,0
DA:421,0
DA:422,0
DA:423,0
DA:424,0
DA:425,0
DA:426,0
DA:427,0
DA:428,0
DA:429,0
DA:430,0
DA:431,0
DA:439,1
DA:440,0
DA:441,0
DA:442,0
DA:443,0
DA:444,0
DA:445,0
DA:446,0
DA:447,0
DA:448,0
DA:449,0
DA:450,0
DA:451,0
LF:301
LH:223
BRDA:32,0,0,0
BRDA:53,1,0,105
BRDA:55,2,0,36
BRDA:57,3,0,5
BRDA:59,4,0,40
BRDA:61,5,0,6
BRDA:63,6,0,13
BRDA:65,7,0,3
BRDA:67,8,0,1
BRDA:69,9,0,1
BRDA:72,10,0,0
BRDA:74,11,0,0
BRDA:86,12,0,132
BRDA:88,13,0,56
BRDA:91,14,0,0
BRDA:91,15,0,0
BRDA:97,16,0,4
BRDA:103,17,0,0
BRDA:103,18,0,0
BRDA:109,19,0,47
BRDA:119,20,0,2
BRDA:124,21,0,45
BRDA:130,22,0,8
BRDA:133,23,0,3
BRDA:135,24,0,3
BRDA:137,25,0,0
BRDA:139,26,0,2
BRDA:141,27,0,0
BRDA:143,28,0,0
BRDA:145,29,0,0
BRDA:150,30,0,5
BRDA:155,31,0,5
BRDA:160,32,0,3
BRDA:164,33,0,4
BRDA:165,34,0,2
BRDA:165,35,0,2
BRDA:168,36,0,0
BRDA:151,37,0,10
BRDA:156,38,0,10
BRDA:182,39,0,68
BRDA:184,40,0,3
BRDA:187,41,0,8
BRDA:190,42,0,9
BRDA:193,43,0,13
BRDA:199,44,0,27
BRDA:202,45,0,5
BRDA:204,46,0,2
BRDA:206,47,0,14
BRDA:208,48,0,2
BRDA:210,49,0,2
BRDA:212,50,0,0
BRDA:214,51,0,2
BRDA:216,52,0,0
BRDA:221,53,0,13
BRDA:227,54,0,5
BRDA:229,55,0,4
BRDA:231,56,0,4
BRDA:233,57,0,0
BRDA:235,58,0,0
BRDA:237,59,0,0
BRDA:246,60,0,0
BRDA:261,61,0,0
BRDA:266,62,0,4
BRDA:269,63,0,2
BRDA:271,64,0,2
BRDA:273,65,0,0
BRDA:275,66,0,0
BRDA:277,67,0,0
BRDA:279,68,0,0
BRDA:284,69,0,2
BRDA:291,70,0,1
BRDA:294,71,0,2
BRDA:300,72,0,1
BRDA:307,73,0,0
BRDA:302,74,0,2
BRDA:322,75,0,40
BRDA:324,76,0,10
BRDA:327,77,0,3
BRDA:330,78,0,4
BRDA:335,79,0,4
BRDA:340,80,0,6
BRDA:343,81,0,3
BRDA:347,82,0,2
BRDA:352,83,0,2
BRDA:357,84,0,0
BRDA:360,85,0,3
BRDA:364,86,0,3
BRDA:368,87,0,0
BRDA:381,88,0,85
BRDA:393,89,0,45
BRDA:405,90,0,30
BRF:91
BRH:65
end_of_record
TN:
SF:src/dsl/ioc-format.ts
FN:115,serializeIOC
FN:128,deserializeIOC
FN:171,loadIOCFile
FN:183,saveIOCFile
FN:196,calculateNodeCapability
FN:308,validateIOCProgram
FN:360,detectCycle
FN:374,dfs
FN:407,getExecutionOrder
FN:419,visit
FNF:10
FNH:8
FNDA:7,serializeIOC
FNDA:4,deserializeIOC
FNDA:0,loadIOCFile
FNDA:0,saveIOCFile
FNDA:592,calculateNodeCapability
FNDA:52,validateIOCProgram
FNDA:52,detectCycle
FNDA:129,dfs
FNDA:47,getExecutionOrder
FNDA:114,visit
DA:1,1
DA:22,1
DA:23,1
DA:24,1
DA:25,1
DA:26,1
DA:27,1
DA:28,1
DA:29,1
DA:30,1
DA:31,1
DA:32,1
DA:33,1
DA:34,1
DA:35,1
DA:115,1
DA:116,7
DA:117,7
DA:128,1
DA:130,4
DA:131,4
DA:132,4
DA:133,0
DA:134,0
DA:135,0
DA:136,0
DA:138,4
DA:141,4
DA:142,0
DA:143,0
DA:146,4
DA:147,0
DA:148,0
DA:150,4
DA:151,0
DA:152,0
DA:155,4
DA:156,4
DA:157,0
DA:158,0
DA:159,0
DA:160,0
DA:162,4
DA:163,4
DA:171,0
DA:172,0
DA:173,0
DA:174,0
DA:175,0
DA:183,0
DA:184,0
DA:185,0
DA:186,0
DA:187,0
DA:196,1
DA:197,592
DA:198,592
DA:199,592
DA:200,464
DA:201,464
DA:202,464
DA:203,464
DA:204,464
DA:205,464
DA:206,464
DA:208,592
DA:209,71
DA:210,71
DA:211,71
DA:212,71
DA:213,71
DA:214,71
DA:215,71
DA:216,71
DA:217,71
DA:218,71
DA:220,592
DA:221,39
DA:222,39
DA:223,39
DA:224,39
DA:225,39
DA:226,39
DA:227,39
DA:228,39
DA:229,39
DA:230,39
DA:232,592
DA:233,11
DA:234,11
DA:235,11
DA:236,11
DA:237,11
DA:238,11
DA:239,11
DA:240,11
DA:242,592
DA:243,1
DA:244,1
DA:245,1
DA:246,1
DA:247,1
DA:248,1
DA:249,1
DA:250,1
DA:252,592
DA:253,592
DA:254,592
DA:255,592
DA:256,4
DA:257,4
DA:258,4
DA:259,4
DA:260,4
DA:261,4
DA:262,4
DA:263,4
DA:265,592
DA:266,1
DA:267,1
DA:268,1
DA:269,1
DA:270,1
DA:271,1
DA:272,1
DA:273,1
DA:275,592
DA:276,1
DA:277,1
DA:278,1
DA:279,1
DA:280,1
DA:281,1
DA:282,1
DA:283,1
DA:285,592
DA:286,0
DA:287,0
DA:288,0
DA:289,0
DA:290,0
DA:291,0
DA:292,0
DA:293,0
DA:295,592
DA:296,0
DA:297,0
DA:298,0
DA:299,592
DA:300,592
DA:308,1
DA:309,52
DA:312,52
DA:315,52
DA:316,53
DA:317,0
DA:318,0
DA:319,53
DA:322,52
DA:323,129
DA:324,77
DA:325,0
DA:326,0
DA:327,77
DA:328,129
DA:331,52
DA:332,52
DA:333,0
DA:334,0
DA:337,52
DA:338,129
DA:339,129
DA:340,0
DA:341,0
DA:342,0
DA:343,0
DA:344,0
DA:345,129
DA:347,52
DA:348,52
DA:349,52
DA:350,52
DA:351,52
DA:360,52
DA:361,52
DA:362,52
DA:364,52
DA:374,52
DA:375,129
DA:376,129
DA:378,129
DA:379,129
DA:381,129
DA:382,77
DA:383,0
DA:384,77
DA:385,0
DA:386,0
DA:387,77
DA:389,129
DA:390,129
DA:391,129
DA:393,52
DA:394,129
DA:395,129
DA:396,129
DA:397,129
DA:399,52
DA:400,52
DA:407,1
DA:408,47
DA:409,47
DA:410,47
DA:419,47
DA:420,114
DA:421,113
DA:423,113
DA:424,113
DA:426,113
DA:427,67
DA:428,67
DA:430,112
DA:431,114
DA:433,47
DA:434,47
DA:435,47
DA:437,47
DA:438,47
LF:228
LH:179
BRDA:22,0,0,9
BRDA:115,1,0,7
BRDA:128,2,0,4
BRDA:132,3,0,0
BRDA:141,4,0,0
BRDA:146,5,0,0
BRDA:150,6,0,0
BRDA:156,7,0,0
BRDA:196,8,0,592
BRDA:198,9,0,106
BRDA:199,10,0,464
BRDA:208,11,0,71
BRDA:220,12,0,39
BRDA:232,13,0,11
BRDA:242,14,0,1
BRDA:252,15,0,1
BRDA:253,16,0,2
BRDA:254,17,0,3
BRDA:255,18,0,4
BRDA:265,19,0,1
BRDA:275,20,0,1
BRDA:285,21,0,0
BRDA:295,22,0,0
BRDA:308,23,0,52
BRDA:315,24,0,53
BRDA:316,25,0,0
BRDA:322,26,0,129
BRDA:323,27,0,77
BRDA:324,28,0,0
BRDA:332,29,0,0
BRDA:337,30,0,129
BRDA:339,31,0,0
BRDA:312,32,0,129
BRDA:360,33,0,52
BRDA:393,34,0,129
BRDA:395,35,0,0
BRDA:364,36,0,129
BRDA:374,37,0,129
BRDA:379,38,0,0
BRDA:381,39,0,77
BRDA:382,40,0,0
BRDA:384,41,0,0
BRDA:407,42,0,47
BRDA:433,43,0,47
BRDA:410,44,0,112
BRDA:419,45,0,114
BRDA:420,46,0,1
BRDA:420,47,0,113
BRDA:424,48,0,1
BRDA:424,49,0,112
BRDA:426,50,0,67
BRDA:428,51,0,112
BRF:52
BRH:37
end_of_record
TN:
SF:src/dsl/safe-types.ts
FN:141,getPredicateComplexity
FN:186,getTransformComplexity
FN:251,validateSafeValue
FN:278,eq
FN:279,ne
FN:280,gt
FN:281,gte
FN:282,lt
FN:283,lte
FN:284,in
FN:285,contains
FN:286,matches
FN:289,eq
FN:295,gt
FN:301,lt
FN:309,isNumber
FN:310,isString
FN:311,isArray
FN:313,and
FN:314,or
FN:315,not
FN:317,always
FN:324,identity
FN:325,constant
FN:326,property
FN:328,add
FN:329,subtract
FN:334,multiply
FN:339,divide
FN:340,negate
FN:342,uppercase
FN:343,lowercase
FN:344,trim
FN:346,length
FN:347,reverse
FN:349,ifThenElse
FN:360,compose
FN:362,construct
FN:372,sum
FN:373,product
FN:374,min
FN:375,max
FN:376,count
FN:377,average
FN:378,any
FN:379,all
FN:380,first
FN:381,last
FNF:48
FNH:44
FNDA:86,getPredicateComplexity
FNDA:55,getTransformComplexity
FNDA:61,validateSafeValue
FNDA:12,eq
FNDA:2,ne
FNDA:15,gt
FNDA:2,gte
FNDA:4,lt
FNDA:2,lte
FNDA:1,in
FNDA:1,contains
FNDA:0,matches
FNDA:2,eq
FNDA:1,gt
FNDA:0,lt
FNDA:3,isNumber
FNDA:3,isString
FNDA:3,isArray
FNDA:4,and
FNDA:4,or
FNDA:3,not
FNDA:4,always
FNDA:4,identity
FNDA:11,constant
FNDA:5,property
FNDA:5,add
FNDA:0,subtract
FNDA:4,multiply
FNDA:0,divide
FNDA:3,negate
FNDA:3,uppercase
FNDA:3,lowercase
FNDA:3,trim
FNDA:3,length
FNDA:3,reverse
FNDA:3,ifThenElse
FNDA:2,compose
FNDA:2,construct
FNDA:3,sum
FNDA:3,product
FNDA:3,min
FNDA:3,max
FNDA:3,count
FNDA:3,average
FNDA:3,any
FNDA:3,all
FNDA:3,first
FNDA:3,last
DA:1,1
DA:124,1
DA:125,1
DA:126,1
DA:127,1
DA:128,1
DA:129,1
DA:130,1
DA:131,1
DA:132,1
DA:141,1
DA:142,86
DA:143,86
DA:144,86
DA:145,86
DA:146,86
DA:147,86
DA:148,81
DA:150,86
DA:151,1
DA:153,86
DA:154,86
DA:156,4
DA:157,4
DA:158,4
DA:159,4
DA:160,0
DA:161,4
DA:162,4
DA:163,4
DA:164,4
DA:166,86
DA:167,0
DA:168,86
DA:169,86
DA:186,1
DA:187,55
DA:188,55
DA:189,55
DA:190,55
DA:191,55
DA:192,41
DA:194,55
DA:196,9
DA:198,55
DA:199,2
DA:200,1
DA:202,55
DA:203,1
DA:204,1
DA:205,1
DA:208,1
DA:209,1
DA:210,3
DA:211,0
DA:212,3
DA:213,1
DA:214,1
DA:215,1
DA:217,55
DA:219,1
DA:220,1
DA:221,1
DA:222,2
DA:223,0
DA:224,2
DA:225,1
DA:226,1
DA:227,1
DA:229,55
DA:231,1
DA:232,1
DA:233,1
DA:234,2
DA:235,0
DA:236,2
DA:237,1
DA:238,1
DA:239,1
DA:241,55
DA:242,0
DA:243,55
DA:244,55
DA:251,1
DA:252,61
DA:254,60
DA:255,61
DA:256,29
DA:257,29
DA:259,61
DA:260,7
DA:261,7
DA:263,61
DA:264,13
DA:265,13
DA:267,11
DA:268,11
DA:269,11
DA:271,0
DA:272,0
DA:277,1
DA:278,1
DA:279,1
DA:280,1
DA:281,1
DA:282,1
DA:283,1
DA:284,1
DA:285,1
DA:286,1
DA:288,1
DA:289,1
DA:290,2
DA:291,2
DA:292,2
DA:293,2
DA:294,2
DA:295,1
DA:296,1
DA:297,1
DA:298,1
DA:299,1
DA:300,1
DA:301,1
DA:302,0
DA:303,0
DA:304,0
DA:305,0
DA:306,0
DA:307,1
DA:309,1
DA:310,1
DA:311,1
DA:313,1
DA:314,1
DA:315,1
DA:317,1
DA:318,1
DA:323,1
DA:324,1
DA:325,1
DA:326,1
DA:328,1
DA:329,1
DA:330,0
DA:331,0
DA:332,0
DA:333,0
DA:334,1
DA:335,4
DA:336,4
DA:337,4
DA:338,4
DA:339,1
DA:340,1
DA:342,1
DA:343,1
DA:344,1
DA:346,1
DA:347,1
DA:349,1
DA:350,3
DA:351,3
DA:352,3
DA:353,3
DA:354,3
DA:355,3
DA:356,3
DA:357,3
DA:358,3
DA:360,1
DA:362,1
DA:363,2
DA:364,2
DA:365,2
DA:366,1
DA:371,1
DA:372,1
DA:373,1
DA:374,1
DA:375,1
DA:376,1
DA:377,1
DA:378,1
DA:379,1
DA:380,1
DA:381,1
DA:382,1
LF:188
LH:171
BRDA:124,0,0,13
BRDA:141,1,0,86
BRDA:143,2,0,23
BRDA:144,3,0,26
BRDA:145,4,0,76
BRDA:146,5,0,77
BRDA:147,6,0,81
BRDA:150,7,0,1
BRDA:153,8,0,2
BRDA:154,9,0,4
BRDA:166,10,0,0
BRDA:158,11,0,4
BRDA:159,12,0,0
BRDA:186,13,0,55
BRDA:188,14,0,5
BRDA:189,15,0,8
BRDA:190,16,0,11
BRDA:191,17,0,41
BRDA:194,18,0,9
BRDA:198,19,0,2
BRDA:199,20,0,1
BRDA:202,21,0,1
BRDA:217,22,0,1
BRDA:229,23,0,1
BRDA:241,24,0,0
BRDA:209,25,0,3
BRDA:210,26,0,0
BRDA:221,27,0,2
BRDA:222,28,0,0
BRDA:233,29,0,2
BRDA:234,30,0,0
BRDA:251,31,0,61
BRDA:252,32,0,1
BRDA:252,33,0,60
BRDA:255,34,0,41
BRDA:255,35,0,33
BRDA:255,36,0,29
BRDA:257,37,0,55
BRDA:257,38,0,31
BRDA:259,39,0,28
BRDA:259,40,0,27
BRDA:259,41,0,7
BRDA:261,42,0,24
BRDA:263,43,0,54
BRDA:263,44,0,13
BRDA:265,45,0,11
BRDA:269,46,0,0
BRDA:278,47,0,12
BRDA:279,48,0,2
BRDA:280,49,0,15
BRDA:281,50,0,2
BRDA:282,51,0,4
BRDA:283,52,0,2
BRDA:284,53,0,1
BRDA:285,54,0,1
BRDA:289,55,0,2
BRDA:295,56,0,1
BRDA:309,57,0,3
BRDA:310,58,0,3
BRDA:311,59,0,3
BRDA:313,60,0,4
BRDA:314,61,0,4
BRDA:315,62,0,3
BRDA:317,63,0,4
BRDA:324,64,0,4
BRDA:325,65,0,11
BRDA:326,66,0,5
BRDA:328,67,0,5
BRDA:334,68,0,4
BRDA:340,69,0,3
BRDA:342,70,0,3
BRDA:343,71,0,3
BRDA:344,72,0,3
BRDA:346,73,0,3
BRDA:347,74,0,3
BRDA:349,75,0,3
BRDA:360,76,0,2
BRDA:362,77,0,2
BRDA:372,78,0,3
BRDA:373,79,0,3
BRDA:374,80,0,3
BRDA:375,81,0,3
BRDA:376,82,0,3
BRDA:377,83,0,3
BRDA:378,84,0,3
BRDA:379,85,0,3
BRDA:380,86,0,3
BRDA:381,87,0,3
BRF:88
BRH:81
end_of_record
TN:
SF:src/dsl/security.ts
FN:13,validatePropertyPath
FN:39,validateRegexPattern
FN:62,validateStringArg
FN:76,safeSerialize
FN:105,isSafeValue
FN:148,validateComplexity
FN:180,createSandboxContext
FN:204,compileInRestrictedContext
FN:221,validateGeneratedCode
FN:252,sanitizeIdentifier
FN:269,escapeForComment
FN:282,escapeForString
FNF:12
FNH:12
FNDA:32,validatePropertyPath
FNDA:16,validateRegexPattern
FNDA:9,validateStringArg
FNDA:120,safeSerialize
FNDA:131,isSafeValue
FNDA:10,validateComplexity
FNDA:4,createSandboxContext
FNDA:165,compileInRestrictedContext
FNDA:165,validateGeneratedCode
FNDA:10,sanitizeIdentifier
FNDA:4,escapeForComment
FNDA:8,escapeForString
DA:1,1
DA:13,1
DA:14,32
DA:16,32
DA:17,39
DA:18,5
DA:19,5
DA:21,5
DA:22,5
DA:25,34
DA:27,39
DA:28,7
DA:29,7
DA:31,7
DA:32,7
DA:33,39
DA:34,20
DA:39,1
DA:40,16
DA:42,16
DA:46,16
DA:47,1
DA:48,1
DA:51,16
DA:52,0
DA:53,0
DA:54,16
DA:55,8
DA:56,8
DA:57,16
DA:62,1
DA:63,9
DA:64,4
DA:65,4
DA:67,9
DA:68,1
DA:69,1
DA:70,9
DA:76,1
DA:78,120
DA:79,2
DA:80,2
DA:83,120
DA:84,105
DA:85,2
DA:86,2
DA:87,105
DA:88,1
DA:89,1
DA:90,105
DA:91,1
DA:92,1
DA:93,105
DA:95,114
DA:96,114
DA:97,120
DA:98,0
DA:99,0
DA:100,120
DA:105,131
DA:106,131
DA:107,2
DA:108,2
DA:110,129
DA:113,131
DA:114,122
DA:115,122
DA:118,131
DA:119,2
DA:120,2
DA:123,22
DA:124,3
DA:125,3
DA:128,2
DA:131,2
DA:132,2
DA:133,2
DA:134,2
DA:135,2
DA:136,0
DA:137,0
DA:139,2
DA:140,2
DA:142,0
DA:143,0
DA:148,1
DA:149,10
DA:151,10
DA:152,1
DA:153,1
DA:156,9
DA:157,10
DA:158,10
DA:159,4
DA:160,2
DA:161,2
DA:162,2
DA:163,2
DA:164,2
DA:166,10
DA:167,2
DA:168,1
DA:169,1
DA:170,1
DA:171,1
DA:172,1
DA:173,10
DA:174,10
DA:180,1
DA:182,4
DA:184,4
DA:187,4
DA:188,4
DA:189,4
DA:197,4
DA:198,4
DA:204,1
DA:206,165
DA:210,165
DA:212,165
DA:213,165
DA:214,0
DA:215,0
DA:216,165
DA:221,165
DA:223,165
DA:224,165
DA:225,165
DA:226,165
DA:227,165
DA:228,165
DA:229,165
DA:230,165
DA:231,165
DA:232,165
DA:233,165
DA:234,165
DA:236,165
DA:237,1619
DA:238,5
DA:239,5
DA:240,1619
DA:243,165
DA:244,1
DA:245,1
DA:246,165
DA:252,1
DA:255,10
DA:258,10
DA:259,2
DA:260,2
DA:262,8
DA:263,8
DA:269,1
DA:271,4
DA:272,4
DA:273,4
DA:274,4
DA:275,4
DA:276,4
DA:282,1
DA:283,8
DA:284,8
DA:285,8
DA:286,8
DA:287,8
DA:288,8
DA:289,8
DA:290,8
LF:169
LH:159
BRDA:13,0,0,32
BRDA:16,1,0,39
BRDA:17,2,0,5
BRDA:22,3,0,34
BRDA:27,4,0,7
BRDA:33,5,0,20
BRDA:39,6,0,16
BRDA:46,7,0,1
BRDA:48,8,0,8
BRDA:51,9,0,0
BRDA:54,10,0,8
BRDA:62,11,0,9
BRDA:63,12,0,6
BRDA:63,13,0,4
BRDA:65,14,0,5
BRDA:67,15,0,3
BRDA:67,16,0,1
BRDA:76,17,0,120
BRDA:78,18,0,2
BRDA:80,19,0,118
BRDA:83,20,0,105
BRDA:84,21,0,2
BRDA:86,22,0,103
BRDA:87,23,0,1
BRDA:89,24,0,102
BRDA:90,25,0,1
BRDA:93,26,0,114
BRDA:97,27,0,0
BRDA:105,28,0,131
BRDA:106,29,0,129
BRDA:106,30,0,2
BRDA:108,31,0,129
BRDA:113,32,0,17
BRDA:113,33,0,9
BRDA:113,34,0,122
BRDA:115,35,0,22
BRDA:115,36,0,7
BRDA:118,37,0,6
BRDA:118,38,0,58
BRDA:118,39,0,2
BRDA:120,40,0,22
BRDA:120,41,0,5
BRDA:123,42,0,3
BRDA:125,43,0,21
BRDA:125,44,0,2
BRDA:135,45,0,0
BRDA:140,46,0,0
BRDA:148,47,0,10
BRDA:151,48,0,1
BRDA:153,49,0,9
BRDA:157,50,0,2
BRDA:158,51,0,4
BRDA:159,52,0,2
BRDA:166,53,0,2
BRDA:167,54,0,1
BRDA:180,55,0,4
BRDA:204,56,0,165
BRDA:213,57,0,0
BRDA:221,58,0,165
BRDA:236,59,0,1619
BRDA:237,60,0,5
BRDA:240,61,0,160
BRDA:243,62,0,1
BRDA:252,63,0,10
BRDA:258,64,0,2
BRDA:260,65,0,8
BRDA:269,66,0,4
BRDA:282,67,0,8
BRF:68
BRH:63
end_of_record
TN:
SF:src/parser/ast-to-graph.ts
FN:52,<instance_members_initializer>
FN:56,ASTToGraphConverter
FN:63,generateId
FN:70,addNode
FN:75,convert
FN:101,processStatement
FN:137,processInput
FN:159,processFilter
FN:182,processMap
FN:205,processReduce
FN:228,processOutput
FN:233,getVariable
FN:242,convertPredicate
FN:259,convertComparisonPredicate
FN:267,convertPropertyPredicate
FN:276,convertArithmeticPredicate
FN:295,convertLogicalPredicate
FN:313,convertTypeCheckPredicate
FN:321,convertTransform
FN:336,convertArithmeticTransform
FN:352,convertStringTransform
FN:360,convertPropertyTransform
FN:367,convertConditionalTransform
FN:377,convertReductionOp
FNF:24
FNH:21
FNDA:49,<instance_members_initializer>
FNDA:49,ASTToGraphConverter
FNDA:113,generateId
FNDA:113,addNode
FNDA:49,convert
FNDA:161,processStatement
FNDA:49,processInput
FNDA:35,processFilter
FNDA:20,processMap
FNDA:10,processReduce
FNDA:47,processOutput
FNDA:112,getVariable
FNDA:35,convertPredicate
FNDA:9,convertComparisonPredicate
FNDA:1,convertPropertyPredicate
FNDA:25,convertArithmeticPredicate
FNDA:0,convertLogicalPredicate
FNDA:0,convertTypeCheckPredicate
FNDA:19,convertTransform
FNDA:14,convertArithmeticTransform
FNDA:4,convertStringTransform
FNDA:1,convertPropertyTransform
FNDA:0,convertConditionalTransform
FNDA:10,convertReductionOp
DA:1,1
DA:34,1
DA:35,1
DA:36,1
DA:37,1
DA:38,1
DA:39,1
DA:40,1
DA:41,1
DA:43,1
DA:44,1
DA:45,1
DA:46,1
DA:47,1
DA:48,1
DA:49,1
DA:51,1
DA:52,1
DA:53,49
DA:54,49
DA:56,1
DA:57,49
DA:58,49
DA:63,1
DA:64,113
DA:65,113
DA:70,1
DA:71,113
DA:72,113
DA:73,113
DA:75,1
DA:77,49
DA:78,49
DA:79,49
DA:81,49
DA:82,161
DA:83,161
DA:85,48
DA:86,48
DA:87,48
DA:88,48
DA:89,48
DA:90,48
DA:91,48
DA:92,48
DA:93,48
DA:94,48
DA:95,48
DA:96,48
DA:97,48
DA:98,48
DA:99,49
DA:101,1
DA:102,161
DA:103,161
DA:104,49
DA:105,49
DA:106,161
DA:107,35
DA:108,35
DA:109,161
DA:110,20
DA:111,20
DA:112,161
DA:113,10
DA:114,10
DA:115,161
DA:116,47
DA:117,47
DA:118,161
DA:121,0
DA:122,0
DA:124,0
DA:125,161
DA:128,0
DA:129,0
DA:131,0
DA:132,161
DA:133,0
DA:134,161
DA:135,161
DA:137,1
DA:138,49
DA:140,49
DA:141,49
DA:142,49
DA:143,49
DA:144,49
DA:145,49
DA:146,49
DA:147,49
DA:148,49
DA:149,49
DA:150,49
DA:151,49
DA:152,49
DA:153,49
DA:155,49
DA:156,49
DA:157,49
DA:159,1
DA:160,35
DA:161,35
DA:163,35
DA:164,35
DA:165,35
DA:166,35
DA:167,35
DA:168,35
DA:169,35
DA:170,35
DA:171,35
DA:172,35
DA:173,35
DA:174,35
DA:175,35
DA:176,35
DA:178,35
DA:179,35
DA:180,35
DA:182,1
DA:183,20
DA:184,20
DA:186,20
DA:187,20
DA:188,20
DA:189,20
DA:190,20
DA:191,20
DA:192,20
DA:193,20
DA:194,20
DA:195,20
DA:196,20
DA:197,20
DA:198,20
DA:199,20
DA:201,20
DA:202,20
DA:203,20
DA:205,1
DA:206,10
DA:207,10
DA:209,10
DA:210,10
DA:211,10
DA:212,10
DA:213,10
DA:214,10
DA:215,10
DA:216,10
DA:217,10
DA:218,10
DA:219,10
DA:220,10
DA:221,10
DA:222,10
DA:224,10
DA:225,10
DA:226,10
DA:228,1
DA:229,47
DA:230,47
DA:231,47
DA:233,1
DA:234,112
DA:235,112
DA:236,1
DA:237,1
DA:238,111
DA:239,112
DA:242,1
DA:243,35
DA:244,35
DA:245,9
DA:246,35
DA:247,1
DA:248,35
DA:249,25
DA:250,35
DA:251,0
DA:252,35
DA:253,0
DA:254,35
DA:255,0
DA:256,35
DA:257,35
DA:259,1
DA:260,9
DA:261,9
DA:262,9
DA:263,9
DA:264,9
DA:265,9
DA:267,1
DA:268,1
DA:269,1
DA:270,1
DA:271,1
DA:272,1
DA:273,1
DA:274,1
DA:276,1
DA:279,25
DA:280,25
DA:281,0
DA:282,0
DA:283,0
DA:284,0
DA:285,0
DA:286,25
DA:287,25
DA:288,25
DA:289,25
DA:290,25
DA:291,25
DA:292,25
DA:293,25
DA:295,1
DA:296,0
DA:298,0
DA:299,0
DA:300,0
DA:301,0
DA:302,0
DA:303,0
DA:304,0
DA:305,0
DA:306,0
DA:307,0
DA:308,0
DA:309,0
DA:310,0
DA:311,0
DA:313,1
DA:314,0
DA:315,0
DA:316,0
DA:317,0
DA:318,0
DA:321,1
DA:322,19
DA:323,19
DA:324,14
DA:325,19
DA:326,4
DA:327,19
DA:328,1
DA:329,19
DA:330,0
DA:331,19
DA:332,0
DA:333,19
DA:334,19
DA:336,1
DA:338,14
DA:339,14
DA:340,0
DA:341,0
DA:342,0
DA:343,0
DA:344,0
DA:345,14
DA:346,14
DA:347,14
DA:348,14
DA:349,14
DA:350,14
DA:352,1
DA:353,4
DA:354,4
DA:355,4
DA:356,4
DA:357,4
DA:358,4
DA:360,1
DA:361,1
DA:362,1
DA:363,1
DA:364,1
DA:365,1
DA:367,1
DA:368,0
DA:369,0
DA:370,0
DA:371,0
DA:372,0
DA:373,0
DA:374,0
DA:377,1
DA:378,10
DA:379,10
DA:380,6
DA:381,10
DA:382,0
DA:383,10
DA:384,1
DA:385,10
DA:386,1
DA:387,10
DA:388,2
DA:389,10
DA:390,0
DA:391,10
DA:393,0
DA:394,10
DA:395,0
DA:396,10
DA:397,0
DA:398,10
DA:400,0
DA:401,0
DA:403,0
DA:404,10
DA:405,10
DA:406,1
LF:316
LH:259
BRDA:52,0,0,49
BRDA:56,1,0,49
BRDA:63,2,0,113
BRDA:70,3,0,113
BRDA:75,4,0,49
BRDA:81,5,0,161
BRDA:83,6,0,48
BRDA:101,7,0,161
BRDA:103,8,0,49
BRDA:106,9,0,35
BRDA:109,10,0,20
BRDA:112,11,0,10
BRDA:115,12,0,47
BRDA:118,13,0,0
BRDA:125,14,0,0
BRDA:132,15,0,0
BRDA:137,16,0,49
BRDA:138,17,0,0
BRDA:159,18,0,35
BRDA:182,19,0,20
BRDA:205,20,0,10
BRDA:228,21,0,47
BRDA:233,22,0,112
BRDA:235,23,0,1
BRDA:237,24,0,111
BRDA:242,25,0,35
BRDA:244,26,0,9
BRDA:246,27,0,1
BRDA:248,28,0,25
BRDA:250,29,0,0
BRDA:252,30,0,0
BRDA:254,31,0,0
BRDA:259,32,0,9
BRDA:262,33,0,0
BRDA:267,34,0,1
BRDA:270,35,0,0
BRDA:276,36,0,25
BRDA:280,37,0,0
BRDA:290,38,0,0
BRDA:321,39,0,19
BRDA:323,40,0,14
BRDA:325,41,0,4
BRDA:327,42,0,1
BRDA:329,43,0,0
BRDA:331,44,0,0
BRDA:336,45,0,14
BRDA:339,46,0,0
BRDA:352,47,0,4
BRDA:356,48,0,0
BRDA:360,49,0,1
BRDA:377,50,0,10
BRDA:379,51,0,6
BRDA:381,52,0,0
BRDA:383,53,0,1
BRDA:385,54,0,1
BRDA:387,55,0,2
BRDA:389,56,0,0
BRDA:391,57,0,0
BRDA:394,58,0,0
BRDA:396,59,0,0
BRDA:398,60,0,0
BRF:61
BRH:40
end_of_record
TN:
SF:src/parser/lexer.ts
FN:88,<instance_members_initializer>
FN:93,Lexer
FN:97,tokenize
FN:117,nextToken
FN:164,readNumber
FN:181,readString
FN:231,readIdentifier
FN:251,readOperator
FN:309,skipWhitespace
FN:320,skipComment
FN:326,current
FN:330,advance
FN:340,isDigit
FN:344,isAlpha
FN:348,isAlphaNumeric
FNF:15
FNH:15
FNDA:151,<instance_members_initializer>
FNDA:151,Lexer
FNDA:151,tokenize
FNDA:2187,nextToken
FNDA:159,readNumber
FNDA:5,readString
FNDA:1210,readIdentifier
FNDA:612,readOperator
FNDA:2187,skipWhitespace
FNDA:1,skipComment
FNDA:31017,current
FNDA:8656,advance
FNDA:3459,isDigit
FNDA:9082,isAlpha
FNDA:7260,isAlphaNumeric
DA:1,1
DA:7,1
DA:9,1
DA:10,1
DA:11,1
DA:12,1
DA:13,1
DA:14,1
DA:15,1
DA:16,1
DA:17,1
DA:18,1
DA:19,1
DA:20,1
DA:21,1
DA:22,1
DA:23,1
DA:26,1
DA:27,1
DA:28,1
DA:29,1
DA:30,1
DA:31,1
DA:32,1
DA:33,1
DA:34,1
DA:35,1
DA:36,1
DA:37,1
DA:38,1
DA:41,1
DA:42,1
DA:43,1
DA:44,1
DA:45,1
DA:46,1
DA:49,1
DA:50,1
DA:51,1
DA:52,1
DA:55,1
DA:56,1
DA:67,1
DA:68,1
DA:69,1
DA:70,1
DA:71,1
DA:72,1
DA:73,1
DA:74,1
DA:75,1
DA:76,1
DA:77,1
DA:78,1
DA:79,1
DA:80,1
DA:81,1
DA:82,1
DA:83,1
DA:84,1
DA:85,1
DA:87,1
DA:88,1
DA:89,151
DA:90,151
DA:91,151
DA:93,1
DA:94,151
DA:95,151
DA:97,1
DA:98,151
DA:100,151
DA:101,2186
DA:102,2186
DA:103,2180
DA:104,2180
DA:105,2186
DA:107,147
DA:108,147
DA:109,147
DA:110,147
DA:111,147
DA:112,147
DA:114,147
DA:115,151
DA:117,1
DA:118,2187
DA:120,2187
DA:121,2
DA:122,2
DA:124,2185
DA:125,2185
DA:126,2185
DA:129,2187
DA:130,1
DA:131,1
DA:132,1
DA:135,2187
DA:136,198
DA:137,198
DA:138,198
DA:139,198
DA:140,198
DA:141,198
DA:142,198
DA:143,198
DA:146,2187
DA:147,159
DA:148,159
DA:151,2187
DA:152,5
DA:153,5
DA:156,2187
DA:157,1210
DA:158,1210
DA:161,612
DA:162,2187
DA:164,1
DA:165,159
DA:166,159
DA:167,159
DA:168,353
DA:169,159
DA:170,215
DA:171,215
DA:172,215
DA:173,159
DA:174,159
DA:175,159
DA:176,159
DA:177,159
DA:178,159
DA:179,159
DA:181,1
DA:182,5
DA:183,5
DA:185,5
DA:186,5
DA:187,54
DA:188,2
DA:190,2
DA:191,2
DA:192,2
DA:193,1
DA:194,1
DA:195,2
DA:196,1
DA:197,1
DA:198,2
DA:199,0
DA:200,0
DA:201,2
DA:202,0
DA:203,0
DA:204,2
DA:205,0
DA:206,0
DA:207,2
DA:208,0
DA:209,2
DA:210,2
DA:211,54
DA:212,52
DA:213,52
DA:214,52
DA:215,54
DA:217,5
DA:218,4
DA:219,5
DA:220,1
DA:221,1
DA:223,4
DA:224,4
DA:225,4
DA:226,4
DA:227,4
DA:228,4
DA:229,5
DA:231,1
DA:232,1210
DA:233,1210
DA:234,1210
DA:235,7260
DA:236,1210
DA:237,6159
DA:238,6159
DA:239,6159
DA:241,1210
DA:243,1210
DA:244,1210
DA:245,1210
DA:246,1210
DA:247,1210
DA:248,1210
DA:249,1210
DA:251,1
DA:252,612
DA:253,612
DA:256,612
DA:257,603
DA:258,603
DA:260,603
DA:261,603
DA:262,603
DA:263,603
DA:264,603
DA:265,603
DA:267,603
DA:268,47
DA:269,47
DA:270,47
DA:271,47
DA:272,47
DA:273,47
DA:274,47
DA:275,47
DA:276,603
DA:279,565
DA:280,565
DA:281,565
DA:282,565
DA:283,565
DA:284,565
DA:285,565
DA:286,565
DA:287,565
DA:288,565
DA:289,565
DA:290,565
DA:291,565
DA:292,565
DA:293,565
DA:294,565
DA:295,565
DA:297,612
DA:298,562
DA:299,562
DA:300,562
DA:301,562
DA:302,562
DA:303,562
DA:304,562
DA:306,3
DA:307,612
DA:309,1
DA:310,2187
DA:311,3526
DA:312,3526
DA:313,1341
DA:314,3526
DA:315,2185
DA:316,2185
DA:317,3526
DA:318,2187
DA:320,1
DA:321,1
DA:322,19
DA:323,19
DA:324,1
DA:326,1
DA:327,31017
DA:328,31017
DA:330,1
DA:331,8656
DA:332,198
DA:333,198
DA:334,8656
DA:335,8458
DA:336,8458
DA:337,8656
DA:338,8656
DA:340,1
DA:341,3459
DA:342,3459
DA:344,1
DA:345,9082
DA:346,9082
DA:348,1
DA:349,7260
DA:350,7260
DA:351,1
LF:281
LH:274
BRDA:7,0,0,3
BRDA:88,1,0,151
BRDA:93,2,0,151
BRDA:97,3,0,151
BRDA:100,4,0,2186
BRDA:102,5,0,2180
BRDA:105,6,0,147
BRDA:117,7,0,2187
BRDA:120,8,0,2
BRDA:122,9,0,2185
BRDA:129,10,0,1
BRDA:132,11,0,2184
BRDA:135,12,0,198
BRDA:143,13,0,1986
BRDA:146,14,0,159
BRDA:148,15,0,2079
BRDA:148,16,0,1827
BRDA:151,17,0,1823
BRDA:151,18,0,5
BRDA:153,19,0,1822
BRDA:156,20,0,613
BRDA:156,21,0,1210
BRDA:158,22,0,612
BRDA:164,23,0,159
BRDA:167,24,0,353
BRDA:168,25,0,144
BRDA:169,26,0,215
BRDA:181,27,0,5
BRDA:186,28,0,58
BRDA:186,29,0,54
BRDA:187,30,0,2
BRDA:192,31,0,1
BRDA:195,32,0,1
BRDA:198,33,0,0
BRDA:201,34,0,0
BRDA:204,35,0,0
BRDA:207,36,0,0
BRDA:211,37,0,52
BRDA:217,38,0,4
BRDA:219,39,0,1
BRDA:221,40,0,4
BRDA:231,41,0,1210
BRDA:234,42,0,7260
BRDA:235,43,0,1108
BRDA:236,44,0,6159
BRDA:241,45,0,732
BRDA:251,46,0,612
BRDA:256,47,0,603
BRDA:267,48,0,47
BRDA:276,49,0,565
BRDA:297,50,0,562
BRDA:304,51,0,3
BRDA:309,52,0,2187
BRDA:310,53,0,3526
BRDA:312,54,0,2187
BRDA:312,55,0,2185
BRDA:312,56,0,1341
BRDA:314,57,0,2185
BRDA:320,58,0,1
BRDA:321,59,0,20
BRDA:321,60,0,19
BRDA:326,61,0,31017
BRDA:327,62,0,1
BRDA:330,63,0,8656
BRDA:331,64,0,198
BRDA:334,65,0,8458
BRDA:340,66,0,3459
BRDA:341,67,0,2273
BRDA:344,68,0,9082
BRDA:345,69,0,7348
BRDA:345,70,0,1734
BRDA:345,71,0,278
BRDA:348,72,0,7260
BRDA:349,73,0,1120
BRF:74
BRH:70
end_of_record
TN:
SF:src/parser/parser.ts
FN:50,<instance_members_initializer>
FN:56,Parser
FN:72,enterDepth
FN:79,exitDepth
FN:86,incrementNodeCount
FN:95,parse
FN:108,parseStatement
FN:128,parseInput
FN:147,parseOutput
FN:159,parseAssignment
FN:178,parseFilter
FN:200,parseMap
FN:222,parseReduce
FN:244,parseIf
FN:266,parseLet
FN:285,parsePredicate
FN:314,parseComparisonPredicate
FN:370,parseComparisonOperator
FN:393,parseTransform
FN:434,parseArithmeticOperator
FN:458,parseStringTransform
FN:471,parseReductionOp
FN:483,parseType
FN:496,parseLiteralValue
FN:515,parseNumericValue
FN:529,current
FN:540,check
FN:545,match
FN:554,advance
FN:565,consume
FN:572,peekAhead
FN:578,isAtEnd
FN:582,error
FNF:33
FNH:31
FNDA:125,<instance_members_initializer>
FNDA:125,Parser
FNDA:141,enterDepth
FNDA:141,exitDepth
FNDA:314,incrementNodeCount
FNDA:125,parse
FNDA:316,parseStatement
FNDA:88,parseInput
FNDA:85,parseOutput
FNDA:142,parseAssignment
FNDA:78,parseFilter
FNDA:39,parseMap
FNDA:24,parseReduce
FNDA:0,parseIf
FNDA:0,parseLet
FNDA:77,parsePredicate
FNDA:77,parseComparisonPredicate
FNDA:77,parseComparisonOperator
FNDA:38,parseTransform
FNDA:101,parseArithmeticOperator
FNDA:7,parseStringTransform
FNDA:23,parseReductionOp
FNDA:87,parseType
FNDA:77,parseLiteralValue
FNDA:45,parseNumericValue
FNDA:7175,current
FNDA:2069,check
FNDA:77,match
FNDA:1874,advance
FNDA:1366,consume
FNDA:151,peekAhead
FNDA:4378,isAtEnd
FNDA:33,error
DA:1,1
DA:42,1
DA:43,1
DA:44,1
DA:45,1
DA:46,1
DA:47,1
DA:49,1
DA:50,1
DA:51,125
DA:52,125
DA:53,125
DA:54,125
DA:56,1
DA:58,125
DA:59,125
DA:62,125
DA:63,0
DA:64,0
DA:65,0
DA:66,0
DA:67,125
DA:72,1
DA:73,141
DA:74,141
DA:75,0
DA:76,0
DA:77,141
DA:79,1
DA:80,141
DA:81,141
DA:86,1
DA:87,314
DA:88,314
DA:89,0
DA:90,0
DA:91,0
DA:92,0
DA:93,314
DA:95,1
DA:96,125
DA:98,125
DA:99,316
DA:100,316
DA:101,310
DA:102,310
DA:103,316
DA:105,119
DA:106,125
DA:108,1
DA:109,316
DA:111,316
DA:112,316
DA:113,88
DA:114,316
DA:115,85
DA:116,316
DA:117,142
DA:118,316
DA:119,0
DA:120,316
DA:121,0
DA:122,316
DA:123,1
DA:124,316
DA:125,316
DA:128,1
DA:129,88
DA:130,88
DA:131,88
DA:133,88
DA:134,88
DA:135,87
DA:136,87
DA:137,87
DA:139,88
DA:140,88
DA:141,88
DA:142,88
DA:143,88
DA:144,88
DA:147,1
DA:148,85
DA:149,85
DA:150,85
DA:152,85
DA:153,85
DA:154,85
DA:155,85
DA:156,85
DA:159,1
DA:160,142
DA:161,142
DA:163,142
DA:165,142
DA:166,142
DA:167,78
DA:168,142
DA:169,39
DA:170,142
DA:171,24
DA:172,142
DA:173,0
DA:174,142
DA:175,142
DA:178,1
DA:179,78
DA:180,78
DA:181,78
DA:182,78
DA:183,78
DA:184,78
DA:186,78
DA:188,78
DA:189,78
DA:190,78
DA:191,78
DA:192,78
DA:193,78
DA:194,78
DA:195,78
DA:196,78
DA:197,78
DA:200,1
DA:201,39
DA:202,39
DA:203,39
DA:204,39
DA:205,39
DA:206,39
DA:208,39
DA:210,39
DA:211,39
DA:212,39
DA:213,39
DA:214,39
DA:215,39
DA:216,39
DA:217,39
DA:218,39
DA:219,39
DA:222,1
DA:223,24
DA:224,24
DA:225,24
DA:226,24
DA:227,24
DA:228,24
DA:230,24
DA:232,24
DA:233,24
DA:234,24
DA:235,24
DA:236,24
DA:237,24
DA:238,24
DA:239,24
DA:240,24
DA:241,24
DA:244,1
DA:245,0
DA:248,0
DA:250,0
DA:251,0
DA:252,0
DA:253,0
DA:254,0
DA:256,0
DA:257,0
DA:258,0
DA:259,0
DA:260,0
DA:261,0
DA:262,0
DA:263,0
DA:266,1
DA:267,0
DA:268,0
DA:269,0
DA:272,0
DA:273,0
DA:274,0
DA:275,0
DA:277,0
DA:278,0
DA:279,0
DA:280,0
DA:281,0
DA:282,0
DA:285,1
DA:287,77
DA:288,0
DA:289,0
DA:290,0
DA:291,0
DA:292,0
DA:293,0
DA:294,0
DA:296,77
DA:299,77
DA:300,0
DA:301,0
DA:302,0
DA:304,0
DA:305,0
DA:306,0
DA:307,0
DA:308,0
DA:309,0
DA:311,77
DA:312,77
DA:314,1
DA:316,77
DA:317,77
DA:318,5
DA:319,5
DA:320,5
DA:321,5
DA:322,5
DA:324,5
DA:325,5
DA:326,5
DA:327,5
DA:328,5
DA:329,5
DA:330,5
DA:334,72
DA:335,72
DA:338,72
DA:339,72
DA:340,72
DA:341,72
DA:342,72
DA:343,72
DA:345,72
DA:346,72
DA:347,72
DA:348,72
DA:349,72
DA:350,72
DA:351,72
DA:352,72
DA:354,27
DA:357,27
DA:358,27
DA:360,27
DA:361,27
DA:362,27
DA:363,27
DA:364,27
DA:365,27
DA:367,0
DA:368,77
DA:370,1
DA:371,77
DA:372,77
DA:374,77
DA:375,77
DA:376,26
DA:377,77
DA:378,8
DA:379,77
DA:380,8
DA:381,77
DA:382,5
DA:383,77
DA:384,24
DA:385,77
DA:386,6
DA:387,77
DA:388,0
DA:389,77
DA:390,77
DA:393,1
DA:395,38
DA:396,38
DA:397,2
DA:398,2
DA:399,2
DA:401,2
DA:402,2
DA:403,2
DA:404,2
DA:405,2
DA:408,36
DA:409,38
DA:410,7
DA:411,7
DA:412,7
DA:413,7
DA:415,7
DA:416,7
DA:419,29
DA:420,29
DA:421,29
DA:422,29
DA:424,29
DA:425,29
DA:426,29
DA:427,29
DA:428,29
DA:429,29
DA:431,0
DA:432,38
DA:434,1
DA:435,101
DA:436,101
DA:437,101
DA:438,101
DA:439,29
DA:440,29
DA:442,101
DA:443,101
DA:444,26
DA:445,101
DA:446,7
DA:447,101
DA:448,7
DA:449,101
DA:450,6
DA:451,101
DA:452,28
DA:453,101
DA:454,27
DA:455,101
DA:456,101
DA:458,1
DA:459,7
DA:460,7
DA:461,3
DA:462,7
DA:463,2
DA:464,7
DA:465,2
DA:466,7
DA:467,0
DA:468,7
DA:469,7
DA:471,1
DA:472,23
DA:473,23
DA:475,23
DA:476,23
DA:477,22
DA:478,22
DA:480,1
DA:481,23
DA:483,1
DA:484,87
DA:487,87
DA:488,87
DA:489,87
DA:490,87
DA:491,87
DA:493,87
DA:494,87
DA:496,1
DA:497,77
DA:498,77
DA:500,77
DA:501,77
DA:502,75
DA:503,77
DA:504,1
DA:505,77
DA:506,1
DA:507,77
DA:508,0
DA:509,77
DA:510,77
DA:515,1
DA:516,45
DA:519,45
DA:520,2
DA:521,2
DA:522,2
DA:524,45
DA:525,45
DA:526,45
DA:529,1
DA:530,7175
DA:531,0
DA:532,0
DA:533,0
DA:534,0
DA:535,0
DA:536,0
DA:537,7175
DA:538,7175
DA:540,1
DA:541,2069
DA:542,2048
DA:543,2069
DA:545,1
DA:546,77
DA:547,77
DA:548,0
DA:549,0
DA:550,77
DA:551,77
DA:552,77
DA:554,1
DA:555,1874
DA:556,1874
DA:557,1874
DA:558,1874
DA:559,1874
DA:560,0
DA:561,0
DA:562,1874
DA:563,1874
DA:565,1
DA:566,1366
DA:567,1362
DA:568,1362
DA:569,4
DA:570,1366
DA:572,1
DA:573,151
DA:574,151
DA:575,151
DA:576,151
DA:578,1
DA:579,4378
DA:580,4378
DA:582,1
DA:583,33
DA:584,33
DA:585,33
DA:586,1
LF:430
LH:358
BRDA:50,0,0,125
BRDA:56,1,0,125
BRDA:62,2,0,0
BRDA:58,3,0,2204
BRDA:72,4,0,141
BRDA:74,5,0,0
BRDA:79,6,0,141
BRDA:86,7,0,314
BRDA:88,8,0,0
BRDA:95,9,0,125
BRDA:98,10,0,316
BRDA:100,11,0,310
BRDA:103,12,0,119
BRDA:108,13,0,316
BRDA:112,14,0,88
BRDA:114,15,0,85
BRDA:116,16,0,142
BRDA:118,17,0,0
BRDA:120,18,0,0
BRDA:122,19,0,1
BRDA:128,20,0,88
BRDA:134,21,0,87
BRDA:147,22,0,85
BRDA:159,23,0,142
BRDA:166,24,0,78
BRDA:168,25,0,39
BRDA:170,26,0,24
BRDA:172,27,0,0
BRDA:178,28,0,78
BRDA:200,29,0,39
BRDA:222,30,0,24
BRDA:285,31,0,77
BRDA:287,32,0,0
BRDA:299,33,0,0
BRDA:314,34,0,77
BRDA:317,35,0,5
BRDA:330,36,0,72
BRDA:352,37,0,27
BRDA:365,38,0,0
BRDA:370,39,0,77
BRDA:375,40,0,26
BRDA:377,41,0,8
BRDA:379,42,0,8
BRDA:381,43,0,5
BRDA:383,44,0,24
BRDA:385,45,0,6
BRDA:387,46,0,0
BRDA:393,47,0,38
BRDA:396,48,0,2
BRDA:405,49,0,36
BRDA:409,50,0,36
BRDA:409,51,0,7
BRDA:416,52,0,29
BRDA:429,53,0,0
BRDA:434,54,0,101
BRDA:438,55,0,29
BRDA:443,56,0,26
BRDA:445,57,0,7
BRDA:447,58,0,7
BRDA:449,59,0,6
BRDA:451,60,0,28
BRDA:453,61,0,27
BRDA:458,62,0,7
BRDA:460,63,0,3
BRDA:462,64,0,2
BRDA:464,65,0,2
BRDA:466,66,0,0
BRDA:471,67,0,23
BRDA:476,68,0,22
BRDA:478,69,0,1
BRDA:483,70,0,87
BRDA:496,71,0,77
BRDA:501,72,0,75
BRDA:503,73,0,1
BRDA:505,74,0,1
BRDA:507,75,0,0
BRDA:515,76,0,45
BRDA:519,77,0,2
BRDA:529,78,0,7175
BRDA:530,79,0,0
BRDA:540,80,0,2069
BRDA:541,81,0,21
BRDA:541,82,0,2048
BRDA:545,83,0,77
BRDA:547,84,0,0
BRDA:554,85,0,1874
BRDA:559,86,0,0
BRDA:565,87,0,1366
BRDA:566,88,0,1362
BRDA:568,89,0,4
BRDA:572,90,0,151
BRDA:574,91,0,0
BRDA:578,92,0,4378
BRDA:582,93,0,33
BRF:94
BRH:77
end_of_record
TN:
SF:src/solvers/kernel.ts
FN:8,<instance_members_initializer>
FN:15,SolverKernel
FN:24,setSizeHint
FN:31,estimateInputSize
FN:73,selectStrategy
FN:128,generateCode
FN:175,compile
FN:240,getGeneratedCode
FN:250,getStrategyReport
FNF:9
FNH:9
FNDA:23,<instance_members_initializer>
FNDA:23,SolverKernel
FNDA:2,setSizeHint
FNDA:58,estimateInputSize
FNDA:38,selectStrategy
FNDA:20,generateCode
FNDA:20,compile
FNDA:2,getGeneratedCode
FNDA:2,getStrategyReport
DA:1,1
DA:7,1
DA:8,1
DA:9,23
DA:10,23
DA:11,23
DA:12,23
DA:13,23
DA:15,1
DA:16,23
DA:17,23
DA:18,23
DA:19,23
DA:24,1
DA:25,2
DA:26,2
DA:31,1
DA:33,58
DA:34,3
DA:35,3
DA:38,58
DA:39,35
DA:40,35
DA:43,20
DA:44,58
DA:46,20
DA:47,58
DA:49,20
DA:52,20
DA:53,58
DA:54,6
DA:55,58
DA:56,8
DA:57,58
DA:58,1
DA:59,58
DA:60,1
DA:61,58
DA:62,0
DA:63,58
DA:64,2
DA:65,58
DA:66,2
DA:67,58
DA:68,58
DA:73,1
DA:74,38
DA:75,38
DA:76,38
DA:77,38
DA:78,38
DA:81,38
DA:83,38
DA:84,0
DA:85,0
DA:88,38
DA:91,38
DA:94,38
DA:95,38
DA:96,0
DA:97,0
DA:99,38
DA:101,38
DA:103,32
DA:104,64
DA:105,64
DA:106,64
DA:107,32
DA:109,32
DA:110,32
DA:111,32
DA:112,38
DA:114,2
DA:115,2
DA:116,6
DA:118,4
DA:119,4
DA:121,38
DA:122,38
DA:123,38
DA:128,1
DA:131,20
DA:132,20
DA:133,20
DA:134,20
DA:135,20
DA:136,20
DA:139,20
DA:142,20
DA:143,38
DA:144,38
DA:147,38
DA:150,38
DA:153,38
DA:154,38
DA:155,38
DA:156,38
DA:159,20
DA:160,20
DA:161,19
DA:162,20
DA:163,1
DA:164,1
DA:165,1
DA:166,20
DA:168,20
DA:169,20
DA:170,20
DA:175,1
DA:177,20
DA:180,20
DA:181,20
DA:182,20
DA:183,20
DA:184,20
DA:185,20
DA:188,20
DA:189,20
DA:190,20
DA:191,20
DA:192,20
DA:193,20
DA:196,20
DA:215,20
DA:218,20
DA:219,20
DA:220,20
DA:221,20
DA:224,20
DA:225,20
DA:226,20
DA:227,20
DA:230,20
DA:231,1
DA:232,1
DA:234,20
DA:235,20
DA:240,1
DA:241,2
DA:242,1
DA:243,1
DA:244,1
DA:245,2
DA:250,1
DA:251,2
DA:252,1
DA:253,1
DA:255,1
DA:258,1
DA:259,2
DA:260,2
DA:261,2
DA:262,2
DA:263,2
DA:265,2
DA:266,2
DA:268,2
DA:269,2
DA:270,2
DA:271,2
DA:272,2
DA:274,2
DA:275,2
DA:276,2
DA:277,2
DA:279,2
DA:280,2
DA:281,2
DA:282,2
DA:283,2
DA:284,2
DA:285,2
DA:286,2
DA:288,1
DA:289,2
DA:290,1
LF:176
LH:171
BRDA:8,0,0,23
BRDA:15,1,0,23
BRDA:24,2,0,2
BRDA:31,3,0,58
BRDA:33,4,0,3
BRDA:35,5,0,55
BRDA:38,6,0,35
BRDA:40,7,0,20
BRDA:44,8,0,0
BRDA:44,9,0,20
BRDA:47,10,0,0
BRDA:47,11,0,20
BRDA:53,12,0,6
BRDA:55,13,0,8
BRDA:57,14,0,1
BRDA:59,15,0,1
BRDA:61,16,0,0
BRDA:63,17,0,2
BRDA:65,18,0,2
BRDA:73,19,0,38
BRDA:83,20,0,0
BRDA:95,21,0,0
BRDA:101,22,0,32
BRDA:112,23,0,6
BRDA:112,24,0,2
BRDA:115,25,0,0
BRDA:116,26,0,4
BRDA:81,27,0,76
BRDA:103,28,0,64
BRDA:109,29,0,32
BRDA:110,30,0,0
BRDA:114,31,0,4
BRDA:128,32,0,20
BRDA:142,33,0,38
BRDA:144,34,0,0
BRDA:160,35,0,19
BRDA:162,36,0,1
BRDA:175,37,0,20
BRDA:230,38,0,1
BRDA:181,39,0,38
BRDA:184,40,0,21
BRDA:185,41,0,21
BRDA:191,42,0,137
BRDA:240,43,0,2
BRDA:241,44,0,1
BRDA:250,45,0,2
BRDA:251,46,0,1
BRDA:265,47,0,0
BRDA:272,48,0,1
BRDA:275,49,0,0
BRDA:277,50,0,0
BRDA:286,51,0,1
BRF:52
BRH:41
end_of_record
TN:
SF:src/solvers/profiler.ts
FN:14,<instance_members_initializer>
FN:17,PerformanceProfiler
FN:25,loadProfiles
FN:47,saveProfiles
FN:60,recordExecution
FN:89,getCostEstimate
FN:113,bucketSize
FN:123,findSimilarProfile
FN:145,defaultCostEstimate
FN:163,getReport
FN:205,makeKey
FN:216,getProfiler
FNF:12
FNH:12
FNDA:15,<instance_members_initializer>
FNDA:15,PerformanceProfiler
FNDA:15,loadProfiles
FNDA:2,saveProfiles
FNDA:7,recordExecution
FNDA:72,getCostEstimate
FNDA:121,bucketSize
FNDA:69,findSimilarProfile
FNDA:68,defaultCostEstimate
FNDA:2,getReport
FNDA:80,makeKey
FNDA:25,getProfiler
DA:1,1
DA:13,1
DA:14,1
DA:15,15
DA:17,1
DA:18,15
DA:19,15
DA:20,15
DA:25,1
DA:26,15
DA:27,11
DA:28,11
DA:30,4
DA:31,4
DA:32,4
DA:34,15
DA:35,1
DA:36,1
DA:37,1
DA:38,15
DA:40,1
DA:41,1
DA:42,15
DA:47,1
DA:48,2
DA:49,2
DA:50,2
DA:51,2
DA:53,0
DA:54,0
DA:55,2
DA:60,1
DA:61,7
DA:62,7
DA:63,7
DA:64,7
DA:65,7
DA:66,7
DA:67,7
DA:69,7
DA:70,7
DA:72,1
DA:73,1
DA:74,1
DA:75,7
DA:76,6
DA:77,6
DA:78,6
DA:79,6
DA:80,6
DA:81,6
DA:82,6
DA:83,6
DA:84,7
DA:89,1
DA:90,72
DA:91,72
DA:93,72
DA:94,72
DA:95,3
DA:96,3
DA:99,69
DA:100,72
DA:102,1
DA:103,1
DA:104,1
DA:107,68
DA:108,72
DA:113,1
DA:114,121
DA:115,121
DA:116,121
DA:117,82
DA:118,121
DA:123,1
DA:124,69
DA:125,69
DA:126,69
DA:127,69
DA:128,69
DA:129,69
DA:130,69
DA:132,69
DA:135,1
DA:136,0
DA:137,0
DA:138,0
DA:139,1
DA:140,69
DA:145,1
DA:146,68
DA:147,68
DA:148,68
DA:149,68
DA:150,68
DA:151,68
DA:152,68
DA:153,68
DA:154,68
DA:155,68
DA:157,68
DA:158,68
DA:163,1
DA:164,2
DA:165,1
DA:166,1
DA:168,1
DA:171,1
DA:172,2
DA:173,2
DA:174,2
DA:175,2
DA:176,2
DA:177,2
DA:179,2
DA:180,2
DA:182,2
DA:183,0
DA:184,0
DA:185,0
DA:186,0
DA:187,2
DA:189,2
DA:190,2
DA:191,2
DA:192,2
DA:193,2
DA:194,2
DA:195,2
DA:196,2
DA:197,2
DA:199,1
DA:200,2
DA:205,1
DA:206,80
DA:207,80
DA:208,1
DA:211,1
DA:216,1
DA:217,25
DA:218,2
DA:219,2
DA:220,25
DA:221,25
LF:144
LH:135
BRDA:14,0,0,15
BRDA:17,1,0,15
BRDA:25,2,0,15
BRDA:26,3,0,11
BRDA:28,4,0,4
BRDA:34,5,0,1
BRDA:37,6,0,3
BRDA:38,7,0,1
BRDA:47,8,0,2
BRDA:51,9,0,0
BRDA:60,10,0,7
BRDA:70,11,0,1
BRDA:75,12,0,6
BRDA:89,13,0,72
BRDA:94,14,0,3
BRDA:96,15,0,69
BRDA:100,16,0,1
BRDA:104,17,0,68
BRDA:113,18,0,121
BRDA:114,19,0,7
BRDA:114,20,0,114
BRDA:115,21,0,1
BRDA:115,22,0,113
BRDA:116,23,0,31
BRDA:116,24,0,82
BRDA:123,25,0,69
BRDA:132,26,0,68
BRDA:132,27,0,1
BRDA:129,28,0,1
BRDA:145,29,0,68
BRDA:157,30,0,35
BRDA:163,31,0,2
BRDA:164,32,0,1
BRDA:177,33,0,1
BRDA:197,34,0,1
BRDA:205,35,0,80
BRDA:216,36,0,25
BRDA:217,37,0,2
BRF:38
BRH:37
end_of_record
TN:
SF:src/solvers/strategies.ts
FN:14,getParam
FN:28,generateInputCode
FN:36,generateConstantCode
FN:44,generateFlattenCodeNaive
FN:84,generateFlattenCodeOptimized
FN:93,generateDistinctCodeNaive
FN:124,generateDistinctCodeOptimized
FN:150,generateAssertCode
FN:184,canHandle
FN:201,generateCode
FN:321,getCostEstimate
FN:344,canHandle
FN:361,generateCode
FN:454,getCostEstimate
FN:477,canHandle
FN:481,generateCode
FN:485,getCostEstimate
FNF:17
FNH:16
FNDA:69,getParam
FNDA:20,generateInputCode
FNDA:0,generateConstantCode
FNDA:1,generateFlattenCodeNaive
FNDA:2,generateFlattenCodeOptimized
FNDA:1,generateDistinctCodeNaive
FNDA:2,generateDistinctCodeOptimized
FNDA:1,generateAssertCode
FNDA:53,canHandle
FNDA:14,generateCode
FNDA:2,getCostEstimate
FNDA:50,canHandle
FNDA:43,generateCode
FNDA:1,getCostEstimate
FNDA:2,canHandle
FNDA:1,generateCode
FNDA:2,getCostEstimate
DA:1,1
DA:14,69
DA:15,69
DA:16,8
DA:17,8
DA:18,61
DA:19,61
DA:24,1
DA:28,1
DA:29,20
DA:30,20
DA:31,20
DA:36,1
DA:37,0
DA:38,0
DA:39,0
DA:44,1
DA:45,1
DA:46,1
DA:48,1
DA:50,0
DA:51,0
DA:54,0
DA:55,0
DA:56,0
DA:57,0
DA:58,0
DA:59,0
DA:61,0
DA:64,0
DA:65,0
DA:66,0
DA:67,0
DA:69,0
DA:70,0
DA:73,1
DA:74,1
DA:76,1
DA:79,1
DA:84,1
DA:85,2
DA:86,2
DA:87,2
DA:88,2
DA:93,1
DA:94,1
DA:95,1
DA:97,1
DA:98,0
DA:99,0
DA:100,0
DA:102,0
DA:103,0
DA:106,0
DA:109,0
DA:111,1
DA:113,1
DA:116,1
DA:119,1
DA:124,1
DA:125,2
DA:126,2
DA:128,2
DA:130,0
DA:131,0
DA:132,0
DA:134,0
DA:135,0
DA:138,0
DA:141,0
DA:144,2
DA:145,2
DA:150,1
DA:151,1
DA:152,1
DA:153,1
DA:154,1
DA:156,1
DA:157,1
DA:159,1
DA:160,1
DA:161,1
DA:163,1
DA:178,1
DA:180,1
DA:184,1
DA:185,53
DA:186,53
DA:187,53
DA:188,53
DA:189,53
DA:190,53
DA:191,53
DA:192,53
DA:193,53
DA:194,53
DA:195,53
DA:196,53
DA:197,53
DA:198,53
DA:199,53
DA:201,1
DA:202,14
DA:203,14
DA:204,2
DA:205,2
DA:206,2
DA:208,14
DA:209,1
DA:210,1
DA:211,1
DA:213,14
DA:214,1
DA:215,1
DA:216,1
DA:218,1
DA:219,1
DA:220,1
DA:221,1
DA:224,1
DA:226,14
DA:227,2
DA:228,2
DA:229,2
DA:231,2
DA:232,2
DA:233,2
DA:235,2
DA:237,14
DA:238,2
DA:239,2
DA:240,2
DA:241,2
DA:243,2
DA:244,1
DA:245,1
DA:246,1
DA:248,1
DA:249,1
DA:250,1
DA:252,1
DA:254,1
DA:255,2
DA:257,14
DA:258,1
DA:259,1
DA:260,1
DA:262,1
DA:263,0
DA:264,0
DA:265,0
DA:266,0
DA:267,0
DA:268,1
DA:269,1
DA:270,0
DA:271,1
DA:272,1
DA:273,1
DA:275,14
DA:276,1
DA:277,1
DA:278,1
DA:280,1
DA:281,1
DA:282,1
DA:283,1
DA:284,1
DA:286,1
DA:288,1
DA:290,14
DA:291,1
DA:292,1
DA:293,1
DA:294,1
DA:295,1
DA:297,1
DA:298,1
DA:299,1
DA:300,1
DA:301,1
DA:305,1
DA:307,14
DA:308,1
DA:310,14
DA:311,1
DA:313,14
DA:314,1
DA:316,14
DA:317,0
DA:318,14
DA:319,14
DA:321,1
DA:322,2
DA:324,2
DA:327,2
DA:328,1
DA:329,1
DA:332,0
DA:333,0
DA:334,0
DA:336,0
DA:337,2
DA:338,1
DA:340,1
DA:344,1
DA:345,50
DA:346,50
DA:347,50
DA:348,50
DA:349,50
DA:350,50
DA:351,50
DA:352,50
DA:353,50
DA:354,50
DA:355,50
DA:356,50
DA:357,50
DA:358,50
DA:359,50
DA:361,1
DA:362,43
DA:363,43
DA:364,20
DA:366,43
DA:367,0
DA:369,43
DA:370,5
DA:371,5
DA:372,5
DA:374,5
DA:375,5
DA:377,43
DA:378,7
DA:379,7
DA:380,7
DA:382,7
DA:383,7
DA:385,43
DA:386,4
DA:387,4
DA:388,4
DA:389,4
DA:391,4
DA:392,3
DA:393,3
DA:394,1
DA:395,1
DA:396,4
DA:398,43
DA:399,1
DA:400,1
DA:401,1
DA:403,1
DA:404,0
DA:405,0
DA:406,0
DA:407,0
DA:408,0
DA:409,1
DA:410,1
DA:411,0
DA:412,1
DA:413,1
DA:414,1
DA:416,43
DA:417,0
DA:418,0
DA:419,0
DA:422,0
DA:423,0
DA:428,0
DA:430,43
DA:431,2
DA:432,2
DA:433,2
DA:434,2
DA:435,2
DA:437,2
DA:438,2
DA:440,43
DA:441,2
DA:443,43
DA:444,2
DA:446,43
DA:447,0
DA:449,43
DA:450,0
DA:451,43
DA:452,43
DA:454,1
DA:455,1
DA:457,1
DA:460,1
DA:461,1
DA:462,1
DA:465,0
DA:466,0
DA:467,0
DA:469,0
DA:470,1
DA:471,1
DA:473,1
DA:477,1
DA:478,2
DA:479,2
DA:481,1
DA:482,1
DA:483,1
DA:485,1
DA:486,2
DA:487,2
DA:488,2
DA:489,1
LF:315
LH:253
BRDA:14,0,0,69
BRDA:15,1,0,8
BRDA:17,2,0,61
BRDA:28,3,0,20
BRDA:44,4,0,1
BRDA:46,5,0,0
BRDA:48,6,0,0
BRDA:84,7,0,2
BRDA:86,8,0,0
BRDA:93,9,0,1
BRDA:97,10,0,0
BRDA:124,11,0,2
BRDA:128,12,0,0
BRDA:150,13,0,1
BRDA:154,14,0,0
BRDA:184,15,0,53
BRDA:201,16,0,14
BRDA:203,17,0,2
BRDA:208,18,0,1
BRDA:213,19,0,1
BRDA:226,20,0,2
BRDA:237,21,0,2
BRDA:243,22,0,1
BRDA:257,23,0,1
BRDA:262,24,0,0
BRDA:269,25,0,0
BRDA:275,26,0,1
BRDA:290,27,0,1
BRDA:307,28,0,1
BRDA:310,29,0,1
BRDA:313,30,0,1
BRDA:316,31,0,0
BRDA:321,32,0,2
BRDA:322,33,0,1
BRDA:324,34,0,0
BRDA:327,35,0,1
BRDA:329,36,0,0
BRDA:344,37,0,50
BRDA:361,38,0,43
BRDA:363,39,0,20
BRDA:366,40,0,0
BRDA:369,41,0,5
BRDA:377,42,0,7
BRDA:385,43,0,4
BRDA:391,44,0,3
BRDA:393,45,0,1
BRDA:398,46,0,1
BRDA:403,47,0,0
BRDA:410,48,0,0
BRDA:416,49,0,0
BRDA:430,50,0,2
BRDA:440,51,0,2
BRDA:443,52,0,2
BRDA:446,53,0,0
BRDA:449,54,0,0
BRDA:454,55,0,1
BRDA:455,56,0,0
BRDA:457,57,0,0
BRDA:462,58,0,0
BRDA:477,59,0,2
BRDA:481,60,0,1
BRDA:485,61,0,2
BRDA:487,62,0,1
BRDA:487,63,0,1
BRF:64
BRH:44
end_of_record
TN:
SF:src/tests/test-helpers.ts
FN:11,createDefaultCapability
FN:24,createSimpleProgram
FN:58,createLargeProgram
FN:90,createEmptyProgram
FNF:4
FNH:4
FNDA:396,createDefaultCapability
FNDA:53,createSimpleProgram
FNDA:6,createLargeProgram
FNDA:1,createEmptyProgram
DA:1,1
DA:11,396
DA:12,396
DA:13,396
DA:14,396
DA:15,396
DA:16,396
DA:17,396
DA:18,396
DA:19,396
DA:24,1
DA:25,53
DA:26,53
DA:27,53
DA:28,53
DA:29,53
DA:30,53
DA:31,53
DA:33,53
DA:34,53
DA:35,53
DA:36,53
DA:37,53
DA:38,53
DA:39,53
DA:41,53
DA:42,53
DA:43,53
DA:44,53
DA:45,53
DA:46,53
DA:49,53
DA:50,53
DA:52,53
DA:53,53
DA:58,1
DA:59,6
DA:61,6
DA:62,290
DA:63,290
DA:64,290
DA:65,290
DA:66,290
DA:67,290
DA:68,290
DA:69,290
DA:70,290
DA:72,6
DA:73,6
DA:74,6
DA:75,6
DA:76,6
DA:77,6
DA:80,6
DA:81,290
DA:82,290
DA:84,6
DA:85,6
DA:90,1
DA:91,1
DA:92,1
DA:93,1
DA:94,1
DA:95,1
DA:96,1
DA:97,1
LF:66
LH:66
BRDA:11,0,0,396
BRDA:24,1,0,53
BRDA:58,2,0,6
BRDA:61,3,0,290
BRDA:65,4,0,284
BRDA:65,5,0,6
BRDA:80,6,0,290
BRDA:90,7,0,1
BRF:8
BRH:8
end_of_record
